/hpc/group/coganlab/bl314/miniconda3/envs/ieeg/lib/python3.10/site-packages/ieeg/io.py:113: RuntimeWarning: The number of channels in the channels.tsv sidecar file (228) does not match the number of channels in the raw data file (247). Will not try to set channel names.
  new_raw = read_raw_bids(bids_path=BIDS_path, verbose=verbose)
/hpc/group/coganlab/bl314/miniconda3/envs/ieeg/lib/python3.10/site-packages/ieeg/io.py:113: RuntimeWarning: DigMontage is only a subset of info. There are 19 channel positions not present in the DigMontage. The channels missing from the montage are:

['T5', 'T6', 'FZ', 'CZ', 'PZ', 'FP1', 'FP2', 'F3', 'F4', 'C3', 'C4', 'P3', 'P4', 'O1', '02', 'F7', 'F8', 'T3', 'T4'].

Consider using inst.rename_channels to match the montage nomenclature, or inst.set_channel_types if these are not EEG channels, or use the on_missing parameter if the channel positions are allowed to be unknown in your analyses.
  new_raw = read_raw_bids(bids_path=BIDS_path, verbose=verbose)
/hpc/group/coganlab/bl314/miniconda3/envs/ieeg/lib/python3.10/site-packages/ieeg/io.py:113: RuntimeWarning: The number of channels in the channels.tsv sidecar file (228) does not match the number of channels in the raw data file (247). Will not try to set channel names.
  new_raw = read_raw_bids(bids_path=BIDS_path, verbose=verbose)
/hpc/group/coganlab/bl314/miniconda3/envs/ieeg/lib/python3.10/site-packages/ieeg/io.py:113: RuntimeWarning: DigMontage is only a subset of info. There are 19 channel positions not present in the DigMontage. The channels missing from the montage are:

['T5', 'T6', 'FZ', 'CZ', 'PZ', 'FP1', 'FP2', 'F3', 'F4', 'C3', 'C4', 'P3', 'P4', 'O1', '02', 'F7', 'F8', 'T3', 'T4'].

Consider using inst.rename_channels to match the montage nomenclature, or inst.set_channel_types if these are not EEG channels, or use the on_missing parameter if the channel positions are allowed to be unknown in your analyses.
  new_raw = read_raw_bids(bids_path=BIDS_path, verbose=verbose)
/hpc/group/coganlab/bl314/miniconda3/envs/ieeg/lib/python3.10/site-packages/ieeg/io.py:113: RuntimeWarning: The number of channels in the channels.tsv sidecar file (228) does not match the number of channels in the raw data file (247). Will not try to set channel names.
  new_raw = read_raw_bids(bids_path=BIDS_path, verbose=verbose)
/hpc/group/coganlab/bl314/miniconda3/envs/ieeg/lib/python3.10/site-packages/ieeg/io.py:113: RuntimeWarning: DigMontage is only a subset of info. There are 19 channel positions not present in the DigMontage. The channels missing from the montage are:

['T5', 'T6', 'FZ', 'CZ', 'PZ', 'FP1', 'FP2', 'F3', 'F4', 'C3', 'C4', 'P3', 'P4', 'O1', '02', 'F7', 'F8', 'T3', 'T4'].

Consider using inst.rename_channels to match the montage nomenclature, or inst.set_channel_types if these are not EEG channels, or use the on_missing parameter if the channel positions are allowed to be unknown in your analyses.
  new_raw = read_raw_bids(bids_path=BIDS_path, verbose=verbose)
/hpc/group/coganlab/bl314/miniconda3/envs/ieeg/lib/python3.10/site-packages/ieeg/io.py:113: RuntimeWarning: Omitted 2 annotation(s) that were outside data range.
  new_raw = read_raw_bids(bids_path=BIDS_path, verbose=verbose)
/hpc/group/coganlab/bl314/miniconda3/envs/ieeg/lib/python3.10/site-packages/ieeg/io.py:113: RuntimeWarning: Limited 1 annotation(s) that were expanding outside the data range.
  new_raw = read_raw_bids(bids_path=BIDS_path, verbose=verbose)
/hpc/group/coganlab/bl314/miniconda3/envs/ieeg/lib/python3.10/site-packages/ieeg/io.py:113: RuntimeWarning: The number of channels in the channels.tsv sidecar file (228) does not match the number of channels in the raw data file (247). Will not try to set channel names.
  new_raw = read_raw_bids(bids_path=BIDS_path, verbose=verbose)
/hpc/group/coganlab/bl314/miniconda3/envs/ieeg/lib/python3.10/site-packages/ieeg/io.py:113: RuntimeWarning: DigMontage is only a subset of info. There are 19 channel positions not present in the DigMontage. The channels missing from the montage are:

['T5', 'T6', 'FZ', 'CZ', 'PZ', 'FP1', 'FP2', 'F3', 'F4', 'C3', 'C4', 'P3', 'P4', 'O1', '02', 'F7', 'F8', 'T3', 'T4'].

Consider using inst.rename_channels to match the montage nomenclature, or inst.set_channel_types if these are not EEG channels, or use the on_missing parameter if the channel positions are allowed to be unknown in your analyses.
  new_raw = read_raw_bids(bids_path=BIDS_path, verbose=verbose)
[Parallel(n_jobs=-1)]: Using backend LokyBackend with 20 concurrent workers.
[Parallel(n_jobs=-1)]: Done   1 tasks      | elapsed:   16.7s
[Parallel(n_jobs=-1)]: Done   2 tasks      | elapsed:   17.0s
[Parallel(n_jobs=-1)]: Done   3 tasks      | elapsed:   17.2s
[Parallel(n_jobs=-1)]: Done   4 tasks      | elapsed:   17.4s
[Parallel(n_jobs=-1)]: Done   5 tasks      | elapsed:   17.5s
[Parallel(n_jobs=-1)]: Done   6 tasks      | elapsed:   17.7s
[Parallel(n_jobs=-1)]: Done   7 tasks      | elapsed:   17.9s
[Parallel(n_jobs=-1)]: Done   8 tasks      | elapsed:   20.0s
[Parallel(n_jobs=-1)]: Done   9 tasks      | elapsed:   20.6s
[Parallel(n_jobs=-1)]: Done  10 tasks      | elapsed:   21.2s
[Parallel(n_jobs=-1)]: Done  11 tasks      | elapsed:   21.4s
[Parallel(n_jobs=-1)]: Done  12 tasks      | elapsed:   21.6s
[Parallel(n_jobs=-1)]: Done  13 tasks      | elapsed:   23.5s
[Parallel(n_jobs=-1)]: Done  14 tasks      | elapsed:   24.2s
[Parallel(n_jobs=-1)]: Done  15 tasks      | elapsed:   24.5s
[Parallel(n_jobs=-1)]: Done  16 tasks      | elapsed:   27.1s
[Parallel(n_jobs=-1)]: Done  17 tasks      | elapsed:   29.0s
[Parallel(n_jobs=-1)]: Done  18 tasks      | elapsed:   29.4s
[Parallel(n_jobs=-1)]: Done  19 tasks      | elapsed:   29.7s
[Parallel(n_jobs=-1)]: Done  20 tasks      | elapsed:   30.2s
[Parallel(n_jobs=-1)]: Done  21 tasks      | elapsed:   30.4s
[Parallel(n_jobs=-1)]: Done  22 tasks      | elapsed:   30.9s
[Parallel(n_jobs=-1)]: Done  23 tasks      | elapsed:   31.8s
[Parallel(n_jobs=-1)]: Done  24 tasks      | elapsed:   32.3s
[Parallel(n_jobs=-1)]: Done  25 tasks      | elapsed:   34.8s
[Parallel(n_jobs=-1)]: Done  26 tasks      | elapsed:   35.7s
[Parallel(n_jobs=-1)]: Done  27 tasks      | elapsed:   36.0s
[Parallel(n_jobs=-1)]: Done  28 tasks      | elapsed:   37.6s
[Parallel(n_jobs=-1)]: Done  29 tasks      | elapsed:   39.1s
[Parallel(n_jobs=-1)]: Done  30 tasks      | elapsed:   40.9s
[Parallel(n_jobs=-1)]: Done  31 tasks      | elapsed:   41.2s
[Parallel(n_jobs=-1)]: Done  32 tasks      | elapsed:   41.4s
[Parallel(n_jobs=-1)]: Done  33 tasks      | elapsed:   41.6s
[Parallel(n_jobs=-1)]: Done  34 tasks      | elapsed:   43.2s
[Parallel(n_jobs=-1)]: Done  35 tasks      | elapsed:   43.8s
[Parallel(n_jobs=-1)]: Done  36 tasks      | elapsed:   44.1s
[Parallel(n_jobs=-1)]: Done  37 tasks      | elapsed:   44.8s
[Parallel(n_jobs=-1)]: Done  38 tasks      | elapsed:   45.6s
[Parallel(n_jobs=-1)]: Done  39 tasks      | elapsed:   46.3s
[Parallel(n_jobs=-1)]: Done  40 tasks      | elapsed:   47.0s
[Parallel(n_jobs=-1)]: Done  41 tasks      | elapsed:   47.3s
[Parallel(n_jobs=-1)]: Done  42 tasks      | elapsed:   49.7s
[Parallel(n_jobs=-1)]: Done  43 tasks      | elapsed:   50.4s
[Parallel(n_jobs=-1)]: Done  44 tasks      | elapsed:   53.3s
[Parallel(n_jobs=-1)]: Done  45 tasks      | elapsed:   53.6s
[Parallel(n_jobs=-1)]: Done  46 tasks      | elapsed:   56.4s
[Parallel(n_jobs=-1)]: Done  47 tasks      | elapsed:   56.7s
[Parallel(n_jobs=-1)]: Done  48 tasks      | elapsed:   57.0s
[Parallel(n_jobs=-1)]: Done  49 tasks      | elapsed:   57.7s
[Parallel(n_jobs=-1)]: Done  50 tasks      | elapsed:   58.8s
[Parallel(n_jobs=-1)]: Done  51 tasks      | elapsed:   59.2s
[Parallel(n_jobs=-1)]: Done  52 tasks      | elapsed:   59.4s
[Parallel(n_jobs=-1)]: Done  53 tasks      | elapsed:   59.9s
[Parallel(n_jobs=-1)]: Done  54 tasks      | elapsed:  1.0min
[Parallel(n_jobs=-1)]: Done  55 tasks      | elapsed:  1.0min
[Parallel(n_jobs=-1)]: Done  56 tasks      | elapsed:  1.1min
[Parallel(n_jobs=-1)]: Done  57 tasks      | elapsed:  1.1min
[Parallel(n_jobs=-1)]: Done  58 tasks      | elapsed:  1.1min
[Parallel(n_jobs=-1)]: Done  59 tasks      | elapsed:  1.1min
[Parallel(n_jobs=-1)]: Done  60 tasks      | elapsed:  1.1min
[Parallel(n_jobs=-1)]: Done  61 tasks      | elapsed:  1.2min
[Parallel(n_jobs=-1)]: Done  62 tasks      | elapsed:  1.2min
[Parallel(n_jobs=-1)]: Done  63 tasks      | elapsed:  1.2min
[Parallel(n_jobs=-1)]: Done  64 tasks      | elapsed:  1.2min
[Parallel(n_jobs=-1)]: Done  65 tasks      | elapsed:  1.2min
[Parallel(n_jobs=-1)]: Done  66 tasks      | elapsed:  1.2min
[Parallel(n_jobs=-1)]: Done  67 tasks      | elapsed:  1.2min
[Parallel(n_jobs=-1)]: Done  68 tasks      | elapsed:  1.3min
[Parallel(n_jobs=-1)]: Done  69 tasks      | elapsed:  1.3min
[Parallel(n_jobs=-1)]: Done  70 tasks      | elapsed:  1.3min
[Parallel(n_jobs=-1)]: Done  71 tasks      | elapsed:  1.3min
[Parallel(n_jobs=-1)]: Done  72 tasks      | elapsed:  1.3min
[Parallel(n_jobs=-1)]: Done  73 tasks      | elapsed:  1.3min
[Parallel(n_jobs=-1)]: Done  74 tasks      | elapsed:  1.3min
[Parallel(n_jobs=-1)]: Done  75 tasks      | elapsed:  1.3min
[Parallel(n_jobs=-1)]: Done  76 tasks      | elapsed:  1.3min
[Parallel(n_jobs=-1)]: Done  77 tasks      | elapsed:  1.4min
[Parallel(n_jobs=-1)]: Done  78 tasks      | elapsed:  1.4min
[Parallel(n_jobs=-1)]: Done  79 tasks      | elapsed:  1.4min
[Parallel(n_jobs=-1)]: Done  80 tasks      | elapsed:  1.4min
[Parallel(n_jobs=-1)]: Done  81 tasks      | elapsed:  1.4min
[Parallel(n_jobs=-1)]: Done  82 tasks      | elapsed:  1.5min
[Parallel(n_jobs=-1)]: Done  83 tasks      | elapsed:  1.5min
[Parallel(n_jobs=-1)]: Done  84 tasks      | elapsed:  1.5min
[Parallel(n_jobs=-1)]: Done  85 tasks      | elapsed:  1.5min
[Parallel(n_jobs=-1)]: Done  86 tasks      | elapsed:  1.5min
[Parallel(n_jobs=-1)]: Done  87 tasks      | elapsed:  1.6min
[Parallel(n_jobs=-1)]: Done  88 tasks      | elapsed:  1.6min
[Parallel(n_jobs=-1)]: Done  89 tasks      | elapsed:  1.6min
[Parallel(n_jobs=-1)]: Done  90 tasks      | elapsed:  1.6min
[Parallel(n_jobs=-1)]: Done  91 tasks      | elapsed:  1.6min
[Parallel(n_jobs=-1)]: Done  92 tasks      | elapsed:  1.6min
[Parallel(n_jobs=-1)]: Done  93 tasks      | elapsed:  1.6min
[Parallel(n_jobs=-1)]: Done  94 tasks      | elapsed:  1.7min
[Parallel(n_jobs=-1)]: Done  95 tasks      | elapsed:  1.7min
[Parallel(n_jobs=-1)]: Done  96 tasks      | elapsed:  1.7min
[Parallel(n_jobs=-1)]: Done  97 tasks      | elapsed:  1.7min
[Parallel(n_jobs=-1)]: Done  98 tasks      | elapsed:  1.7min
[Parallel(n_jobs=-1)]: Done  99 tasks      | elapsed:  1.7min
[Parallel(n_jobs=-1)]: Done 100 tasks      | elapsed:  1.7min
[Parallel(n_jobs=-1)]: Done 101 tasks      | elapsed:  1.8min
[Parallel(n_jobs=-1)]: Done 102 tasks      | elapsed:  1.8min
[Parallel(n_jobs=-1)]: Done 103 tasks      | elapsed:  1.8min
[Parallel(n_jobs=-1)]: Done 104 tasks      | elapsed:  1.8min
[Parallel(n_jobs=-1)]: Done 105 tasks      | elapsed:  1.8min
[Parallel(n_jobs=-1)]: Done 106 tasks      | elapsed:  1.9min
[Parallel(n_jobs=-1)]: Done 107 tasks      | elapsed:  1.9min
[Parallel(n_jobs=-1)]: Done 108 tasks      | elapsed:  1.9min
[Parallel(n_jobs=-1)]: Done 109 tasks      | elapsed:  1.9min
[Parallel(n_jobs=-1)]: Done 110 tasks      | elapsed:  1.9min
[Parallel(n_jobs=-1)]: Done 111 tasks      | elapsed:  1.9min
[Parallel(n_jobs=-1)]: Done 112 tasks      | elapsed:  2.0min
[Parallel(n_jobs=-1)]: Done 113 tasks      | elapsed:  2.0min
[Parallel(n_jobs=-1)]: Done 114 tasks      | elapsed:  2.0min
[Parallel(n_jobs=-1)]: Done 115 tasks      | elapsed:  2.0min
[Parallel(n_jobs=-1)]: Done 116 tasks      | elapsed:  2.0min
[Parallel(n_jobs=-1)]: Done 117 tasks      | elapsed:  2.0min
[Parallel(n_jobs=-1)]: Done 118 tasks      | elapsed:  2.0min
[Parallel(n_jobs=-1)]: Done 119 tasks      | elapsed:  2.0min
[Parallel(n_jobs=-1)]: Done 120 tasks      | elapsed:  2.1min
[Parallel(n_jobs=-1)]: Done 121 tasks      | elapsed:  2.1min
[Parallel(n_jobs=-1)]: Done 122 tasks      | elapsed:  2.1min
[Parallel(n_jobs=-1)]: Done 123 tasks      | elapsed:  2.1min
[Parallel(n_jobs=-1)]: Done 124 tasks      | elapsed:  2.1min
[Parallel(n_jobs=-1)]: Done 125 tasks      | elapsed:  2.1min
[Parallel(n_jobs=-1)]: Done 126 tasks      | elapsed:  2.2min
[Parallel(n_jobs=-1)]: Done 127 tasks      | elapsed:  2.2min
[Parallel(n_jobs=-1)]: Done 128 tasks      | elapsed:  2.2min
[Parallel(n_jobs=-1)]: Done 129 tasks      | elapsed:  2.2min
[Parallel(n_jobs=-1)]: Done 130 tasks      | elapsed:  2.2min
[Parallel(n_jobs=-1)]: Done 131 tasks      | elapsed:  2.3min
[Parallel(n_jobs=-1)]: Done 132 tasks      | elapsed:  2.3min
[Parallel(n_jobs=-1)]: Done 133 tasks      | elapsed:  2.3min
[Parallel(n_jobs=-1)]: Done 134 tasks      | elapsed:  2.3min
[Parallel(n_jobs=-1)]: Done 135 tasks      | elapsed:  2.4min
[Parallel(n_jobs=-1)]: Done 136 tasks      | elapsed:  2.4min
[Parallel(n_jobs=-1)]: Done 137 tasks      | elapsed:  2.4min
[Parallel(n_jobs=-1)]: Done 138 tasks      | elapsed:  2.4min
[Parallel(n_jobs=-1)]: Done 139 tasks      | elapsed:  2.4min
[Parallel(n_jobs=-1)]: Done 140 tasks      | elapsed:  2.4min
[Parallel(n_jobs=-1)]: Done 141 tasks      | elapsed:  2.4min
[Parallel(n_jobs=-1)]: Done 142 tasks      | elapsed:  2.4min
[Parallel(n_jobs=-1)]: Done 143 tasks      | elapsed:  2.4min
[Parallel(n_jobs=-1)]: Done 144 tasks      | elapsed:  2.5min
[Parallel(n_jobs=-1)]: Done 145 tasks      | elapsed:  2.5min
[Parallel(n_jobs=-1)]: Done 146 tasks      | elapsed:  2.5min
[Parallel(n_jobs=-1)]: Done 147 tasks      | elapsed:  2.5min
[Parallel(n_jobs=-1)]: Done 148 tasks      | elapsed:  2.5min
[Parallel(n_jobs=-1)]: Done 149 tasks      | elapsed:  2.5min
[Parallel(n_jobs=-1)]: Done 150 tasks      | elapsed:  2.5min
[Parallel(n_jobs=-1)]: Done 151 tasks      | elapsed:  2.6min
[Parallel(n_jobs=-1)]: Done 152 tasks      | elapsed:  2.6min
[Parallel(n_jobs=-1)]: Done 153 tasks      | elapsed:  2.6min
[Parallel(n_jobs=-1)]: Done 154 tasks      | elapsed:  2.7min
[Parallel(n_jobs=-1)]: Done 155 tasks      | elapsed:  2.7min
[Parallel(n_jobs=-1)]: Done 156 tasks      | elapsed:  2.7min
[Parallel(n_jobs=-1)]: Done 157 tasks      | elapsed:  2.7min
[Parallel(n_jobs=-1)]: Done 158 tasks      | elapsed:  2.7min
[Parallel(n_jobs=-1)]: Done 159 tasks      | elapsed:  2.7min
[Parallel(n_jobs=-1)]: Done 160 tasks      | elapsed:  2.7min
[Parallel(n_jobs=-1)]: Done 161 tasks      | elapsed:  2.8min
[Parallel(n_jobs=-1)]: Done 162 tasks      | elapsed:  2.8min
[Parallel(n_jobs=-1)]: Done 163 tasks      | elapsed:  2.8min
[Parallel(n_jobs=-1)]: Done 164 tasks      | elapsed:  2.8min
[Parallel(n_jobs=-1)]: Done 165 tasks      | elapsed:  2.8min
[Parallel(n_jobs=-1)]: Done 166 tasks      | elapsed:  2.8min
[Parallel(n_jobs=-1)]: Done 167 tasks      | elapsed:  2.8min
[Parallel(n_jobs=-1)]: Done 168 tasks      | elapsed:  2.8min
[Parallel(n_jobs=-1)]: Done 169 tasks      | elapsed:  2.8min
[Parallel(n_jobs=-1)]: Done 170 tasks      | elapsed:  2.9min
[Parallel(n_jobs=-1)]: Done 171 tasks      | elapsed:  2.9min
[Parallel(n_jobs=-1)]: Done 172 tasks      | elapsed:  3.0min
[Parallel(n_jobs=-1)]: Done 173 tasks      | elapsed:  3.0min
[Parallel(n_jobs=-1)]: Done 174 tasks      | elapsed:  3.0min
[Parallel(n_jobs=-1)]: Done 175 tasks      | elapsed:  3.0min
[Parallel(n_jobs=-1)]: Done 176 tasks      | elapsed:  3.0min
[Parallel(n_jobs=-1)]: Done 177 tasks      | elapsed:  3.0min
[Parallel(n_jobs=-1)]: Done 178 tasks      | elapsed:  3.1min
[Parallel(n_jobs=-1)]: Done 179 tasks      | elapsed:  3.1min
[Parallel(n_jobs=-1)]: Done 180 tasks      | elapsed:  3.1min
[Parallel(n_jobs=-1)]: Done 181 tasks      | elapsed:  3.1min
[Parallel(n_jobs=-1)]: Done 182 tasks      | elapsed:  3.1min
[Parallel(n_jobs=-1)]: Done 183 tasks      | elapsed:  3.1min
[Parallel(n_jobs=-1)]: Done 184 tasks      | elapsed:  3.1min
[Parallel(n_jobs=-1)]: Done 185 tasks      | elapsed:  3.2min
[Parallel(n_jobs=-1)]: Done 186 tasks      | elapsed:  3.2min
[Parallel(n_jobs=-1)]: Done 187 tasks      | elapsed:  3.2min
[Parallel(n_jobs=-1)]: Done 188 tasks      | elapsed:  3.2min
[Parallel(n_jobs=-1)]: Done 189 tasks      | elapsed:  3.2min
[Parallel(n_jobs=-1)]: Done 190 tasks      | elapsed:  3.2min
[Parallel(n_jobs=-1)]: Done 191 tasks      | elapsed:  3.2min
[Parallel(n_jobs=-1)]: Done 192 tasks      | elapsed:  3.3min
[Parallel(n_jobs=-1)]: Done 193 tasks      | elapsed:  3.3min
[Parallel(n_jobs=-1)]: Done 194 tasks      | elapsed:  3.3min
[Parallel(n_jobs=-1)]: Done 195 tasks      | elapsed:  3.3min
[Parallel(n_jobs=-1)]: Done 196 tasks      | elapsed:  3.3min
[Parallel(n_jobs=-1)]: Done 197 tasks      | elapsed:  3.4min
[Parallel(n_jobs=-1)]: Done 198 tasks      | elapsed:  3.4min
[Parallel(n_jobs=-1)]: Done 199 tasks      | elapsed:  3.4min
[Parallel(n_jobs=-1)]: Done 200 tasks      | elapsed:  3.4min
[Parallel(n_jobs=-1)]: Done 201 tasks      | elapsed:  3.4min
[Parallel(n_jobs=-1)]: Done 202 tasks      | elapsed:  3.4min
[Parallel(n_jobs=-1)]: Done 203 tasks      | elapsed:  3.4min
[Parallel(n_jobs=-1)]: Done 204 tasks      | elapsed:  3.4min
[Parallel(n_jobs=-1)]: Done 205 tasks      | elapsed:  3.5min
[Parallel(n_jobs=-1)]: Done 206 tasks      | elapsed:  3.5min
[Parallel(n_jobs=-1)]: Done 207 tasks      | elapsed:  3.5min
[Parallel(n_jobs=-1)]: Done 214 out of 246 | elapsed:  3.7min remaining:   32.8s
[Parallel(n_jobs=-1)]: Done 221 out of 246 | elapsed:  3.7min remaining:   25.3s
[Parallel(n_jobs=-1)]: Done 228 out of 246 | elapsed:  3.8min remaining:   18.1s
[Parallel(n_jobs=-1)]: Done 235 out of 246 | elapsed:  4.0min remaining:   11.1s
[Parallel(n_jobs=-1)]: Done 242 out of 246 | elapsed:  4.0min remaining:    4.0s
[Parallel(n_jobs=-1)]: Done 246 out of 246 | elapsed:  4.1min finished
[Parallel(n_jobs=-1)]: Using backend LokyBackend with 20 concurrent workers.
[Parallel(n_jobs=-1)]: Done   1 tasks      | elapsed:  4.4min
/hpc/group/coganlab/bl314/miniconda3/envs/ieeg/lib/python3.10/site-packages/joblib/externals/loky/process_executor.py:752: UserWarning: A worker stopped while some jobs were given to the executor. This can be caused by a too short worker timeout or by a memory leak.
  warnings.warn(
[Parallel(n_jobs=-1)]: Done   2 tasks      | elapsed:  4.4min
[Parallel(n_jobs=-1)]: Done   3 tasks      | elapsed:  4.4min
[Parallel(n_jobs=-1)]: Done   4 tasks      | elapsed:  4.4min
[Parallel(n_jobs=-1)]: Done   5 tasks      | elapsed:  4.4min
[Parallel(n_jobs=-1)]: Done   6 tasks      | elapsed:  4.5min
[Parallel(n_jobs=-1)]: Done   7 tasks      | elapsed:  4.5min
[Parallel(n_jobs=-1)]: Done   8 tasks      | elapsed:  5.2min
[Parallel(n_jobs=-1)]: Done   9 tasks      | elapsed:  5.4min
[Parallel(n_jobs=-1)]: Done  10 tasks      | elapsed:  5.5min
[Parallel(n_jobs=-1)]: Done  11 tasks      | elapsed:  5.5min
[Parallel(n_jobs=-1)]: Done  12 tasks      | elapsed:  5.5min
[Parallel(n_jobs=-1)]: Done  13 tasks      | elapsed:  5.5min
[Parallel(n_jobs=-1)]: Done  14 tasks      | elapsed:  5.6min
[Parallel(n_jobs=-1)]: Done  15 tasks      | elapsed:  5.6min
[Parallel(n_jobs=-1)]: Done  16 tasks      | elapsed:  5.6min
[Parallel(n_jobs=-1)]: Done  17 tasks      | elapsed:  5.7min
[Parallel(n_jobs=-1)]: Done  18 tasks      | elapsed:  5.9min
[Parallel(n_jobs=-1)]: Done  19 tasks      | elapsed:  6.1min
[Parallel(n_jobs=-1)]: Done  20 tasks      | elapsed:  6.3min
[Parallel(n_jobs=-1)]: Done  21 tasks      | elapsed:  9.2min
[Parallel(n_jobs=-1)]: Done  22 tasks      | elapsed:  9.3min
[Parallel(n_jobs=-1)]: Done  23 tasks      | elapsed:  9.3min
[Parallel(n_jobs=-1)]: Done  24 tasks      | elapsed:  9.3min
[Parallel(n_jobs=-1)]: Done  25 tasks      | elapsed:  9.3min
[Parallel(n_jobs=-1)]: Done  26 tasks      | elapsed: 10.1min
[Parallel(n_jobs=-1)]: Done  27 tasks      | elapsed: 10.3min
[Parallel(n_jobs=-1)]: Done  28 tasks      | elapsed: 10.4min
[Parallel(n_jobs=-1)]: Done  29 tasks      | elapsed: 10.9min
[Parallel(n_jobs=-1)]: Done  30 tasks      | elapsed: 11.0min
[Parallel(n_jobs=-1)]: Done  31 tasks      | elapsed: 11.0min
[Parallel(n_jobs=-1)]: Done  32 tasks      | elapsed: 11.0min
[Parallel(n_jobs=-1)]: Done  33 tasks      | elapsed: 11.1min
[Parallel(n_jobs=-1)]: Done  34 tasks      | elapsed: 11.2min
[Parallel(n_jobs=-1)]: Done  35 tasks      | elapsed: 11.3min
[Parallel(n_jobs=-1)]: Done  36 tasks      | elapsed: 11.4min
[Parallel(n_jobs=-1)]: Done  37 tasks      | elapsed: 11.5min
[Parallel(n_jobs=-1)]: Done  38 tasks      | elapsed: 11.5min
[Parallel(n_jobs=-1)]: Done  39 tasks      | elapsed: 11.5min
[Parallel(n_jobs=-1)]: Done  40 tasks      | elapsed: 11.7min
[Parallel(n_jobs=-1)]: Done  41 tasks      | elapsed: 13.3min
[Parallel(n_jobs=-1)]: Done  42 tasks      | elapsed: 13.4min
[Parallel(n_jobs=-1)]: Done  43 tasks      | elapsed: 13.4min
[Parallel(n_jobs=-1)]: Done  44 tasks      | elapsed: 14.0min
[Parallel(n_jobs=-1)]: Done  45 tasks      | elapsed: 14.1min
[Parallel(n_jobs=-1)]: Done  46 tasks      | elapsed: 14.8min
[Parallel(n_jobs=-1)]: Done  47 tasks      | elapsed: 15.3min
[Parallel(n_jobs=-1)]: Done  48 tasks      | elapsed: 16.0min
[Parallel(n_jobs=-1)]: Done  49 tasks      | elapsed: 16.2min
[Parallel(n_jobs=-1)]: Done  50 tasks      | elapsed: 16.3min
[Parallel(n_jobs=-1)]: Done  51 tasks      | elapsed: 16.4min
[Parallel(n_jobs=-1)]: Done  52 tasks      | elapsed: 16.4min
[Parallel(n_jobs=-1)]: Done  53 tasks      | elapsed: 16.5min
[Parallel(n_jobs=-1)]: Done  54 tasks      | elapsed: 16.5min
[Parallel(n_jobs=-1)]: Done  55 tasks      | elapsed: 16.6min
[Parallel(n_jobs=-1)]: Done  56 tasks      | elapsed: 16.8min
[Parallel(n_jobs=-1)]: Done  57 tasks      | elapsed: 16.9min
[Parallel(n_jobs=-1)]: Done  58 tasks      | elapsed: 17.2min
[Parallel(n_jobs=-1)]: Done  59 tasks      | elapsed: 17.3min
[Parallel(n_jobs=-1)]: Done  60 tasks      | elapsed: 17.4min
[Parallel(n_jobs=-1)]: Done  61 tasks      | elapsed: 18.2min
[Parallel(n_jobs=-1)]: Done  62 tasks      | elapsed: 18.8min
[Parallel(n_jobs=-1)]: Done  63 tasks      | elapsed: 19.0min
[Parallel(n_jobs=-1)]: Done  64 tasks      | elapsed: 20.1min
[Parallel(n_jobs=-1)]: Done  65 tasks      | elapsed: 20.1min
[Parallel(n_jobs=-1)]: Done  66 tasks      | elapsed: 20.6min
[Parallel(n_jobs=-1)]: Done  67 tasks      | elapsed: 20.6min
[Parallel(n_jobs=-1)]: Done  68 tasks      | elapsed: 20.7min
[Parallel(n_jobs=-1)]: Done  69 tasks      | elapsed: 21.0min
[Parallel(n_jobs=-1)]: Done  70 tasks      | elapsed: 21.0min
[Parallel(n_jobs=-1)]: Done  71 tasks      | elapsed: 21.1min
[Parallel(n_jobs=-1)]: Done  72 tasks      | elapsed: 21.5min
[Parallel(n_jobs=-1)]: Done  73 tasks      | elapsed: 21.9min
[Parallel(n_jobs=-1)]: Done  74 tasks      | elapsed: 21.9min
[Parallel(n_jobs=-1)]: Done  75 tasks      | elapsed: 22.3min
[Parallel(n_jobs=-1)]: Done  76 tasks      | elapsed: 22.5min
[Parallel(n_jobs=-1)]: Done  77 tasks      | elapsed: 22.5min
[Parallel(n_jobs=-1)]: Done  78 tasks      | elapsed: 22.9min
[Parallel(n_jobs=-1)]: Done  79 tasks      | elapsed: 22.9min
[Parallel(n_jobs=-1)]: Done  80 tasks      | elapsed: 23.2min
[Parallel(n_jobs=-1)]: Done  81 tasks      | elapsed: 23.3min
[Parallel(n_jobs=-1)]: Done  82 tasks      | elapsed: 24.3min
[Parallel(n_jobs=-1)]: Done  83 tasks      | elapsed: 24.3min
[Parallel(n_jobs=-1)]: Done  84 tasks      | elapsed: 24.7min
[Parallel(n_jobs=-1)]: Done  85 tasks      | elapsed: 24.9min
[Parallel(n_jobs=-1)]: Done  86 tasks      | elapsed: 25.1min
[Parallel(n_jobs=-1)]: Done  87 tasks      | elapsed: 25.4min
[Parallel(n_jobs=-1)]: Done  88 tasks      | elapsed: 25.6min
[Parallel(n_jobs=-1)]: Done  89 tasks      | elapsed: 25.8min
[Parallel(n_jobs=-1)]: Done  90 tasks      | elapsed: 25.9min
[Parallel(n_jobs=-1)]: Done  91 tasks      | elapsed: 26.4min
[Parallel(n_jobs=-1)]: Done  92 tasks      | elapsed: 26.5min
[Parallel(n_jobs=-1)]: Done  93 tasks      | elapsed: 26.6min
[Parallel(n_jobs=-1)]: Done  94 tasks      | elapsed: 26.8min
[Parallel(n_jobs=-1)]: Done  95 tasks      | elapsed: 27.5min
[Parallel(n_jobs=-1)]: Done  96 tasks      | elapsed: 27.6min
[Parallel(n_jobs=-1)]: Done  97 tasks      | elapsed: 27.6min
[Parallel(n_jobs=-1)]: Done  98 tasks      | elapsed: 28.2min
[Parallel(n_jobs=-1)]: Done  99 tasks      | elapsed: 28.4min
[Parallel(n_jobs=-1)]: Done 100 tasks      | elapsed: 28.8min
[Parallel(n_jobs=-1)]: Done 101 tasks      | elapsed: 28.9min
[Parallel(n_jobs=-1)]: Done 102 tasks      | elapsed: 29.1min
[Parallel(n_jobs=-1)]: Done 103 tasks      | elapsed: 29.2min
[Parallel(n_jobs=-1)]: Done 104 tasks      | elapsed: 29.5min
[Parallel(n_jobs=-1)]: Done 105 tasks      | elapsed: 29.8min
[Parallel(n_jobs=-1)]: Done 106 tasks      | elapsed: 29.8min
[Parallel(n_jobs=-1)]: Done 107 tasks      | elapsed: 30.2min
[Parallel(n_jobs=-1)]: Done 108 tasks      | elapsed: 30.7min
[Parallel(n_jobs=-1)]: Done 109 tasks      | elapsed: 30.9min
[Parallel(n_jobs=-1)]: Done 110 tasks      | elapsed: 31.2min
[Parallel(n_jobs=-1)]: Done 111 tasks      | elapsed: 31.2min
[Parallel(n_jobs=-1)]: Done 112 tasks      | elapsed: 31.7min
[Parallel(n_jobs=-1)]: Done 113 tasks      | elapsed: 32.0min
[Parallel(n_jobs=-1)]: Done 114 tasks      | elapsed: 32.4min
[Parallel(n_jobs=-1)]: Done 115 tasks      | elapsed: 32.7min
[Parallel(n_jobs=-1)]: Done 116 tasks      | elapsed: 32.8min
[Parallel(n_jobs=-1)]: Done 117 tasks      | elapsed: 32.9min
[Parallel(n_jobs=-1)]: Done 118 tasks      | elapsed: 33.2min
[Parallel(n_jobs=-1)]: Done 119 tasks      | elapsed: 33.7min
[Parallel(n_jobs=-1)]: Done 120 tasks      | elapsed: 33.8min
[Parallel(n_jobs=-1)]: Done 121 tasks      | elapsed: 34.0min
[Parallel(n_jobs=-1)]: Done 122 tasks      | elapsed: 34.2min
[Parallel(n_jobs=-1)]: Done 123 tasks      | elapsed: 34.3min
[Parallel(n_jobs=-1)]: Done 124 tasks      | elapsed: 34.3min
[Parallel(n_jobs=-1)]: Done 125 tasks      | elapsed: 34.5min
[Parallel(n_jobs=-1)]: Done 126 tasks      | elapsed: 35.2min
[Parallel(n_jobs=-1)]: Done 127 tasks      | elapsed: 35.6min
[Parallel(n_jobs=-1)]: Done 128 tasks      | elapsed: 35.9min
[Parallel(n_jobs=-1)]: Done 129 tasks      | elapsed: 36.3min
[Parallel(n_jobs=-1)]: Done 130 tasks      | elapsed: 36.3min
[Parallel(n_jobs=-1)]: Done 131 tasks      | elapsed: 36.9min
[Parallel(n_jobs=-1)]: Done 132 tasks      | elapsed: 37.0min
[Parallel(n_jobs=-1)]: Done 133 tasks      | elapsed: 37.0min
[Parallel(n_jobs=-1)]: Done 134 tasks      | elapsed: 37.4min
[Parallel(n_jobs=-1)]: Done 135 tasks      | elapsed: 37.6min
[Parallel(n_jobs=-1)]: Done 136 tasks      | elapsed: 38.1min
[Parallel(n_jobs=-1)]: Done 137 tasks      | elapsed: 38.1min
[Parallel(n_jobs=-1)]: Done 138 tasks      | elapsed: 38.3min
[Parallel(n_jobs=-1)]: Done 139 tasks      | elapsed: 38.5min
[Parallel(n_jobs=-1)]: Done 140 tasks      | elapsed: 38.6min
[Parallel(n_jobs=-1)]: Done 141 tasks      | elapsed: 39.5min
[Parallel(n_jobs=-1)]: Done 142 tasks      | elapsed: 39.6min
[Parallel(n_jobs=-1)]: Done 143 tasks      | elapsed: 40.4min
[Parallel(n_jobs=-1)]: Done 144 tasks      | elapsed: 40.6min
[Parallel(n_jobs=-1)]: Done 145 tasks      | elapsed: 41.0min
[Parallel(n_jobs=-1)]: Done 146 tasks      | elapsed: 41.3min
[Parallel(n_jobs=-1)]: Done 147 tasks      | elapsed: 41.3min
[Parallel(n_jobs=-1)]: Done 148 tasks      | elapsed: 41.3min
[Parallel(n_jobs=-1)]: Done 149 tasks      | elapsed: 41.6min
[Parallel(n_jobs=-1)]: Done 150 tasks      | elapsed: 41.8min
[Parallel(n_jobs=-1)]: Done 151 tasks      | elapsed: 41.8min
[Parallel(n_jobs=-1)]: Done 152 tasks      | elapsed: 42.0min
[Parallel(n_jobs=-1)]: Done 153 tasks      | elapsed: 42.3min
[Parallel(n_jobs=-1)]: Done 154 tasks      | elapsed: 42.3min
[Parallel(n_jobs=-1)]: Done 155 tasks      | elapsed: 42.8min
[Parallel(n_jobs=-1)]: Done 156 tasks      | elapsed: 43.0min
[Parallel(n_jobs=-1)]: Done 157 tasks      | elapsed: 43.3min
[Parallel(n_jobs=-1)]: Done 158 tasks      | elapsed: 43.3min
[Parallel(n_jobs=-1)]: Done 159 tasks      | elapsed: 44.0min
[Parallel(n_jobs=-1)]: Done 160 tasks      | elapsed: 44.1min
[Parallel(n_jobs=-1)]: Done 161 tasks      | elapsed: 44.3min
[Parallel(n_jobs=-1)]: Done 162 tasks      | elapsed: 44.8min
[Parallel(n_jobs=-1)]: Done 163 tasks      | elapsed: 45.4min
[Parallel(n_jobs=-1)]: Done 164 tasks      | elapsed: 45.5min
[Parallel(n_jobs=-1)]: Done 165 tasks      | elapsed: 45.7min
[Parallel(n_jobs=-1)]: Done 166 tasks      | elapsed: 46.0min
[Parallel(n_jobs=-1)]: Done 167 tasks      | elapsed: 46.2min
[Parallel(n_jobs=-1)]: Done 168 tasks      | elapsed: 46.2min
[Parallel(n_jobs=-1)]: Done 169 tasks      | elapsed: 46.5min
[Parallel(n_jobs=-1)]: Done 170 tasks      | elapsed: 46.6min
[Parallel(n_jobs=-1)]: Done 171 tasks      | elapsed: 46.6min
[Parallel(n_jobs=-1)]: Done 172 tasks      | elapsed: 47.0min
[Parallel(n_jobs=-1)]: Done 173 tasks      | elapsed: 47.1min
[Parallel(n_jobs=-1)]: Done 174 tasks      | elapsed: 47.2min
[Parallel(n_jobs=-1)]: Done 175 tasks      | elapsed: 48.7min
[Parallel(n_jobs=-1)]: Done 176 tasks      | elapsed: 48.7min
[Parallel(n_jobs=-1)]: Done 177 tasks      | elapsed: 49.1min
[Parallel(n_jobs=-1)]: Done 178 tasks      | elapsed: 49.1min
[Parallel(n_jobs=-1)]: Done 179 tasks      | elapsed: 49.5min
[Parallel(n_jobs=-1)]: Done 180 tasks      | elapsed: 49.5min
[Parallel(n_jobs=-1)]: Done 181 tasks      | elapsed: 49.6min
[Parallel(n_jobs=-1)]: Done 182 tasks      | elapsed: 49.9min
[Parallel(n_jobs=-1)]: Done 183 tasks      | elapsed: 49.9min
[Parallel(n_jobs=-1)]: Done 184 tasks      | elapsed: 50.7min
[Parallel(n_jobs=-1)]: Done 185 tasks      | elapsed: 50.9min
[Parallel(n_jobs=-1)]: Done 186 tasks      | elapsed: 51.0min
[Parallel(n_jobs=-1)]: Done 187 tasks      | elapsed: 51.3min
[Parallel(n_jobs=-1)]: Done 188 tasks      | elapsed: 51.3min
[Parallel(n_jobs=-1)]: Done 189 tasks      | elapsed: 51.3min
[Parallel(n_jobs=-1)]: Done 190 tasks      | elapsed: 51.6min
[Parallel(n_jobs=-1)]: Done 191 tasks      | elapsed: 51.6min
[Parallel(n_jobs=-1)]: Done 192 tasks      | elapsed: 51.7min
[Parallel(n_jobs=-1)]: Done 193 tasks      | elapsed: 51.9min
[Parallel(n_jobs=-1)]: Done 194 tasks      | elapsed: 51.9min
[Parallel(n_jobs=-1)]: Done 195 tasks      | elapsed: 53.3min
[Parallel(n_jobs=-1)]: Done 196 tasks      | elapsed: 53.6min
[Parallel(n_jobs=-1)]: Done 197 tasks      | elapsed: 54.0min
[Parallel(n_jobs=-1)]: Done 198 tasks      | elapsed: 54.1min
[Parallel(n_jobs=-1)]: Done 199 tasks      | elapsed: 54.2min
[Parallel(n_jobs=-1)]: Done 200 tasks      | elapsed: 54.5min
[Parallel(n_jobs=-1)]: Done 201 tasks      | elapsed: 54.6min
[Parallel(n_jobs=-1)]: Done 202 tasks      | elapsed: 55.1min
[Parallel(n_jobs=-1)]: Done 203 tasks      | elapsed: 55.4min
[Parallel(n_jobs=-1)]: Done 204 tasks      | elapsed: 55.5min
[Parallel(n_jobs=-1)]: Done 205 tasks      | elapsed: 55.9min
[Parallel(n_jobs=-1)]: Done 206 tasks      | elapsed: 56.2min
[Parallel(n_jobs=-1)]: Done 207 tasks      | elapsed: 56.4min
[Parallel(n_jobs=-1)]: Done 214 out of 246 | elapsed: 57.2min remaining:  8.6min
[Parallel(n_jobs=-1)]: Done 221 out of 246 | elapsed: 59.9min remaining:  6.8min
[Parallel(n_jobs=-1)]: Done 228 out of 246 | elapsed: 62.3min remaining:  4.9min
[Parallel(n_jobs=-1)]: Done 235 out of 246 | elapsed: 63.2min remaining:  3.0min
[Parallel(n_jobs=-1)]: Done 242 out of 246 | elapsed: 65.2min remaining:  1.1min
[Parallel(n_jobs=-1)]: Done 246 out of 246 | elapsed: 65.6min finished
/hpc/group/coganlab/bl314/miniconda3/envs/ieeg/lib/python3.10/site-packages/ieeg/io.py:267: RuntimeWarning: Converting data files to EDF format
  write_raw_bids(run, bids_path, allow_preload=True, format=format,
/hpc/group/coganlab/bl314/miniconda3/envs/ieeg/lib/python3.10/site-packages/ieeg/io.py:267: RuntimeWarning: EDF format requires equal-length data blocks, so 1 seconds of edge values were appended to all channels when writing the final block.
  write_raw_bids(run, bids_path, allow_preload=True, format=format,
/hpc/group/coganlab/bl314/miniconda3/envs/ieeg/lib/python3.10/site-packages/ieeg/io.py:267: RuntimeWarning: Converting data files to EDF format
  write_raw_bids(run, bids_path, allow_preload=True, format=format,
/hpc/group/coganlab/bl314/miniconda3/envs/ieeg/lib/python3.10/site-packages/ieeg/io.py:267: RuntimeWarning: EDF format requires equal-length data blocks, so 1 seconds of edge values were appended to all channels when writing the final block.
  write_raw_bids(run, bids_path, allow_preload=True, format=format,
/hpc/group/coganlab/bl314/miniconda3/envs/ieeg/lib/python3.10/site-packages/ieeg/io.py:267: RuntimeWarning: Converting data files to EDF format
  write_raw_bids(run, bids_path, allow_preload=True, format=format,
/hpc/group/coganlab/bl314/miniconda3/envs/ieeg/lib/python3.10/site-packages/ieeg/io.py:267: RuntimeWarning: EDF format requires equal-length data blocks, so 1 seconds of edge values were appended to all channels when writing the final block.
  write_raw_bids(run, bids_path, allow_preload=True, format=format,
/hpc/group/coganlab/bl314/miniconda3/envs/ieeg/lib/python3.10/site-packages/ieeg/io.py:267: RuntimeWarning: Converting data files to EDF format
  write_raw_bids(run, bids_path, allow_preload=True, format=format,
Traceback (most recent call last):
  File "/hpc/group/coganlab/bl314/codes/ieeg_tmp/lexicalrep_ln_outlier.py", line 71, in <module>
    update_tsv(subject, tsv_loc)
  File "/hpc/group/coganlab/bl314/codes/ieeg_tmp/lexicalrep_ln_outlier.py", line 16, in update_tsv
    files = [f for f in os.listdir(search_dir) if re.match(pattern, f)]
FileNotFoundError: [Errno 2] No such file or directory: '/hpc/home/bl314/workspace/BIDS-1.0_LexicalDecRepDelay/BIDS/derivatives/clean/sub-102/ieeg'
