[Parallel(n_jobs=-1)]: Using backend LokyBackend with 20 concurrent workers.
[Parallel(n_jobs=-1)]: Done   1 tasks      | elapsed:   22.5s
[Parallel(n_jobs=-1)]: Done   2 tasks      | elapsed:   23.1s
[Parallel(n_jobs=-1)]: Done   3 tasks      | elapsed:   23.4s
[Parallel(n_jobs=-1)]: Done   4 tasks      | elapsed:   23.6s
[Parallel(n_jobs=-1)]: Done   5 tasks      | elapsed:   23.8s
[Parallel(n_jobs=-1)]: Done   6 tasks      | elapsed:   24.0s
[Parallel(n_jobs=-1)]: Done   7 tasks      | elapsed:   24.3s
[Parallel(n_jobs=-1)]: Done   8 tasks      | elapsed:   24.5s
[Parallel(n_jobs=-1)]: Done   9 tasks      | elapsed:   24.7s
[Parallel(n_jobs=-1)]: Done  10 tasks      | elapsed:   24.9s
[Parallel(n_jobs=-1)]: Done  11 tasks      | elapsed:   25.1s
[Parallel(n_jobs=-1)]: Done  12 tasks      | elapsed:   25.3s
[Parallel(n_jobs=-1)]: Done  13 tasks      | elapsed:   25.6s
[Parallel(n_jobs=-1)]: Done  14 tasks      | elapsed:   25.8s
[Parallel(n_jobs=-1)]: Done  15 tasks      | elapsed:   26.0s
[Parallel(n_jobs=-1)]: Done  16 tasks      | elapsed:   26.3s
[Parallel(n_jobs=-1)]: Done  17 tasks      | elapsed:   26.5s
[Parallel(n_jobs=-1)]: Done  18 tasks      | elapsed:   26.8s
[Parallel(n_jobs=-1)]: Done  19 tasks      | elapsed:   27.0s
[Parallel(n_jobs=-1)]: Done  20 tasks      | elapsed:   27.3s
[Parallel(n_jobs=-1)]: Done  21 tasks      | elapsed:   42.7s
[Parallel(n_jobs=-1)]: Done  22 tasks      | elapsed:   43.2s
[Parallel(n_jobs=-1)]: Done  23 tasks      | elapsed:   43.5s
[Parallel(n_jobs=-1)]: Done  24 tasks      | elapsed:   43.7s
[Parallel(n_jobs=-1)]: Done  25 tasks      | elapsed:   44.1s
[Parallel(n_jobs=-1)]: Done  26 tasks      | elapsed:   44.4s
[Parallel(n_jobs=-1)]: Done  27 tasks      | elapsed:   44.7s
[Parallel(n_jobs=-1)]: Done  28 tasks      | elapsed:   45.0s
[Parallel(n_jobs=-1)]: Done  29 tasks      | elapsed:   45.2s
[Parallel(n_jobs=-1)]: Done  30 tasks      | elapsed:   45.5s
[Parallel(n_jobs=-1)]: Done  31 tasks      | elapsed:   45.8s
[Parallel(n_jobs=-1)]: Done  32 tasks      | elapsed:   46.0s
[Parallel(n_jobs=-1)]: Done  33 tasks      | elapsed:   46.3s
[Parallel(n_jobs=-1)]: Done  34 tasks      | elapsed:   46.6s
[Parallel(n_jobs=-1)]: Done  35 tasks      | elapsed:   46.9s
[Parallel(n_jobs=-1)]: Done  36 tasks      | elapsed:   47.1s
[Parallel(n_jobs=-1)]: Done  37 tasks      | elapsed:   47.4s
[Parallel(n_jobs=-1)]: Done  38 tasks      | elapsed:   47.7s
[Parallel(n_jobs=-1)]: Done  39 tasks      | elapsed:   48.0s
[Parallel(n_jobs=-1)]: Done  40 tasks      | elapsed:   48.4s
[Parallel(n_jobs=-1)]: Done  41 tasks      | elapsed:  1.1min
[Parallel(n_jobs=-1)]: Done  42 tasks      | elapsed:  1.1min
[Parallel(n_jobs=-1)]: Done  43 tasks      | elapsed:  1.1min
[Parallel(n_jobs=-1)]: Done  44 tasks      | elapsed:  1.1min
[Parallel(n_jobs=-1)]: Done  45 tasks      | elapsed:  1.1min
[Parallel(n_jobs=-1)]: Done  46 tasks      | elapsed:  1.1min
[Parallel(n_jobs=-1)]: Done  47 tasks      | elapsed:  1.1min
[Parallel(n_jobs=-1)]: Done  48 tasks      | elapsed:  1.1min
[Parallel(n_jobs=-1)]: Done  49 tasks      | elapsed:  1.1min
[Parallel(n_jobs=-1)]: Done  50 tasks      | elapsed:  1.1min
[Parallel(n_jobs=-1)]: Done  51 tasks      | elapsed:  1.1min
[Parallel(n_jobs=-1)]: Done  52 tasks      | elapsed:  1.1min
[Parallel(n_jobs=-1)]: Done  53 tasks      | elapsed:  1.1min
[Parallel(n_jobs=-1)]: Done  54 tasks      | elapsed:  1.1min
[Parallel(n_jobs=-1)]: Done  55 tasks      | elapsed:  1.1min
[Parallel(n_jobs=-1)]: Done  56 tasks      | elapsed:  1.1min
[Parallel(n_jobs=-1)]: Done  57 tasks      | elapsed:  1.1min
[Parallel(n_jobs=-1)]: Done  58 tasks      | elapsed:  1.1min
[Parallel(n_jobs=-1)]: Done  59 tasks      | elapsed:  1.2min
[Parallel(n_jobs=-1)]: Done  60 tasks      | elapsed:  1.2min
[Parallel(n_jobs=-1)]: Done  61 tasks      | elapsed:  1.4min
[Parallel(n_jobs=-1)]: Done  62 tasks      | elapsed:  1.4min
[Parallel(n_jobs=-1)]: Done  63 tasks      | elapsed:  1.4min
[Parallel(n_jobs=-1)]: Done  64 tasks      | elapsed:  1.4min
[Parallel(n_jobs=-1)]: Done  65 tasks      | elapsed:  1.4min
[Parallel(n_jobs=-1)]: Done  66 tasks      | elapsed:  1.4min
[Parallel(n_jobs=-1)]: Done  67 tasks      | elapsed:  1.4min
[Parallel(n_jobs=-1)]: Done  68 tasks      | elapsed:  1.4min
[Parallel(n_jobs=-1)]: Done  69 tasks      | elapsed:  1.4min
[Parallel(n_jobs=-1)]: Done  70 tasks      | elapsed:  1.5min
[Parallel(n_jobs=-1)]: Done  71 tasks      | elapsed:  1.5min
[Parallel(n_jobs=-1)]: Done  72 tasks      | elapsed:  1.5min
[Parallel(n_jobs=-1)]: Done  73 tasks      | elapsed:  1.5min
[Parallel(n_jobs=-1)]: Done  74 tasks      | elapsed:  1.5min
[Parallel(n_jobs=-1)]: Done  75 tasks      | elapsed:  1.5min
[Parallel(n_jobs=-1)]: Done  76 tasks      | elapsed:  1.5min
[Parallel(n_jobs=-1)]: Done  77 tasks      | elapsed:  1.5min
[Parallel(n_jobs=-1)]: Done  78 tasks      | elapsed:  1.5min
[Parallel(n_jobs=-1)]: Done  79 tasks      | elapsed:  1.5min
[Parallel(n_jobs=-1)]: Done  80 tasks      | elapsed:  1.5min
[Parallel(n_jobs=-1)]: Done  81 tasks      | elapsed:  1.7min
[Parallel(n_jobs=-1)]: Done  82 tasks      | elapsed:  1.8min
[Parallel(n_jobs=-1)]: Done  83 tasks      | elapsed:  1.8min
[Parallel(n_jobs=-1)]: Done  84 tasks      | elapsed:  1.8min
[Parallel(n_jobs=-1)]: Done  85 tasks      | elapsed:  1.8min
[Parallel(n_jobs=-1)]: Done  86 tasks      | elapsed:  1.8min
[Parallel(n_jobs=-1)]: Done  87 tasks      | elapsed:  1.8min
[Parallel(n_jobs=-1)]: Done  88 tasks      | elapsed:  1.8min
[Parallel(n_jobs=-1)]: Done  89 tasks      | elapsed:  1.8min
[Parallel(n_jobs=-1)]: Done  90 tasks      | elapsed:  1.8min
[Parallel(n_jobs=-1)]: Done  91 tasks      | elapsed:  1.8min
[Parallel(n_jobs=-1)]: Done  92 tasks      | elapsed:  1.8min
[Parallel(n_jobs=-1)]: Done  93 tasks      | elapsed:  1.8min
[Parallel(n_jobs=-1)]: Done  94 tasks      | elapsed:  1.8min
[Parallel(n_jobs=-1)]: Done  95 tasks      | elapsed:  1.8min
[Parallel(n_jobs=-1)]: Done  96 tasks      | elapsed:  1.8min
[Parallel(n_jobs=-1)]: Done  97 tasks      | elapsed:  1.8min
[Parallel(n_jobs=-1)]: Done  98 tasks      | elapsed:  1.8min
[Parallel(n_jobs=-1)]: Done  99 tasks      | elapsed:  1.8min
[Parallel(n_jobs=-1)]: Done 100 tasks      | elapsed:  1.8min
[Parallel(n_jobs=-1)]: Done 101 tasks      | elapsed:  2.1min
[Parallel(n_jobs=-1)]: Done 102 tasks      | elapsed:  2.1min
[Parallel(n_jobs=-1)]: Done 103 tasks      | elapsed:  2.1min
[Parallel(n_jobs=-1)]: Done 104 tasks      | elapsed:  2.1min
[Parallel(n_jobs=-1)]: Done 105 tasks      | elapsed:  2.1min
[Parallel(n_jobs=-1)]: Done 106 tasks      | elapsed:  2.1min
[Parallel(n_jobs=-1)]: Done 107 tasks      | elapsed:  2.1min
[Parallel(n_jobs=-1)]: Done 108 tasks      | elapsed:  2.1min
[Parallel(n_jobs=-1)]: Done 109 tasks      | elapsed:  2.1min
[Parallel(n_jobs=-1)]: Done 110 tasks      | elapsed:  2.1min
[Parallel(n_jobs=-1)]: Done 111 tasks      | elapsed:  2.1min
[Parallel(n_jobs=-1)]: Done 112 tasks      | elapsed:  2.2min
[Parallel(n_jobs=-1)]: Done 113 tasks      | elapsed:  2.2min
[Parallel(n_jobs=-1)]: Done 114 tasks      | elapsed:  2.2min
[Parallel(n_jobs=-1)]: Done 115 tasks      | elapsed:  2.2min
[Parallel(n_jobs=-1)]: Done 116 tasks      | elapsed:  2.2min
[Parallel(n_jobs=-1)]: Done 117 tasks      | elapsed:  2.2min
[Parallel(n_jobs=-1)]: Done 118 tasks      | elapsed:  2.2min
[Parallel(n_jobs=-1)]: Done 119 tasks      | elapsed:  2.2min
[Parallel(n_jobs=-1)]: Done 120 tasks      | elapsed:  2.2min
[Parallel(n_jobs=-1)]: Done 121 tasks      | elapsed:  2.4min
[Parallel(n_jobs=-1)]: Done 122 tasks      | elapsed:  2.4min
[Parallel(n_jobs=-1)]: Done 123 tasks      | elapsed:  2.4min
[Parallel(n_jobs=-1)]: Done 124 tasks      | elapsed:  2.4min
[Parallel(n_jobs=-1)]: Done 125 tasks      | elapsed:  2.5min
[Parallel(n_jobs=-1)]: Done 126 tasks      | elapsed:  2.5min
[Parallel(n_jobs=-1)]: Done 127 tasks      | elapsed:  2.5min
[Parallel(n_jobs=-1)]: Done 128 tasks      | elapsed:  2.5min
[Parallel(n_jobs=-1)]: Done 129 tasks      | elapsed:  2.5min
[Parallel(n_jobs=-1)]: Done 130 tasks      | elapsed:  2.5min
[Parallel(n_jobs=-1)]: Done 131 tasks      | elapsed:  2.5min
[Parallel(n_jobs=-1)]: Done 132 tasks      | elapsed:  2.5min
[Parallel(n_jobs=-1)]: Done 133 tasks      | elapsed:  2.5min
[Parallel(n_jobs=-1)]: Done 134 tasks      | elapsed:  2.5min
[Parallel(n_jobs=-1)]: Done 135 tasks      | elapsed:  2.5min
[Parallel(n_jobs=-1)]: Done 136 tasks      | elapsed:  2.5min
[Parallel(n_jobs=-1)]: Done 137 tasks      | elapsed:  2.5min
[Parallel(n_jobs=-1)]: Done 138 tasks      | elapsed:  2.5min
[Parallel(n_jobs=-1)]: Done 139 tasks      | elapsed:  2.5min
[Parallel(n_jobs=-1)]: Done 140 tasks      | elapsed:  2.6min
[Parallel(n_jobs=-1)]: Done 141 tasks      | elapsed:  2.7min
[Parallel(n_jobs=-1)]: Done 142 tasks      | elapsed:  2.8min
[Parallel(n_jobs=-1)]: Done 143 tasks      | elapsed:  2.8min
[Parallel(n_jobs=-1)]: Done 144 tasks      | elapsed:  2.8min
[Parallel(n_jobs=-1)]: Done 145 tasks      | elapsed:  2.8min
[Parallel(n_jobs=-1)]: Done 146 tasks      | elapsed:  2.8min
[Parallel(n_jobs=-1)]: Done 147 tasks      | elapsed:  2.8min
[Parallel(n_jobs=-1)]: Done 148 tasks      | elapsed:  2.8min
[Parallel(n_jobs=-1)]: Done 149 tasks      | elapsed:  2.8min
[Parallel(n_jobs=-1)]: Done 150 tasks      | elapsed:  2.8min
[Parallel(n_jobs=-1)]: Done 151 tasks      | elapsed:  2.8min
[Parallel(n_jobs=-1)]: Done 152 tasks      | elapsed:  2.8min
[Parallel(n_jobs=-1)]: Done 153 tasks      | elapsed:  2.8min
[Parallel(n_jobs=-1)]: Done 154 tasks      | elapsed:  2.9min
[Parallel(n_jobs=-1)]: Done 155 tasks      | elapsed:  2.9min
[Parallel(n_jobs=-1)]: Done 156 tasks      | elapsed:  2.9min
[Parallel(n_jobs=-1)]: Done 157 tasks      | elapsed:  2.9min
[Parallel(n_jobs=-1)]: Done 158 tasks      | elapsed:  2.9min
[Parallel(n_jobs=-1)]: Done 159 tasks      | elapsed:  2.9min
[Parallel(n_jobs=-1)]: Done 160 tasks      | elapsed:  2.9min
[Parallel(n_jobs=-1)]: Done 161 tasks      | elapsed:  3.1min
[Parallel(n_jobs=-1)]: Done 162 tasks      | elapsed:  3.1min
[Parallel(n_jobs=-1)]: Done 163 tasks      | elapsed:  3.1min
[Parallel(n_jobs=-1)]: Done 164 tasks      | elapsed:  3.1min
[Parallel(n_jobs=-1)]: Done 165 tasks      | elapsed:  3.2min
[Parallel(n_jobs=-1)]: Done 166 tasks      | elapsed:  3.2min
[Parallel(n_jobs=-1)]: Done 167 tasks      | elapsed:  3.2min
[Parallel(n_jobs=-1)]: Done 168 tasks      | elapsed:  3.2min
[Parallel(n_jobs=-1)]: Done 169 tasks      | elapsed:  3.2min
[Parallel(n_jobs=-1)]: Done 170 tasks      | elapsed:  3.2min
[Parallel(n_jobs=-1)]: Done 171 tasks      | elapsed:  3.2min
[Parallel(n_jobs=-1)]: Done 172 tasks      | elapsed:  3.2min
[Parallel(n_jobs=-1)]: Done 173 tasks      | elapsed:  3.2min
[Parallel(n_jobs=-1)]: Done 174 tasks      | elapsed:  3.2min
[Parallel(n_jobs=-1)]: Done 175 tasks      | elapsed:  3.2min
[Parallel(n_jobs=-1)]: Done 176 tasks      | elapsed:  3.2min
[Parallel(n_jobs=-1)]: Done 177 tasks      | elapsed:  3.2min
[Parallel(n_jobs=-1)]: Done 178 tasks      | elapsed:  3.2min
[Parallel(n_jobs=-1)]: Done 179 tasks      | elapsed:  3.3min
[Parallel(n_jobs=-1)]: Done 180 tasks      | elapsed:  3.3min
[Parallel(n_jobs=-1)]: Done 181 tasks      | elapsed:  3.4min
[Parallel(n_jobs=-1)]: Done 182 tasks      | elapsed:  3.4min
[Parallel(n_jobs=-1)]: Done 183 tasks      | elapsed:  3.5min
[Parallel(n_jobs=-1)]: Done 189 out of 222 | elapsed:  3.5min remaining:   36.9s
[Parallel(n_jobs=-1)]: Done 195 out of 222 | elapsed:  3.6min remaining:   29.6s
[Parallel(n_jobs=-1)]: Done 201 out of 222 | elapsed:  3.8min remaining:   23.6s
[Parallel(n_jobs=-1)]: Done 207 out of 222 | elapsed:  3.8min remaining:   16.7s
[Parallel(n_jobs=-1)]: Done 213 out of 222 | elapsed:  3.9min remaining:    9.8s
[Parallel(n_jobs=-1)]: Done 219 out of 222 | elapsed:  3.9min remaining:    3.2s
[Parallel(n_jobs=-1)]: Done 222 out of 222 | elapsed:  4.1min finished
[Parallel(n_jobs=-1)]: Using backend LokyBackend with 20 concurrent workers.
[Parallel(n_jobs=-1)]: Done   1 tasks      | elapsed:  7.6min
/hpc/group/coganlab/bl314/miniconda3/envs/ieeg/lib/python3.10/site-packages/joblib/externals/loky/process_executor.py:752: UserWarning: A worker stopped while some jobs were given to the executor. This can be caused by a too short worker timeout or by a memory leak.
  warnings.warn(
[Parallel(n_jobs=-1)]: Done   2 tasks      | elapsed:  7.6min
[Parallel(n_jobs=-1)]: Done   3 tasks      | elapsed:  7.7min
[Parallel(n_jobs=-1)]: Done   4 tasks      | elapsed:  7.7min
[Parallel(n_jobs=-1)]: Done   5 tasks      | elapsed:  7.7min
[Parallel(n_jobs=-1)]: Done   6 tasks      | elapsed:  7.7min
[Parallel(n_jobs=-1)]: Done   7 tasks      | elapsed:  7.7min
[Parallel(n_jobs=-1)]: Done   8 tasks      | elapsed:  7.8min
[Parallel(n_jobs=-1)]: Done   9 tasks      | elapsed:  7.8min
[Parallel(n_jobs=-1)]: Done  10 tasks      | elapsed:  7.8min
[Parallel(n_jobs=-1)]: Done  11 tasks      | elapsed:  7.8min
[Parallel(n_jobs=-1)]: Done  12 tasks      | elapsed:  7.8min
[Parallel(n_jobs=-1)]: Done  13 tasks      | elapsed:  7.8min
[Parallel(n_jobs=-1)]: Done  14 tasks      | elapsed:  7.8min
[Parallel(n_jobs=-1)]: Done  15 tasks      | elapsed:  7.8min
[Parallel(n_jobs=-1)]: Done  16 tasks      | elapsed:  7.8min
[Parallel(n_jobs=-1)]: Done  17 tasks      | elapsed:  7.8min
[Parallel(n_jobs=-1)]: Done  18 tasks      | elapsed:  7.8min
[Parallel(n_jobs=-1)]: Done  19 tasks      | elapsed:  7.8min
[Parallel(n_jobs=-1)]: Done  20 tasks      | elapsed:  7.8min
[Parallel(n_jobs=-1)]: Done  21 tasks      | elapsed: 15.7min
[Parallel(n_jobs=-1)]: Done  22 tasks      | elapsed: 15.7min
[Parallel(n_jobs=-1)]: Done  23 tasks      | elapsed: 15.8min
[Parallel(n_jobs=-1)]: Done  24 tasks      | elapsed: 15.8min
[Parallel(n_jobs=-1)]: Done  25 tasks      | elapsed: 15.9min
[Parallel(n_jobs=-1)]: Done  26 tasks      | elapsed: 15.9min
[Parallel(n_jobs=-1)]: Done  27 tasks      | elapsed: 15.9min
[Parallel(n_jobs=-1)]: Done  28 tasks      | elapsed: 15.9min
[Parallel(n_jobs=-1)]: Done  29 tasks      | elapsed: 15.9min
[Parallel(n_jobs=-1)]: Done  30 tasks      | elapsed: 15.9min
[Parallel(n_jobs=-1)]: Done  31 tasks      | elapsed: 15.9min
[Parallel(n_jobs=-1)]: Done  32 tasks      | elapsed: 15.9min
[Parallel(n_jobs=-1)]: Done  33 tasks      | elapsed: 15.9min
[Parallel(n_jobs=-1)]: Done  34 tasks      | elapsed: 16.0min
[Parallel(n_jobs=-1)]: Done  35 tasks      | elapsed: 16.0min
[Parallel(n_jobs=-1)]: Done  36 tasks      | elapsed: 16.0min
[Parallel(n_jobs=-1)]: Done  37 tasks      | elapsed: 16.0min
[Parallel(n_jobs=-1)]: Done  38 tasks      | elapsed: 16.0min
[Parallel(n_jobs=-1)]: Done  39 tasks      | elapsed: 16.0min
[Parallel(n_jobs=-1)]: Done  40 tasks      | elapsed: 16.0min
[Parallel(n_jobs=-1)]: Done  41 tasks      | elapsed: 23.8min
[Parallel(n_jobs=-1)]: Done  42 tasks      | elapsed: 23.9min
[Parallel(n_jobs=-1)]: Done  43 tasks      | elapsed: 24.0min
[Parallel(n_jobs=-1)]: Done  44 tasks      | elapsed: 24.0min
[Parallel(n_jobs=-1)]: Done  45 tasks      | elapsed: 24.0min
[Parallel(n_jobs=-1)]: Done  46 tasks      | elapsed: 24.0min
[Parallel(n_jobs=-1)]: Done  47 tasks      | elapsed: 24.0min
[Parallel(n_jobs=-1)]: Done  48 tasks      | elapsed: 24.0min
[Parallel(n_jobs=-1)]: Done  49 tasks      | elapsed: 24.1min
[Parallel(n_jobs=-1)]: Done  50 tasks      | elapsed: 24.1min
[Parallel(n_jobs=-1)]: Done  51 tasks      | elapsed: 24.1min
[Parallel(n_jobs=-1)]: Done  52 tasks      | elapsed: 24.1min
[Parallel(n_jobs=-1)]: Done  53 tasks      | elapsed: 24.1min
[Parallel(n_jobs=-1)]: Done  54 tasks      | elapsed: 24.1min
[Parallel(n_jobs=-1)]: Done  55 tasks      | elapsed: 24.1min
[Parallel(n_jobs=-1)]: Done  56 tasks      | elapsed: 24.2min
[Parallel(n_jobs=-1)]: Done  57 tasks      | elapsed: 24.2min
[Parallel(n_jobs=-1)]: Done  58 tasks      | elapsed: 24.2min
[Parallel(n_jobs=-1)]: Done  59 tasks      | elapsed: 24.2min
[Parallel(n_jobs=-1)]: Done  60 tasks      | elapsed: 24.2min
[Parallel(n_jobs=-1)]: Done  61 tasks      | elapsed: 31.4min
[Parallel(n_jobs=-1)]: Done  62 tasks      | elapsed: 31.4min
[Parallel(n_jobs=-1)]: Done  63 tasks      | elapsed: 31.6min
[Parallel(n_jobs=-1)]: Done  64 tasks      | elapsed: 31.6min
[Parallel(n_jobs=-1)]: Done  65 tasks      | elapsed: 31.7min
[Parallel(n_jobs=-1)]: Done  66 tasks      | elapsed: 31.7min
[Parallel(n_jobs=-1)]: Done  67 tasks      | elapsed: 31.7min
[Parallel(n_jobs=-1)]: Done  68 tasks      | elapsed: 31.7min
[Parallel(n_jobs=-1)]: Done  69 tasks      | elapsed: 31.7min
[Parallel(n_jobs=-1)]: Done  70 tasks      | elapsed: 31.8min
[Parallel(n_jobs=-1)]: Done  71 tasks      | elapsed: 31.8min
[Parallel(n_jobs=-1)]: Done  72 tasks      | elapsed: 31.8min
[Parallel(n_jobs=-1)]: Done  73 tasks      | elapsed: 31.8min
[Parallel(n_jobs=-1)]: Done  74 tasks      | elapsed: 31.9min
[Parallel(n_jobs=-1)]: Done  75 tasks      | elapsed: 31.9min
[Parallel(n_jobs=-1)]: Done  76 tasks      | elapsed: 31.9min
[Parallel(n_jobs=-1)]: Done  77 tasks      | elapsed: 31.9min
[Parallel(n_jobs=-1)]: Done  78 tasks      | elapsed: 31.9min
[Parallel(n_jobs=-1)]: Done  79 tasks      | elapsed: 31.9min
[Parallel(n_jobs=-1)]: Done  80 tasks      | elapsed: 31.9min
[Parallel(n_jobs=-1)]: Done  81 tasks      | elapsed: 39.1min
[Parallel(n_jobs=-1)]: Done  82 tasks      | elapsed: 39.2min
[Parallel(n_jobs=-1)]: Done  83 tasks      | elapsed: 39.3min
[Parallel(n_jobs=-1)]: Done  84 tasks      | elapsed: 39.4min
[Parallel(n_jobs=-1)]: Done  85 tasks      | elapsed: 39.4min
[Parallel(n_jobs=-1)]: Done  86 tasks      | elapsed: 39.5min
[Parallel(n_jobs=-1)]: Done  87 tasks      | elapsed: 39.5min
[Parallel(n_jobs=-1)]: Done  88 tasks      | elapsed: 39.5min
[Parallel(n_jobs=-1)]: Done  89 tasks      | elapsed: 39.5min
[Parallel(n_jobs=-1)]: Done  90 tasks      | elapsed: 39.6min
[Parallel(n_jobs=-1)]: Done  91 tasks      | elapsed: 39.6min
[Parallel(n_jobs=-1)]: Done  92 tasks      | elapsed: 39.6min
[Parallel(n_jobs=-1)]: Done  93 tasks      | elapsed: 39.6min
[Parallel(n_jobs=-1)]: Done  94 tasks      | elapsed: 39.7min
[Parallel(n_jobs=-1)]: Done  95 tasks      | elapsed: 39.7min
[Parallel(n_jobs=-1)]: Done  96 tasks      | elapsed: 39.7min
[Parallel(n_jobs=-1)]: Done  97 tasks      | elapsed: 39.7min
[Parallel(n_jobs=-1)]: Done  98 tasks      | elapsed: 39.7min
[Parallel(n_jobs=-1)]: Done  99 tasks      | elapsed: 39.7min
[Parallel(n_jobs=-1)]: Done 100 tasks      | elapsed: 39.8min
[Parallel(n_jobs=-1)]: Done 101 tasks      | elapsed: 47.3min
[Parallel(n_jobs=-1)]: Done 102 tasks      | elapsed: 47.4min
[Parallel(n_jobs=-1)]: Done 103 tasks      | elapsed: 47.5min
[Parallel(n_jobs=-1)]: Done 104 tasks      | elapsed: 47.6min
[Parallel(n_jobs=-1)]: Done 105 tasks      | elapsed: 47.7min
[Parallel(n_jobs=-1)]: Done 106 tasks      | elapsed: 47.7min
[Parallel(n_jobs=-1)]: Done 107 tasks      | elapsed: 47.7min
[Parallel(n_jobs=-1)]: Done 108 tasks      | elapsed: 47.8min
[Parallel(n_jobs=-1)]: Done 109 tasks      | elapsed: 47.8min
[Parallel(n_jobs=-1)]: Done 110 tasks      | elapsed: 47.9min
[Parallel(n_jobs=-1)]: Done 111 tasks      | elapsed: 47.9min
[Parallel(n_jobs=-1)]: Done 112 tasks      | elapsed: 47.9min
[Parallel(n_jobs=-1)]: Done 113 tasks      | elapsed: 47.9min
[Parallel(n_jobs=-1)]: Done 114 tasks      | elapsed: 47.9min
[Parallel(n_jobs=-1)]: Done 115 tasks      | elapsed: 48.0min
[Parallel(n_jobs=-1)]: Done 116 tasks      | elapsed: 48.0min
[Parallel(n_jobs=-1)]: Done 117 tasks      | elapsed: 48.0min
[Parallel(n_jobs=-1)]: Done 118 tasks      | elapsed: 48.0min
[Parallel(n_jobs=-1)]: Done 119 tasks      | elapsed: 48.0min
[Parallel(n_jobs=-1)]: Done 120 tasks      | elapsed: 48.0min
[Parallel(n_jobs=-1)]: Done 121 tasks      | elapsed: 55.2min
[Parallel(n_jobs=-1)]: Done 122 tasks      | elapsed: 55.4min
[Parallel(n_jobs=-1)]: Done 123 tasks      | elapsed: 55.5min
[Parallel(n_jobs=-1)]: Done 124 tasks      | elapsed: 55.5min
[Parallel(n_jobs=-1)]: Done 125 tasks      | elapsed: 55.6min
[Parallel(n_jobs=-1)]: Done 126 tasks      | elapsed: 55.6min
[Parallel(n_jobs=-1)]: Done 127 tasks      | elapsed: 55.7min
[Parallel(n_jobs=-1)]: Done 128 tasks      | elapsed: 55.7min
[Parallel(n_jobs=-1)]: Done 129 tasks      | elapsed: 55.7min
[Parallel(n_jobs=-1)]: Done 130 tasks      | elapsed: 55.8min
[Parallel(n_jobs=-1)]: Done 131 tasks      | elapsed: 55.8min
[Parallel(n_jobs=-1)]: Done 132 tasks      | elapsed: 55.8min
[Parallel(n_jobs=-1)]: Done 133 tasks      | elapsed: 55.8min
[Parallel(n_jobs=-1)]: Done 134 tasks      | elapsed: 55.9min
[Parallel(n_jobs=-1)]: Done 135 tasks      | elapsed: 55.9min
[Parallel(n_jobs=-1)]: Done 136 tasks      | elapsed: 55.9min
[Parallel(n_jobs=-1)]: Done 137 tasks      | elapsed: 55.9min
[Parallel(n_jobs=-1)]: Done 138 tasks      | elapsed: 55.9min
[Parallel(n_jobs=-1)]: Done 139 tasks      | elapsed: 55.9min
[Parallel(n_jobs=-1)]: Done 140 tasks      | elapsed: 56.0min
[Parallel(n_jobs=-1)]: Done 141 tasks      | elapsed: 63.1min
[Parallel(n_jobs=-1)]: Done 142 tasks      | elapsed: 63.5min
[Parallel(n_jobs=-1)]: Done 143 tasks      | elapsed: 63.5min
[Parallel(n_jobs=-1)]: Done 144 tasks      | elapsed: 63.6min
[Parallel(n_jobs=-1)]: Done 145 tasks      | elapsed: 63.7min
[Parallel(n_jobs=-1)]: Done 146 tasks      | elapsed: 63.7min
[Parallel(n_jobs=-1)]: Done 147 tasks      | elapsed: 63.8min
[Parallel(n_jobs=-1)]: Done 148 tasks      | elapsed: 63.8min
[Parallel(n_jobs=-1)]: Done 149 tasks      | elapsed: 63.8min
[Parallel(n_jobs=-1)]: Done 150 tasks      | elapsed: 63.9min
[Parallel(n_jobs=-1)]: Done 151 tasks      | elapsed: 63.9min
[Parallel(n_jobs=-1)]: Done 152 tasks      | elapsed: 64.0min
[Parallel(n_jobs=-1)]: Done 153 tasks      | elapsed: 64.0min
[Parallel(n_jobs=-1)]: Done 154 tasks      | elapsed: 64.0min
[Parallel(n_jobs=-1)]: Done 155 tasks      | elapsed: 64.0min
[Parallel(n_jobs=-1)]: Done 156 tasks      | elapsed: 64.1min
[Parallel(n_jobs=-1)]: Done 157 tasks      | elapsed: 64.1min
[Parallel(n_jobs=-1)]: Done 158 tasks      | elapsed: 64.1min
[Parallel(n_jobs=-1)]: Done 159 tasks      | elapsed: 64.1min
[Parallel(n_jobs=-1)]: Done 160 tasks      | elapsed: 64.2min
[Parallel(n_jobs=-1)]: Done 161 tasks      | elapsed: 71.2min
[Parallel(n_jobs=-1)]: Done 162 tasks      | elapsed: 71.5min
[Parallel(n_jobs=-1)]: Done 163 tasks      | elapsed: 71.7min
[Parallel(n_jobs=-1)]: Done 164 tasks      | elapsed: 71.8min
[Parallel(n_jobs=-1)]: Done 165 tasks      | elapsed: 71.8min
[Parallel(n_jobs=-1)]: Done 166 tasks      | elapsed: 71.9min
[Parallel(n_jobs=-1)]: Done 167 tasks      | elapsed: 71.9min
[Parallel(n_jobs=-1)]: Done 168 tasks      | elapsed: 71.9min
[Parallel(n_jobs=-1)]: Done 169 tasks      | elapsed: 71.9min
[Parallel(n_jobs=-1)]: Done 170 tasks      | elapsed: 72.0min
[Parallel(n_jobs=-1)]: Done 171 tasks      | elapsed: 72.0min
[Parallel(n_jobs=-1)]: Done 172 tasks      | elapsed: 72.1min
[Parallel(n_jobs=-1)]: Done 173 tasks      | elapsed: 72.1min
[Parallel(n_jobs=-1)]: Done 174 tasks      | elapsed: 72.1min
[Parallel(n_jobs=-1)]: Done 175 tasks      | elapsed: 72.1min
[Parallel(n_jobs=-1)]: Done 176 tasks      | elapsed: 72.2min
[Parallel(n_jobs=-1)]: Done 177 tasks      | elapsed: 72.2min
[Parallel(n_jobs=-1)]: Done 178 tasks      | elapsed: 72.3min
[Parallel(n_jobs=-1)]: Done 179 tasks      | elapsed: 72.3min
[Parallel(n_jobs=-1)]: Done 180 tasks      | elapsed: 72.4min
[Parallel(n_jobs=-1)]: Done 181 tasks      | elapsed: 78.9min
[Parallel(n_jobs=-1)]: Done 182 tasks      | elapsed: 79.2min
[Parallel(n_jobs=-1)]: Done 183 tasks      | elapsed: 79.5min
[Parallel(n_jobs=-1)]: Done 189 out of 222 | elapsed: 79.8min remaining: 13.9min
[Parallel(n_jobs=-1)]: Done 195 out of 222 | elapsed: 80.0min remaining: 11.1min
[Parallel(n_jobs=-1)]: Done 201 out of 222 | elapsed: 86.8min remaining:  9.1min
[Parallel(n_jobs=-1)]: Done 207 out of 222 | elapsed: 87.7min remaining:  6.4min
[Parallel(n_jobs=-1)]: Done 213 out of 222 | elapsed: 87.9min remaining:  3.7min
[Parallel(n_jobs=-1)]: Done 219 out of 222 | elapsed: 88.1min remaining:  1.2min
[Parallel(n_jobs=-1)]: Done 222 out of 222 | elapsed: 92.0min finished
/hpc/group/coganlab/bl314/miniconda3/envs/ieeg/lib/python3.10/site-packages/ieeg/io.py:267: RuntimeWarning: Converting data files to EDF format
  write_raw_bids(run, bids_path, allow_preload=True, format=format,
/hpc/group/coganlab/bl314/miniconda3/envs/ieeg/lib/python3.10/site-packages/ieeg/io.py:267: RuntimeWarning: EDF format requires equal-length data blocks, so 1 seconds of edge values were appended to all channels when writing the final block.
  write_raw_bids(run, bids_path, allow_preload=True, format=format,
/hpc/group/coganlab/bl314/miniconda3/envs/ieeg/lib/python3.10/site-packages/ieeg/io.py:267: RuntimeWarning: Converting data files to EDF format
  write_raw_bids(run, bids_path, allow_preload=True, format=format,
/hpc/group/coganlab/bl314/miniconda3/envs/ieeg/lib/python3.10/site-packages/ieeg/io.py:267: RuntimeWarning: EDF format requires equal-length data blocks, so 1 seconds of edge values were appended to all channels when writing the final block.
  write_raw_bids(run, bids_path, allow_preload=True, format=format,
/hpc/group/coganlab/bl314/miniconda3/envs/ieeg/lib/python3.10/site-packages/ieeg/io.py:267: RuntimeWarning: Converting data files to EDF format
  write_raw_bids(run, bids_path, allow_preload=True, format=format,
/hpc/group/coganlab/bl314/miniconda3/envs/ieeg/lib/python3.10/site-packages/ieeg/io.py:267: RuntimeWarning: EDF format requires equal-length data blocks, so 1 seconds of edge values were appended to all channels when writing the final block.
  write_raw_bids(run, bids_path, allow_preload=True, format=format,
/hpc/group/coganlab/bl314/miniconda3/envs/ieeg/lib/python3.10/site-packages/ieeg/io.py:267: RuntimeWarning: Converting data files to EDF format
  write_raw_bids(run, bids_path, allow_preload=True, format=format,
Traceback (most recent call last):
  File "/hpc/group/coganlab/bl314/codes/ieeg_tmp/lexicalrep_ln_outlier.py", line 71, in <module>
    update_tsv(subject, tsv_loc)
  File "/hpc/group/coganlab/bl314/codes/ieeg_tmp/lexicalrep_ln_outlier.py", line 16, in update_tsv
    files = [f for f in os.listdir(search_dir) if re.match(pattern, f)]
FileNotFoundError: [Errno 2] No such file or directory: '/hpc/home/bl314/workspace/BIDS-1.0_LexicalDecRepDelay/BIDS/derivatives/clean/sub-81/ieeg'
