/hpc/group/coganlab/bl314/miniconda3/envs/ieeg/lib/python3.10/site-packages/ieeg/io.py:113: RuntimeWarning: The number of channels in the channels.tsv sidecar file (158) does not match the number of channels in the raw data file (135). Will not try to set channel names.
  new_raw = read_raw_bids(bids_path=BIDS_path, verbose=verbose)
/hpc/group/coganlab/bl314/miniconda3/envs/ieeg/lib/python3.10/site-packages/ieeg/io.py:113: RuntimeWarning: Cannot set channel type for the following channels, as they are missing in the raw data: 
  new_raw = read_raw_bids(bids_path=BIDS_path, verbose=verbose)
/hpc/group/coganlab/bl314/miniconda3/envs/ieeg/lib/python3.10/site-packages/ieeg/io.py:113: RuntimeWarning: The number of channels in the channels.tsv sidecar file (158) does not match the number of channels in the raw data file (135). Will not try to set channel names.
  new_raw = read_raw_bids(bids_path=BIDS_path, verbose=verbose)
/hpc/group/coganlab/bl314/miniconda3/envs/ieeg/lib/python3.10/site-packages/ieeg/io.py:113: RuntimeWarning: Cannot set channel type for the following channels, as they are missing in the raw data: 
  new_raw = read_raw_bids(bids_path=BIDS_path, verbose=verbose)
/hpc/group/coganlab/bl314/miniconda3/envs/ieeg/lib/python3.10/site-packages/ieeg/io.py:113: RuntimeWarning: The number of channels in the channels.tsv sidecar file (158) does not match the number of channels in the raw data file (135). Will not try to set channel names.
  new_raw = read_raw_bids(bids_path=BIDS_path, verbose=verbose)
/hpc/group/coganlab/bl314/miniconda3/envs/ieeg/lib/python3.10/site-packages/ieeg/io.py:113: RuntimeWarning: Cannot set channel type for the following channels, as they are missing in the raw data: 
  new_raw = read_raw_bids(bids_path=BIDS_path, verbose=verbose)
/hpc/group/coganlab/bl314/miniconda3/envs/ieeg/lib/python3.10/site-packages/ieeg/io.py:113: RuntimeWarning: The number of channels in the channels.tsv sidecar file (158) does not match the number of channels in the raw data file (135). Will not try to set channel names.
  new_raw = read_raw_bids(bids_path=BIDS_path, verbose=verbose)
/hpc/group/coganlab/bl314/miniconda3/envs/ieeg/lib/python3.10/site-packages/ieeg/io.py:113: RuntimeWarning: Cannot set channel type for the following channels, as they are missing in the raw data: 
  new_raw = read_raw_bids(bids_path=BIDS_path, verbose=verbose)
[Parallel(n_jobs=-1)]: Using backend LokyBackend with 20 concurrent workers.
[Parallel(n_jobs=-1)]: Done   1 tasks      | elapsed:   16.3s
[Parallel(n_jobs=-1)]: Done   2 tasks      | elapsed:   16.5s
[Parallel(n_jobs=-1)]: Done   3 tasks      | elapsed:   18.3s
[Parallel(n_jobs=-1)]: Done   4 tasks      | elapsed:   18.5s
[Parallel(n_jobs=-1)]: Done   5 tasks      | elapsed:   18.7s
[Parallel(n_jobs=-1)]: Done   6 tasks      | elapsed:   19.0s
[Parallel(n_jobs=-1)]: Done   7 tasks      | elapsed:   19.3s
[Parallel(n_jobs=-1)]: Done   8 tasks      | elapsed:   19.5s
[Parallel(n_jobs=-1)]: Done   9 tasks      | elapsed:   19.7s
[Parallel(n_jobs=-1)]: Done  10 tasks      | elapsed:   20.5s
[Parallel(n_jobs=-1)]: Done  11 tasks      | elapsed:   21.6s
[Parallel(n_jobs=-1)]: Done  12 tasks      | elapsed:   21.8s
[Parallel(n_jobs=-1)]: Done  13 tasks      | elapsed:   22.0s
[Parallel(n_jobs=-1)]: Done  14 tasks      | elapsed:   22.2s
[Parallel(n_jobs=-1)]: Done  15 tasks      | elapsed:   22.5s
[Parallel(n_jobs=-1)]: Done  16 tasks      | elapsed:   22.7s
[Parallel(n_jobs=-1)]: Done  17 tasks      | elapsed:   23.0s
[Parallel(n_jobs=-1)]: Done  18 tasks      | elapsed:   23.3s
[Parallel(n_jobs=-1)]: Done  19 tasks      | elapsed:   23.5s
[Parallel(n_jobs=-1)]: Done  20 tasks      | elapsed:   23.9s
[Parallel(n_jobs=-1)]: Done  21 tasks      | elapsed:   28.0s
[Parallel(n_jobs=-1)]: Done  22 tasks      | elapsed:   31.6s
[Parallel(n_jobs=-1)]: Done  23 tasks      | elapsed:   32.5s
[Parallel(n_jobs=-1)]: Done  24 tasks      | elapsed:   33.2s
[Parallel(n_jobs=-1)]: Done  25 tasks      | elapsed:   33.5s
[Parallel(n_jobs=-1)]: Done  26 tasks      | elapsed:   33.7s
[Parallel(n_jobs=-1)]: Done  27 tasks      | elapsed:   34.6s
[Parallel(n_jobs=-1)]: Done  28 tasks      | elapsed:   38.0s
[Parallel(n_jobs=-1)]: Done  29 tasks      | elapsed:   38.3s
[Parallel(n_jobs=-1)]: Done  30 tasks      | elapsed:   38.7s
[Parallel(n_jobs=-1)]: Done  31 tasks      | elapsed:   39.8s
[Parallel(n_jobs=-1)]: Done  32 tasks      | elapsed:   40.0s
[Parallel(n_jobs=-1)]: Done  33 tasks      | elapsed:   40.2s
[Parallel(n_jobs=-1)]: Done  34 tasks      | elapsed:   40.4s
[Parallel(n_jobs=-1)]: Done  35 tasks      | elapsed:   40.6s
[Parallel(n_jobs=-1)]: Done  36 tasks      | elapsed:   41.2s
[Parallel(n_jobs=-1)]: Done  37 tasks      | elapsed:   41.4s
[Parallel(n_jobs=-1)]: Done  38 tasks      | elapsed:   43.5s
[Parallel(n_jobs=-1)]: Done  39 tasks      | elapsed:   44.2s
[Parallel(n_jobs=-1)]: Done  40 tasks      | elapsed:   44.7s
[Parallel(n_jobs=-1)]: Done  41 tasks      | elapsed:   44.9s
[Parallel(n_jobs=-1)]: Done  42 tasks      | elapsed:   47.0s
[Parallel(n_jobs=-1)]: Done  43 tasks      | elapsed:   47.2s
[Parallel(n_jobs=-1)]: Done  44 tasks      | elapsed:   48.9s
[Parallel(n_jobs=-1)]: Done  45 tasks      | elapsed:   51.0s
[Parallel(n_jobs=-1)]: Done  46 tasks      | elapsed:   51.3s
[Parallel(n_jobs=-1)]: Done  47 tasks      | elapsed:   51.5s
[Parallel(n_jobs=-1)]: Done  48 tasks      | elapsed:   52.3s
[Parallel(n_jobs=-1)]: Done  49 tasks      | elapsed:   54.7s
[Parallel(n_jobs=-1)]: Done  50 tasks      | elapsed:   55.5s
[Parallel(n_jobs=-1)]: Done  51 tasks      | elapsed:   55.7s
[Parallel(n_jobs=-1)]: Done  52 tasks      | elapsed:   56.4s
[Parallel(n_jobs=-1)]: Done  53 tasks      | elapsed:   56.9s
[Parallel(n_jobs=-1)]: Done  54 tasks      | elapsed:   57.2s
[Parallel(n_jobs=-1)]: Done  55 tasks      | elapsed:   57.5s
[Parallel(n_jobs=-1)]: Done  56 tasks      | elapsed:   58.3s
[Parallel(n_jobs=-1)]: Done  57 tasks      | elapsed:   58.6s
[Parallel(n_jobs=-1)]: Done  58 tasks      | elapsed:   59.4s
[Parallel(n_jobs=-1)]: Done  59 tasks      | elapsed:   59.6s
[Parallel(n_jobs=-1)]: Done  60 tasks      | elapsed:  1.0min
[Parallel(n_jobs=-1)]: Done  61 tasks      | elapsed:  1.0min
[Parallel(n_jobs=-1)]: Done  62 tasks      | elapsed:  1.1min
[Parallel(n_jobs=-1)]: Done  63 tasks      | elapsed:  1.1min
[Parallel(n_jobs=-1)]: Done  64 tasks      | elapsed:  1.1min
[Parallel(n_jobs=-1)]: Done  65 tasks      | elapsed:  1.1min
[Parallel(n_jobs=-1)]: Done  66 tasks      | elapsed:  1.1min
[Parallel(n_jobs=-1)]: Done  67 tasks      | elapsed:  1.1min
[Parallel(n_jobs=-1)]: Done  68 tasks      | elapsed:  1.2min
[Parallel(n_jobs=-1)]: Done  69 tasks      | elapsed:  1.2min
[Parallel(n_jobs=-1)]: Done  70 tasks      | elapsed:  1.2min
[Parallel(n_jobs=-1)]: Done  71 tasks      | elapsed:  1.2min
[Parallel(n_jobs=-1)]: Done  72 tasks      | elapsed:  1.2min
[Parallel(n_jobs=-1)]: Done  73 tasks      | elapsed:  1.2min
[Parallel(n_jobs=-1)]: Done  74 tasks      | elapsed:  1.2min
[Parallel(n_jobs=-1)]: Done  75 tasks      | elapsed:  1.2min
[Parallel(n_jobs=-1)]: Done  76 tasks      | elapsed:  1.3min
[Parallel(n_jobs=-1)]: Done  77 tasks      | elapsed:  1.3min
[Parallel(n_jobs=-1)]: Done  78 tasks      | elapsed:  1.3min
[Parallel(n_jobs=-1)]: Done  79 tasks      | elapsed:  1.3min
[Parallel(n_jobs=-1)]: Done  80 tasks      | elapsed:  1.3min
[Parallel(n_jobs=-1)]: Done  81 tasks      | elapsed:  1.3min
[Parallel(n_jobs=-1)]: Done  82 tasks      | elapsed:  1.3min
[Parallel(n_jobs=-1)]: Done  83 tasks      | elapsed:  1.4min
[Parallel(n_jobs=-1)]: Done  84 tasks      | elapsed:  1.4min
[Parallel(n_jobs=-1)]: Done  85 tasks      | elapsed:  1.4min
[Parallel(n_jobs=-1)]: Done  86 tasks      | elapsed:  1.4min
[Parallel(n_jobs=-1)]: Done  87 tasks      | elapsed:  1.4min
[Parallel(n_jobs=-1)]: Done  88 tasks      | elapsed:  1.4min
[Parallel(n_jobs=-1)]: Done  89 tasks      | elapsed:  1.4min
[Parallel(n_jobs=-1)]: Done  90 tasks      | elapsed:  1.4min
[Parallel(n_jobs=-1)]: Done  91 tasks      | elapsed:  1.5min
[Parallel(n_jobs=-1)]: Done  92 tasks      | elapsed:  1.5min
[Parallel(n_jobs=-1)]: Done  93 tasks      | elapsed:  1.5min
[Parallel(n_jobs=-1)]: Done  94 tasks      | elapsed:  1.5min
[Parallel(n_jobs=-1)]: Done  95 tasks      | elapsed:  1.5min
[Parallel(n_jobs=-1)]: Done  99 out of 134 | elapsed:  1.6min remaining:   33.0s
[Parallel(n_jobs=-1)]: Done 103 out of 134 | elapsed:  1.6min remaining:   29.2s
[Parallel(n_jobs=-1)]: Done 107 out of 134 | elapsed:  1.7min remaining:   25.1s
[Parallel(n_jobs=-1)]: Done 111 out of 134 | elapsed:  1.8min remaining:   21.9s
[Parallel(n_jobs=-1)]: Done 115 out of 134 | elapsed:  1.8min remaining:   17.9s
[Parallel(n_jobs=-1)]: Done 119 out of 134 | elapsed:  1.8min remaining:   13.9s
[Parallel(n_jobs=-1)]: Done 123 out of 134 | elapsed:  1.9min remaining:   10.0s
[Parallel(n_jobs=-1)]: Done 127 out of 134 | elapsed:  1.9min remaining:    6.4s
[Parallel(n_jobs=-1)]: Done 131 out of 134 | elapsed:  2.0min remaining:    2.8s
[Parallel(n_jobs=-1)]: Done 134 out of 134 | elapsed:  2.0min finished
[Parallel(n_jobs=-1)]: Using backend LokyBackend with 20 concurrent workers.
[Parallel(n_jobs=-1)]: Done   1 tasks      | elapsed:  4.1min
/hpc/group/coganlab/bl314/miniconda3/envs/ieeg/lib/python3.10/site-packages/joblib/externals/loky/process_executor.py:752: UserWarning: A worker stopped while some jobs were given to the executor. This can be caused by a too short worker timeout or by a memory leak.
  warnings.warn(
[Parallel(n_jobs=-1)]: Done   2 tasks      | elapsed:  4.1min
[Parallel(n_jobs=-1)]: Done   3 tasks      | elapsed:  4.7min
[Parallel(n_jobs=-1)]: Done   4 tasks      | elapsed:  4.8min
[Parallel(n_jobs=-1)]: Done   5 tasks      | elapsed:  4.8min
[Parallel(n_jobs=-1)]: Done   6 tasks      | elapsed:  4.8min
[Parallel(n_jobs=-1)]: Done   7 tasks      | elapsed:  4.8min
[Parallel(n_jobs=-1)]: Done   8 tasks      | elapsed:  4.9min
[Parallel(n_jobs=-1)]: Done   9 tasks      | elapsed:  4.9min
[Parallel(n_jobs=-1)]: Done  10 tasks      | elapsed:  4.9min
[Parallel(n_jobs=-1)]: Done  11 tasks      | elapsed:  5.0min
[Parallel(n_jobs=-1)]: Done  12 tasks      | elapsed:  5.0min
[Parallel(n_jobs=-1)]: Done  13 tasks      | elapsed:  5.0min
[Parallel(n_jobs=-1)]: Done  14 tasks      | elapsed:  5.0min
[Parallel(n_jobs=-1)]: Done  15 tasks      | elapsed:  5.0min
[Parallel(n_jobs=-1)]: Done  16 tasks      | elapsed:  5.0min
[Parallel(n_jobs=-1)]: Done  17 tasks      | elapsed:  5.0min
[Parallel(n_jobs=-1)]: Done  18 tasks      | elapsed:  5.1min
[Parallel(n_jobs=-1)]: Done  19 tasks      | elapsed:  5.1min
[Parallel(n_jobs=-1)]: Done  20 tasks      | elapsed:  5.1min
[Parallel(n_jobs=-1)]: Done  21 tasks      | elapsed:  8.1min
[Parallel(n_jobs=-1)]: Done  22 tasks      | elapsed:  8.3min
[Parallel(n_jobs=-1)]: Done  23 tasks      | elapsed:  9.4min
[Parallel(n_jobs=-1)]: Done  24 tasks      | elapsed:  9.6min
[Parallel(n_jobs=-1)]: Done  25 tasks      | elapsed:  9.7min
[Parallel(n_jobs=-1)]: Done  26 tasks      | elapsed:  9.7min
[Parallel(n_jobs=-1)]: Done  27 tasks      | elapsed:  9.7min
[Parallel(n_jobs=-1)]: Done  28 tasks      | elapsed:  9.7min
[Parallel(n_jobs=-1)]: Done  29 tasks      | elapsed:  9.8min
[Parallel(n_jobs=-1)]: Done  30 tasks      | elapsed:  9.8min
[Parallel(n_jobs=-1)]: Done  31 tasks      | elapsed:  9.9min
[Parallel(n_jobs=-1)]: Done  32 tasks      | elapsed: 10.0min
[Parallel(n_jobs=-1)]: Done  33 tasks      | elapsed: 10.0min
[Parallel(n_jobs=-1)]: Done  34 tasks      | elapsed: 10.0min
[Parallel(n_jobs=-1)]: Done  35 tasks      | elapsed: 10.0min
[Parallel(n_jobs=-1)]: Done  36 tasks      | elapsed: 10.1min
[Parallel(n_jobs=-1)]: Done  37 tasks      | elapsed: 10.2min
[Parallel(n_jobs=-1)]: Done  38 tasks      | elapsed: 10.2min
[Parallel(n_jobs=-1)]: Done  39 tasks      | elapsed: 10.2min
[Parallel(n_jobs=-1)]: Done  40 tasks      | elapsed: 10.3min
[Parallel(n_jobs=-1)]: Done  41 tasks      | elapsed: 12.1min
[Parallel(n_jobs=-1)]: Done  42 tasks      | elapsed: 12.2min
[Parallel(n_jobs=-1)]: Done  43 tasks      | elapsed: 14.2min
[Parallel(n_jobs=-1)]: Done  44 tasks      | elapsed: 14.4min
[Parallel(n_jobs=-1)]: Done  45 tasks      | elapsed: 14.4min
[Parallel(n_jobs=-1)]: Done  46 tasks      | elapsed: 14.5min
[Parallel(n_jobs=-1)]: Done  47 tasks      | elapsed: 14.5min
[Parallel(n_jobs=-1)]: Done  48 tasks      | elapsed: 14.6min
[Parallel(n_jobs=-1)]: Done  49 tasks      | elapsed: 14.6min
[Parallel(n_jobs=-1)]: Done  50 tasks      | elapsed: 14.7min
[Parallel(n_jobs=-1)]: Done  51 tasks      | elapsed: 14.7min
[Parallel(n_jobs=-1)]: Done  52 tasks      | elapsed: 14.8min
[Parallel(n_jobs=-1)]: Done  53 tasks      | elapsed: 14.8min
[Parallel(n_jobs=-1)]: Done  54 tasks      | elapsed: 14.9min
[Parallel(n_jobs=-1)]: Done  55 tasks      | elapsed: 14.9min
[Parallel(n_jobs=-1)]: Done  56 tasks      | elapsed: 14.9min
[Parallel(n_jobs=-1)]: Done  57 tasks      | elapsed: 15.0min
[Parallel(n_jobs=-1)]: Done  58 tasks      | elapsed: 15.2min
[Parallel(n_jobs=-1)]: Done  59 tasks      | elapsed: 15.2min
[Parallel(n_jobs=-1)]: Done  60 tasks      | elapsed: 15.2min
[Parallel(n_jobs=-1)]: Done  61 tasks      | elapsed: 16.1min
[Parallel(n_jobs=-1)]: Done  62 tasks      | elapsed: 17.2min
[Parallel(n_jobs=-1)]: Done  63 tasks      | elapsed: 18.8min
[Parallel(n_jobs=-1)]: Done  64 tasks      | elapsed: 19.3min
[Parallel(n_jobs=-1)]: Done  65 tasks      | elapsed: 19.4min
[Parallel(n_jobs=-1)]: Done  66 tasks      | elapsed: 19.4min
[Parallel(n_jobs=-1)]: Done  67 tasks      | elapsed: 19.5min
[Parallel(n_jobs=-1)]: Done  68 tasks      | elapsed: 19.5min
[Parallel(n_jobs=-1)]: Done  69 tasks      | elapsed: 19.5min
[Parallel(n_jobs=-1)]: Done  70 tasks      | elapsed: 19.6min
[Parallel(n_jobs=-1)]: Done  71 tasks      | elapsed: 19.6min
[Parallel(n_jobs=-1)]: Done  72 tasks      | elapsed: 19.7min
[Parallel(n_jobs=-1)]: Done  73 tasks      | elapsed: 19.7min
[Parallel(n_jobs=-1)]: Done  74 tasks      | elapsed: 19.7min
[Parallel(n_jobs=-1)]: Done  75 tasks      | elapsed: 19.8min
[Parallel(n_jobs=-1)]: Done  76 tasks      | elapsed: 19.8min
[Parallel(n_jobs=-1)]: Done  77 tasks      | elapsed: 20.0min
[Parallel(n_jobs=-1)]: Done  78 tasks      | elapsed: 20.0min
[Parallel(n_jobs=-1)]: Done  79 tasks      | elapsed: 20.3min
[Parallel(n_jobs=-1)]: Done  80 tasks      | elapsed: 20.4min
[Parallel(n_jobs=-1)]: Done  81 tasks      | elapsed: 20.9min
[Parallel(n_jobs=-1)]: Done  82 tasks      | elapsed: 22.0min
[Parallel(n_jobs=-1)]: Done  83 tasks      | elapsed: 23.5min
[Parallel(n_jobs=-1)]: Done  84 tasks      | elapsed: 23.7min
[Parallel(n_jobs=-1)]: Done  85 tasks      | elapsed: 24.0min
[Parallel(n_jobs=-1)]: Done  86 tasks      | elapsed: 24.1min
[Parallel(n_jobs=-1)]: Done  87 tasks      | elapsed: 24.2min
[Parallel(n_jobs=-1)]: Done  88 tasks      | elapsed: 24.3min
[Parallel(n_jobs=-1)]: Done  89 tasks      | elapsed: 24.3min
[Parallel(n_jobs=-1)]: Done  90 tasks      | elapsed: 24.4min
[Parallel(n_jobs=-1)]: Done  91 tasks      | elapsed: 24.5min
[Parallel(n_jobs=-1)]: Done  92 tasks      | elapsed: 24.5min
[Parallel(n_jobs=-1)]: Done  93 tasks      | elapsed: 24.5min
[Parallel(n_jobs=-1)]: Done  94 tasks      | elapsed: 24.6min
[Parallel(n_jobs=-1)]: Done  95 tasks      | elapsed: 24.6min
[Parallel(n_jobs=-1)]: Done  99 out of 134 | elapsed: 24.8min remaining:  8.8min
[Parallel(n_jobs=-1)]: Done 103 out of 134 | elapsed: 27.4min remaining:  8.2min
[Parallel(n_jobs=-1)]: Done 107 out of 134 | elapsed: 29.0min remaining:  7.3min
[Parallel(n_jobs=-1)]: Done 111 out of 134 | elapsed: 29.3min remaining:  6.1min
[Parallel(n_jobs=-1)]: Done 115 out of 134 | elapsed: 29.5min remaining:  4.9min
[Parallel(n_jobs=-1)]: Done 119 out of 134 | elapsed: 29.8min remaining:  3.8min
[Parallel(n_jobs=-1)]: Done 123 out of 134 | elapsed: 31.8min remaining:  2.8min
[Parallel(n_jobs=-1)]: Done 127 out of 134 | elapsed: 33.1min remaining:  1.8min
[Parallel(n_jobs=-1)]: Done 131 out of 134 | elapsed: 33.3min remaining:   45.8s
[Parallel(n_jobs=-1)]: Done 134 out of 134 | elapsed: 33.4min finished
/hpc/group/coganlab/bl314/miniconda3/envs/ieeg/lib/python3.10/site-packages/ieeg/io.py:267: RuntimeWarning: Converting data files to EDF format
  write_raw_bids(run, bids_path, allow_preload=True, format=format,
/hpc/group/coganlab/bl314/miniconda3/envs/ieeg/lib/python3.10/site-packages/ieeg/io.py:267: RuntimeWarning: EDF format requires equal-length data blocks, so 1 seconds of edge values were appended to all channels when writing the final block.
  write_raw_bids(run, bids_path, allow_preload=True, format=format,
/hpc/group/coganlab/bl314/miniconda3/envs/ieeg/lib/python3.10/site-packages/ieeg/io.py:267: RuntimeWarning: Converting data files to EDF format
  write_raw_bids(run, bids_path, allow_preload=True, format=format,
/hpc/group/coganlab/bl314/miniconda3/envs/ieeg/lib/python3.10/site-packages/ieeg/io.py:267: RuntimeWarning: EDF format requires equal-length data blocks, so 1 seconds of edge values were appended to all channels when writing the final block.
  write_raw_bids(run, bids_path, allow_preload=True, format=format,
/hpc/group/coganlab/bl314/miniconda3/envs/ieeg/lib/python3.10/site-packages/ieeg/io.py:267: RuntimeWarning: Converting data files to EDF format
  write_raw_bids(run, bids_path, allow_preload=True, format=format,
/hpc/group/coganlab/bl314/miniconda3/envs/ieeg/lib/python3.10/site-packages/ieeg/io.py:267: RuntimeWarning: EDF format requires equal-length data blocks, so 1 seconds of edge values were appended to all channels when writing the final block.
  write_raw_bids(run, bids_path, allow_preload=True, format=format,
/hpc/group/coganlab/bl314/miniconda3/envs/ieeg/lib/python3.10/site-packages/ieeg/io.py:267: RuntimeWarning: Converting data files to EDF format
  write_raw_bids(run, bids_path, allow_preload=True, format=format,
Traceback (most recent call last):
  File "/hpc/group/coganlab/bl314/codes/ieeg_tmp/lexicalrep_ln_outlier.py", line 71, in <module>
    update_tsv(subject, tsv_loc)
  File "/hpc/group/coganlab/bl314/codes/ieeg_tmp/lexicalrep_ln_outlier.py", line 16, in update_tsv
    files = [f for f in os.listdir(search_dir) if re.match(pattern, f)]
FileNotFoundError: [Errno 2] No such file or directory: '/hpc/home/bl314/workspace/BIDS-1.0_LexicalDecRepDelay/BIDS/derivatives/clean/sub-77/ieeg'
