[Parallel(n_jobs=-1)]: Using backend LokyBackend with 20 concurrent workers.
[Parallel(n_jobs=-1)]: Done   1 tasks      | elapsed:   16.0s
[Parallel(n_jobs=-1)]: Done   2 tasks      | elapsed:   16.2s
[Parallel(n_jobs=-1)]: Done   3 tasks      | elapsed:   19.5s
[Parallel(n_jobs=-1)]: Done   4 tasks      | elapsed:   19.9s
[Parallel(n_jobs=-1)]: Done   5 tasks      | elapsed:   20.0s
[Parallel(n_jobs=-1)]: Done   6 tasks      | elapsed:   20.3s
[Parallel(n_jobs=-1)]: Done   7 tasks      | elapsed:   20.5s
[Parallel(n_jobs=-1)]: Done   8 tasks      | elapsed:   20.6s
[Parallel(n_jobs=-1)]: Done   9 tasks      | elapsed:   20.8s
[Parallel(n_jobs=-1)]: Done  10 tasks      | elapsed:   20.9s
[Parallel(n_jobs=-1)]: Done  11 tasks      | elapsed:   21.1s
[Parallel(n_jobs=-1)]: Done  12 tasks      | elapsed:   21.3s
[Parallel(n_jobs=-1)]: Done  13 tasks      | elapsed:   21.4s
[Parallel(n_jobs=-1)]: Done  14 tasks      | elapsed:   21.6s
[Parallel(n_jobs=-1)]: Done  15 tasks      | elapsed:   21.8s
[Parallel(n_jobs=-1)]: Done  16 tasks      | elapsed:   22.0s
[Parallel(n_jobs=-1)]: Done  17 tasks      | elapsed:   22.1s
[Parallel(n_jobs=-1)]: Done  18 tasks      | elapsed:   22.3s
[Parallel(n_jobs=-1)]: Done  19 tasks      | elapsed:   22.5s
[Parallel(n_jobs=-1)]: Done  20 tasks      | elapsed:   22.7s
[Parallel(n_jobs=-1)]: Done  21 tasks      | elapsed:   29.8s
[Parallel(n_jobs=-1)]: Done  22 tasks      | elapsed:   33.8s
[Parallel(n_jobs=-1)]: Done  23 tasks      | elapsed:   34.2s
[Parallel(n_jobs=-1)]: Done  24 tasks      | elapsed:   36.9s
[Parallel(n_jobs=-1)]: Done  25 tasks      | elapsed:   37.7s
[Parallel(n_jobs=-1)]: Done  26 tasks      | elapsed:   37.9s
[Parallel(n_jobs=-1)]: Done  27 tasks      | elapsed:   38.1s
[Parallel(n_jobs=-1)]: Done  28 tasks      | elapsed:   38.4s
[Parallel(n_jobs=-1)]: Done  29 tasks      | elapsed:   38.8s
[Parallel(n_jobs=-1)]: Done  30 tasks      | elapsed:   39.0s
[Parallel(n_jobs=-1)]: Done  31 tasks      | elapsed:   39.2s
[Parallel(n_jobs=-1)]: Done  32 tasks      | elapsed:   39.4s
[Parallel(n_jobs=-1)]: Done  33 tasks      | elapsed:   39.6s
[Parallel(n_jobs=-1)]: Done  34 tasks      | elapsed:   39.7s
[Parallel(n_jobs=-1)]: Done  35 tasks      | elapsed:   40.0s
[Parallel(n_jobs=-1)]: Done  36 tasks      | elapsed:   40.2s
[Parallel(n_jobs=-1)]: Done  37 tasks      | elapsed:   40.4s
[Parallel(n_jobs=-1)]: Done  38 tasks      | elapsed:   40.6s
[Parallel(n_jobs=-1)]: Done  39 tasks      | elapsed:   40.8s
[Parallel(n_jobs=-1)]: Done  40 tasks      | elapsed:   40.9s
[Parallel(n_jobs=-1)]: Done  41 tasks      | elapsed:   43.5s
[Parallel(n_jobs=-1)]: Done  42 tasks      | elapsed:   47.8s
[Parallel(n_jobs=-1)]: Done  43 tasks      | elapsed:   52.1s
[Parallel(n_jobs=-1)]: Done  44 tasks      | elapsed:   54.9s
[Parallel(n_jobs=-1)]: Done  45 tasks      | elapsed:   55.1s
[Parallel(n_jobs=-1)]: Done  46 tasks      | elapsed:   55.4s
[Parallel(n_jobs=-1)]: Done  47 tasks      | elapsed:   55.8s
[Parallel(n_jobs=-1)]: Done  48 tasks      | elapsed:   56.0s
[Parallel(n_jobs=-1)]: Done  49 tasks      | elapsed:   56.3s
[Parallel(n_jobs=-1)]: Done  50 tasks      | elapsed:   56.8s
[Parallel(n_jobs=-1)]: Done  51 tasks      | elapsed:   57.0s
[Parallel(n_jobs=-1)]: Done  52 tasks      | elapsed:   57.2s
[Parallel(n_jobs=-1)]: Done  53 tasks      | elapsed:   57.4s
[Parallel(n_jobs=-1)]: Done  54 tasks      | elapsed:   57.5s
[Parallel(n_jobs=-1)]: Done  55 tasks      | elapsed:   57.7s
[Parallel(n_jobs=-1)]: Done  56 tasks      | elapsed:   57.9s
[Parallel(n_jobs=-1)]: Done  57 tasks      | elapsed:   58.2s
[Parallel(n_jobs=-1)]: Done  58 tasks      | elapsed:   58.4s
[Parallel(n_jobs=-1)]: Done  59 tasks      | elapsed:   58.6s
[Parallel(n_jobs=-1)]: Done  60 tasks      | elapsed:   58.8s
[Parallel(n_jobs=-1)]: Done  61 tasks      | elapsed:  1.0min
[Parallel(n_jobs=-1)]: Done  62 tasks      | elapsed:  1.0min
[Parallel(n_jobs=-1)]: Done  63 tasks      | elapsed:  1.1min
[Parallel(n_jobs=-1)]: Done  64 tasks      | elapsed:  1.2min
[Parallel(n_jobs=-1)]: Done  65 tasks      | elapsed:  1.2min
[Parallel(n_jobs=-1)]: Done  66 tasks      | elapsed:  1.2min
[Parallel(n_jobs=-1)]: Done  67 tasks      | elapsed:  1.2min
[Parallel(n_jobs=-1)]: Done  68 tasks      | elapsed:  1.2min
[Parallel(n_jobs=-1)]: Done  69 tasks      | elapsed:  1.2min
[Parallel(n_jobs=-1)]: Done  70 tasks      | elapsed:  1.2min
[Parallel(n_jobs=-1)]: Done  71 tasks      | elapsed:  1.2min
[Parallel(n_jobs=-1)]: Done  72 tasks      | elapsed:  1.2min
[Parallel(n_jobs=-1)]: Done  73 tasks      | elapsed:  1.3min
[Parallel(n_jobs=-1)]: Done  74 tasks      | elapsed:  1.3min
[Parallel(n_jobs=-1)]: Done  75 tasks      | elapsed:  1.3min
[Parallel(n_jobs=-1)]: Done  76 tasks      | elapsed:  1.3min
[Parallel(n_jobs=-1)]: Done  77 tasks      | elapsed:  1.3min
[Parallel(n_jobs=-1)]: Done  78 tasks      | elapsed:  1.3min
[Parallel(n_jobs=-1)]: Done  79 tasks      | elapsed:  1.3min
[Parallel(n_jobs=-1)]: Done  80 tasks      | elapsed:  1.3min
[Parallel(n_jobs=-1)]: Done  81 tasks      | elapsed:  1.3min
[Parallel(n_jobs=-1)]: Done  82 tasks      | elapsed:  1.3min
[Parallel(n_jobs=-1)]: Done  83 tasks      | elapsed:  1.4min
[Parallel(n_jobs=-1)]: Done  84 tasks      | elapsed:  1.5min
[Parallel(n_jobs=-1)]: Done  85 tasks      | elapsed:  1.5min
[Parallel(n_jobs=-1)]: Done  86 tasks      | elapsed:  1.5min
[Parallel(n_jobs=-1)]: Done  87 tasks      | elapsed:  1.6min
[Parallel(n_jobs=-1)]: Done  88 tasks      | elapsed:  1.6min
[Parallel(n_jobs=-1)]: Done  89 tasks      | elapsed:  1.6min
[Parallel(n_jobs=-1)]: Done  90 tasks      | elapsed:  1.6min
[Parallel(n_jobs=-1)]: Done  91 tasks      | elapsed:  1.6min
[Parallel(n_jobs=-1)]: Done  92 tasks      | elapsed:  1.6min
[Parallel(n_jobs=-1)]: Done  93 tasks      | elapsed:  1.6min
[Parallel(n_jobs=-1)]: Done  94 tasks      | elapsed:  1.6min
[Parallel(n_jobs=-1)]: Done  95 tasks      | elapsed:  1.6min
[Parallel(n_jobs=-1)]: Done  96 tasks      | elapsed:  1.7min
[Parallel(n_jobs=-1)]: Done  97 tasks      | elapsed:  1.7min
[Parallel(n_jobs=-1)]: Done  98 tasks      | elapsed:  1.8min
[Parallel(n_jobs=-1)]: Done  99 tasks      | elapsed:  1.8min
[Parallel(n_jobs=-1)]: Done 100 tasks      | elapsed:  1.8min
[Parallel(n_jobs=-1)]: Done 101 tasks      | elapsed:  1.8min
[Parallel(n_jobs=-1)]: Done 102 tasks      | elapsed:  1.8min
[Parallel(n_jobs=-1)]: Done 103 tasks      | elapsed:  1.8min
[Parallel(n_jobs=-1)]: Done 104 tasks      | elapsed:  1.9min
[Parallel(n_jobs=-1)]: Done 105 tasks      | elapsed:  1.9min
[Parallel(n_jobs=-1)]: Done 106 tasks      | elapsed:  1.9min
[Parallel(n_jobs=-1)]: Done 107 tasks      | elapsed:  1.9min
[Parallel(n_jobs=-1)]: Done 108 tasks      | elapsed:  2.0min
[Parallel(n_jobs=-1)]: Done 109 tasks      | elapsed:  2.0min
[Parallel(n_jobs=-1)]: Done 110 tasks      | elapsed:  2.0min
[Parallel(n_jobs=-1)]: Done 111 tasks      | elapsed:  2.0min
[Parallel(n_jobs=-1)]: Done 112 tasks      | elapsed:  2.1min
[Parallel(n_jobs=-1)]: Done 113 tasks      | elapsed:  2.1min
[Parallel(n_jobs=-1)]: Done 114 tasks      | elapsed:  2.1min
[Parallel(n_jobs=-1)]: Done 115 tasks      | elapsed:  2.2min
[Parallel(n_jobs=-1)]: Done 116 tasks      | elapsed:  2.2min
[Parallel(n_jobs=-1)]: Done 117 tasks      | elapsed:  2.2min
[Parallel(n_jobs=-1)]: Done 118 tasks      | elapsed:  2.2min
[Parallel(n_jobs=-1)]: Done 119 tasks      | elapsed:  2.2min
[Parallel(n_jobs=-1)]: Done 123 out of 158 | elapsed:  2.3min remaining:   39.5s
[Parallel(n_jobs=-1)]: Done 127 out of 158 | elapsed:  2.4min remaining:   35.6s
[Parallel(n_jobs=-1)]: Done 131 out of 158 | elapsed:  2.5min remaining:   30.9s
[Parallel(n_jobs=-1)]: Done 135 out of 158 | elapsed:  2.6min remaining:   26.7s
[Parallel(n_jobs=-1)]: Done 139 out of 158 | elapsed:  2.7min remaining:   22.2s
[Parallel(n_jobs=-1)]: Done 143 out of 158 | elapsed:  2.8min remaining:   17.5s
[Parallel(n_jobs=-1)]: Done 147 out of 158 | elapsed:  2.8min remaining:   12.7s
[Parallel(n_jobs=-1)]: Done 151 out of 158 | elapsed:  2.9min remaining:    8.2s
[Parallel(n_jobs=-1)]: Done 155 out of 158 | elapsed:  3.0min remaining:    3.5s
[Parallel(n_jobs=-1)]: Done 158 out of 158 | elapsed:  3.1min finished
[Parallel(n_jobs=-1)]: Using backend LokyBackend with 20 concurrent workers.
[Parallel(n_jobs=-1)]: Done   1 tasks      | elapsed:  3.9min
[Parallel(n_jobs=-1)]: Done   2 tasks      | elapsed:  4.0min
[Parallel(n_jobs=-1)]: Done   3 tasks      | elapsed:  5.1min
[Parallel(n_jobs=-1)]: Done   4 tasks      | elapsed:  5.5min
[Parallel(n_jobs=-1)]: Done   5 tasks      | elapsed:  5.7min
[Parallel(n_jobs=-1)]: Done   6 tasks      | elapsed:  5.9min
[Parallel(n_jobs=-1)]: Done   7 tasks      | elapsed:  6.0min
[Parallel(n_jobs=-1)]: Done   8 tasks      | elapsed:  6.3min
[Parallel(n_jobs=-1)]: Done   9 tasks      | elapsed:  6.4min
[Parallel(n_jobs=-1)]: Done  10 tasks      | elapsed:  6.4min
[Parallel(n_jobs=-1)]: Done  11 tasks      | elapsed:  6.5min
[Parallel(n_jobs=-1)]: Done  12 tasks      | elapsed:  6.6min
[Parallel(n_jobs=-1)]: Done  13 tasks      | elapsed:  6.7min
[Parallel(n_jobs=-1)]: Done  14 tasks      | elapsed:  6.8min
[Parallel(n_jobs=-1)]: Done  15 tasks      | elapsed:  6.8min
[Parallel(n_jobs=-1)]: Done  16 tasks      | elapsed:  7.0min
[Parallel(n_jobs=-1)]: Done  17 tasks      | elapsed:  7.5min
[Parallel(n_jobs=-1)]: Done  18 tasks      | elapsed:  7.8min
[Parallel(n_jobs=-1)]: Done  19 tasks      | elapsed:  7.8min
[Parallel(n_jobs=-1)]: Done  20 tasks      | elapsed:  8.2min
/hpc/group/coganlab/bl314/miniconda3/envs/ieeg/lib/python3.10/site-packages/joblib/externals/loky/process_executor.py:752: UserWarning: A worker stopped while some jobs were given to the executor. This can be caused by a too short worker timeout or by a memory leak.
  warnings.warn(
[Parallel(n_jobs=-1)]: Done  21 tasks      | elapsed:  8.3min
[Parallel(n_jobs=-1)]: Done  22 tasks      | elapsed: 10.2min
[Parallel(n_jobs=-1)]: Done  23 tasks      | elapsed: 12.4min
[Parallel(n_jobs=-1)]: Done  24 tasks      | elapsed: 13.3min
[Parallel(n_jobs=-1)]: Done  25 tasks      | elapsed: 13.6min
[Parallel(n_jobs=-1)]: Done  26 tasks      | elapsed: 14.4min
[Parallel(n_jobs=-1)]: Done  27 tasks      | elapsed: 15.0min
[Parallel(n_jobs=-1)]: Done  28 tasks      | elapsed: 15.3min
[Parallel(n_jobs=-1)]: Done  29 tasks      | elapsed: 16.1min
[Parallel(n_jobs=-1)]: Done  30 tasks      | elapsed: 16.5min
[Parallel(n_jobs=-1)]: Done  31 tasks      | elapsed: 16.6min
[Parallel(n_jobs=-1)]: Done  32 tasks      | elapsed: 16.8min
[Parallel(n_jobs=-1)]: Done  33 tasks      | elapsed: 16.9min
[Parallel(n_jobs=-1)]: Done  34 tasks      | elapsed: 17.0min
[Parallel(n_jobs=-1)]: Done  35 tasks      | elapsed: 17.0min
[Parallel(n_jobs=-1)]: Done  36 tasks      | elapsed: 17.5min
[Parallel(n_jobs=-1)]: Done  37 tasks      | elapsed: 17.9min
[Parallel(n_jobs=-1)]: Done  38 tasks      | elapsed: 17.9min
[Parallel(n_jobs=-1)]: Done  39 tasks      | elapsed: 18.1min
[Parallel(n_jobs=-1)]: Done  40 tasks      | elapsed: 18.1min
[Parallel(n_jobs=-1)]: Done  41 tasks      | elapsed: 18.2min
[Parallel(n_jobs=-1)]: Done  42 tasks      | elapsed: 18.3min
[Parallel(n_jobs=-1)]: Done  43 tasks      | elapsed: 19.4min
[Parallel(n_jobs=-1)]: Done  44 tasks      | elapsed: 20.9min
[Parallel(n_jobs=-1)]: Done  45 tasks      | elapsed: 21.1min
[Parallel(n_jobs=-1)]: Done  46 tasks      | elapsed: 22.2min
[Parallel(n_jobs=-1)]: Done  47 tasks      | elapsed: 24.5min
[Parallel(n_jobs=-1)]: Done  48 tasks      | elapsed: 24.9min
[Parallel(n_jobs=-1)]: Done  49 tasks      | elapsed: 25.0min
[Parallel(n_jobs=-1)]: Done  50 tasks      | elapsed: 25.3min
[Parallel(n_jobs=-1)]: Done  51 tasks      | elapsed: 25.5min
[Parallel(n_jobs=-1)]: Done  52 tasks      | elapsed: 26.0min
[Parallel(n_jobs=-1)]: Done  53 tasks      | elapsed: 26.2min
[Parallel(n_jobs=-1)]: Done  54 tasks      | elapsed: 26.7min
[Parallel(n_jobs=-1)]: Done  55 tasks      | elapsed: 27.2min
[Parallel(n_jobs=-1)]: Done  56 tasks      | elapsed: 27.6min
[Parallel(n_jobs=-1)]: Done  57 tasks      | elapsed: 27.7min
[Parallel(n_jobs=-1)]: Done  58 tasks      | elapsed: 28.3min
[Parallel(n_jobs=-1)]: Done  59 tasks      | elapsed: 28.4min
[Parallel(n_jobs=-1)]: Done  60 tasks      | elapsed: 28.9min
[Parallel(n_jobs=-1)]: Done  61 tasks      | elapsed: 29.1min
[Parallel(n_jobs=-1)]: Done  62 tasks      | elapsed: 29.4min
[Parallel(n_jobs=-1)]: Done  63 tasks      | elapsed: 29.5min
[Parallel(n_jobs=-1)]: Done  64 tasks      | elapsed: 29.5min
[Parallel(n_jobs=-1)]: Done  65 tasks      | elapsed: 29.8min
[Parallel(n_jobs=-1)]: Done  66 tasks      | elapsed: 30.4min
[Parallel(n_jobs=-1)]: Done  67 tasks      | elapsed: 31.4min
[Parallel(n_jobs=-1)]: Done  68 tasks      | elapsed: 32.5min
[Parallel(n_jobs=-1)]: Done  69 tasks      | elapsed: 33.7min
[Parallel(n_jobs=-1)]: Done  70 tasks      | elapsed: 34.5min
[Parallel(n_jobs=-1)]: Done  71 tasks      | elapsed: 35.0min
[Parallel(n_jobs=-1)]: Done  72 tasks      | elapsed: 35.7min
[Parallel(n_jobs=-1)]: Done  73 tasks      | elapsed: 36.1min
[Parallel(n_jobs=-1)]: Done  74 tasks      | elapsed: 36.2min
[Parallel(n_jobs=-1)]: Done  75 tasks      | elapsed: 36.4min
[Parallel(n_jobs=-1)]: Done  76 tasks      | elapsed: 36.8min
[Parallel(n_jobs=-1)]: Done  77 tasks      | elapsed: 37.0min
[Parallel(n_jobs=-1)]: Done  78 tasks      | elapsed: 37.8min
[Parallel(n_jobs=-1)]: Done  79 tasks      | elapsed: 38.0min
[Parallel(n_jobs=-1)]: Done  80 tasks      | elapsed: 38.1min
[Parallel(n_jobs=-1)]: Done  81 tasks      | elapsed: 38.3min
[Parallel(n_jobs=-1)]: Done  82 tasks      | elapsed: 38.3min
[Parallel(n_jobs=-1)]: Done  83 tasks      | elapsed: 38.7min
[Parallel(n_jobs=-1)]: Done  84 tasks      | elapsed: 38.8min
[Parallel(n_jobs=-1)]: Done  85 tasks      | elapsed: 39.2min
[Parallel(n_jobs=-1)]: Done  86 tasks      | elapsed: 40.3min
[Parallel(n_jobs=-1)]: Done  87 tasks      | elapsed: 41.3min
[Parallel(n_jobs=-1)]: Done  88 tasks      | elapsed: 42.2min
[Parallel(n_jobs=-1)]: Done  89 tasks      | elapsed: 42.4min
[Parallel(n_jobs=-1)]: Done  90 tasks      | elapsed: 42.4min
[Parallel(n_jobs=-1)]: Done  91 tasks      | elapsed: 42.9min
[Parallel(n_jobs=-1)]: Done  92 tasks      | elapsed: 43.2min
[Parallel(n_jobs=-1)]: Done  93 tasks      | elapsed: 45.2min
[Parallel(n_jobs=-1)]: Done  94 tasks      | elapsed: 45.4min
[Parallel(n_jobs=-1)]: Done  95 tasks      | elapsed: 46.0min
[Parallel(n_jobs=-1)]: Done  96 tasks      | elapsed: 46.3min
[Parallel(n_jobs=-1)]: Done  97 tasks      | elapsed: 46.5min
[Parallel(n_jobs=-1)]: Done  98 tasks      | elapsed: 46.5min
[Parallel(n_jobs=-1)]: Done  99 tasks      | elapsed: 46.5min
[Parallel(n_jobs=-1)]: Done 100 tasks      | elapsed: 47.8min
[Parallel(n_jobs=-1)]: Done 101 tasks      | elapsed: 47.9min
[Parallel(n_jobs=-1)]: Done 102 tasks      | elapsed: 48.1min
[Parallel(n_jobs=-1)]: Done 103 tasks      | elapsed: 48.2min
[Parallel(n_jobs=-1)]: Done 104 tasks      | elapsed: 48.9min
[Parallel(n_jobs=-1)]: Done 105 tasks      | elapsed: 49.0min
[Parallel(n_jobs=-1)]: Done 106 tasks      | elapsed: 49.3min
[Parallel(n_jobs=-1)]: Done 107 tasks      | elapsed: 49.4min
[Parallel(n_jobs=-1)]: Done 108 tasks      | elapsed: 50.5min
[Parallel(n_jobs=-1)]: Done 109 tasks      | elapsed: 50.5min
[Parallel(n_jobs=-1)]: Done 110 tasks      | elapsed: 50.7min
[Parallel(n_jobs=-1)]: Done 111 tasks      | elapsed: 52.2min
[Parallel(n_jobs=-1)]: Done 112 tasks      | elapsed: 53.2min
[Parallel(n_jobs=-1)]: Done 113 tasks      | elapsed: 53.3min
[Parallel(n_jobs=-1)]: Done 114 tasks      | elapsed: 54.3min
[Parallel(n_jobs=-1)]: Done 115 tasks      | elapsed: 54.6min
[Parallel(n_jobs=-1)]: Done 116 tasks      | elapsed: 54.9min
[Parallel(n_jobs=-1)]: Done 117 tasks      | elapsed: 55.1min
[Parallel(n_jobs=-1)]: Done 118 tasks      | elapsed: 55.7min
[Parallel(n_jobs=-1)]: Done 119 tasks      | elapsed: 56.1min
[Parallel(n_jobs=-1)]: Done 123 out of 158 | elapsed: 57.9min remaining: 16.5min
[Parallel(n_jobs=-1)]: Done 127 out of 158 | elapsed: 58.9min remaining: 14.4min
[Parallel(n_jobs=-1)]: Done 131 out of 158 | elapsed: 59.8min remaining: 12.3min
[Parallel(n_jobs=-1)]: Done 135 out of 158 | elapsed: 63.4min remaining: 10.8min
[Parallel(n_jobs=-1)]: Done 139 out of 158 | elapsed: 65.3min remaining:  8.9min
[Parallel(n_jobs=-1)]: Done 143 out of 158 | elapsed: 66.8min remaining:  7.0min
[Parallel(n_jobs=-1)]: Done 147 out of 158 | elapsed: 67.8min remaining:  5.1min
[Parallel(n_jobs=-1)]: Done 151 out of 158 | elapsed: 69.3min remaining:  3.2min
[Parallel(n_jobs=-1)]: Done 155 out of 158 | elapsed: 70.3min remaining:  1.4min
[Parallel(n_jobs=-1)]: Done 158 out of 158 | elapsed: 71.3min finished
/hpc/group/coganlab/bl314/miniconda3/envs/ieeg/lib/python3.10/site-packages/ieeg/io.py:267: RuntimeWarning: Converting data files to EDF format
  write_raw_bids(run, bids_path, allow_preload=True, format=format,
/hpc/group/coganlab/bl314/miniconda3/envs/ieeg/lib/python3.10/site-packages/ieeg/io.py:267: RuntimeWarning: EDF format requires equal-length data blocks, so 1 seconds of edge values were appended to all channels when writing the final block.
  write_raw_bids(run, bids_path, allow_preload=True, format=format,
/hpc/group/coganlab/bl314/miniconda3/envs/ieeg/lib/python3.10/site-packages/ieeg/io.py:267: RuntimeWarning: Converting data files to EDF format
  write_raw_bids(run, bids_path, allow_preload=True, format=format,
/hpc/group/coganlab/bl314/miniconda3/envs/ieeg/lib/python3.10/site-packages/ieeg/io.py:267: RuntimeWarning: EDF format requires equal-length data blocks, so 1 seconds of edge values were appended to all channels when writing the final block.
  write_raw_bids(run, bids_path, allow_preload=True, format=format,
/hpc/group/coganlab/bl314/miniconda3/envs/ieeg/lib/python3.10/site-packages/ieeg/io.py:267: RuntimeWarning: Converting data files to EDF format
  write_raw_bids(run, bids_path, allow_preload=True, format=format,
/hpc/group/coganlab/bl314/miniconda3/envs/ieeg/lib/python3.10/site-packages/ieeg/io.py:267: RuntimeWarning: EDF format requires equal-length data blocks, so 1 seconds of edge values were appended to all channels when writing the final block.
  write_raw_bids(run, bids_path, allow_preload=True, format=format,
/hpc/group/coganlab/bl314/miniconda3/envs/ieeg/lib/python3.10/site-packages/ieeg/io.py:267: RuntimeWarning: Converting data files to EDF format
  write_raw_bids(run, bids_path, allow_preload=True, format=format,
Traceback (most recent call last):
  File "/hpc/group/coganlab/bl314/codes/ieeg_tmp/lexicalrep_ln_outlier.py", line 71, in <module>
    update_tsv(subject, tsv_loc)
  File "/hpc/group/coganlab/bl314/codes/ieeg_tmp/lexicalrep_ln_outlier.py", line 16, in update_tsv
    files = [f for f in os.listdir(search_dir) if re.match(pattern, f)]
FileNotFoundError: [Errno 2] No such file or directory: '/hpc/home/bl314/workspace/BIDS-1.0_LexicalDecRepDelay/BIDS/derivatives/clean/sub-53/ieeg'
