[Parallel(n_jobs=-1)]: Using backend LokyBackend with 20 concurrent workers.
[Parallel(n_jobs=-1)]: Done   1 tasks      | elapsed:  1.1min
[Parallel(n_jobs=-1)]: Done   2 tasks      | elapsed:  1.1min
[Parallel(n_jobs=-1)]: Done   3 tasks      | elapsed:  1.1min
[Parallel(n_jobs=-1)]: Done   4 tasks      | elapsed:  1.2min
[Parallel(n_jobs=-1)]: Done   5 tasks      | elapsed:  1.2min
[Parallel(n_jobs=-1)]: Done   6 tasks      | elapsed:  1.2min
[Parallel(n_jobs=-1)]: Done   7 tasks      | elapsed:  1.2min
[Parallel(n_jobs=-1)]: Done   8 tasks      | elapsed:  1.3min
[Parallel(n_jobs=-1)]: Done   9 tasks      | elapsed:  1.3min
[Parallel(n_jobs=-1)]: Done  10 tasks      | elapsed:  1.3min
[Parallel(n_jobs=-1)]: Done  11 tasks      | elapsed:  1.3min
[Parallel(n_jobs=-1)]: Done  12 tasks      | elapsed:  1.3min
[Parallel(n_jobs=-1)]: Done  13 tasks      | elapsed:  1.3min
[Parallel(n_jobs=-1)]: Done  14 tasks      | elapsed:  1.3min
[Parallel(n_jobs=-1)]: Done  15 tasks      | elapsed:  1.3min
[Parallel(n_jobs=-1)]: Done  16 tasks      | elapsed:  1.4min
[Parallel(n_jobs=-1)]: Done  17 tasks      | elapsed:  1.4min
[Parallel(n_jobs=-1)]: Done  18 tasks      | elapsed:  1.4min
[Parallel(n_jobs=-1)]: Done  19 tasks      | elapsed:  1.4min
[Parallel(n_jobs=-1)]: Done  20 tasks      | elapsed:  1.4min
[Parallel(n_jobs=-1)]: Done  21 tasks      | elapsed:  1.8min
[Parallel(n_jobs=-1)]: Done  22 tasks      | elapsed:  1.9min
[Parallel(n_jobs=-1)]: Done  23 tasks      | elapsed:  2.0min
[Parallel(n_jobs=-1)]: Done  24 tasks      | elapsed:  2.0min
[Parallel(n_jobs=-1)]: Done  25 tasks      | elapsed:  2.0min
[Parallel(n_jobs=-1)]: Done  26 tasks      | elapsed:  2.1min
[Parallel(n_jobs=-1)]: Done  27 tasks      | elapsed:  2.1min
[Parallel(n_jobs=-1)]: Done  28 tasks      | elapsed:  2.1min
[Parallel(n_jobs=-1)]: Done  29 tasks      | elapsed:  2.1min
[Parallel(n_jobs=-1)]: Done  30 tasks      | elapsed:  2.2min
[Parallel(n_jobs=-1)]: Done  31 tasks      | elapsed:  2.2min
[Parallel(n_jobs=-1)]: Done  32 tasks      | elapsed:  2.2min
[Parallel(n_jobs=-1)]: Done  33 tasks      | elapsed:  2.2min
[Parallel(n_jobs=-1)]: Done  34 tasks      | elapsed:  2.2min
[Parallel(n_jobs=-1)]: Done  35 tasks      | elapsed:  2.2min
[Parallel(n_jobs=-1)]: Done  36 tasks      | elapsed:  2.2min
[Parallel(n_jobs=-1)]: Done  37 tasks      | elapsed:  2.3min
[Parallel(n_jobs=-1)]: Done  38 tasks      | elapsed:  2.3min
[Parallel(n_jobs=-1)]: Done  39 tasks      | elapsed:  2.3min
[Parallel(n_jobs=-1)]: Done  40 tasks      | elapsed:  2.3min
[Parallel(n_jobs=-1)]: Done  41 tasks      | elapsed:  2.6min
[Parallel(n_jobs=-1)]: Done  42 tasks      | elapsed:  2.6min
[Parallel(n_jobs=-1)]: Done  43 tasks      | elapsed:  2.8min
[Parallel(n_jobs=-1)]: Done  44 tasks      | elapsed:  2.8min
[Parallel(n_jobs=-1)]: Done  45 tasks      | elapsed:  2.8min
[Parallel(n_jobs=-1)]: Done  46 tasks      | elapsed:  2.9min
[Parallel(n_jobs=-1)]: Done  47 tasks      | elapsed:  2.9min
[Parallel(n_jobs=-1)]: Done  48 tasks      | elapsed:  3.0min
[Parallel(n_jobs=-1)]: Done  49 tasks      | elapsed:  3.0min
[Parallel(n_jobs=-1)]: Done  50 tasks      | elapsed:  3.0min
[Parallel(n_jobs=-1)]: Done  51 tasks      | elapsed:  3.0min
[Parallel(n_jobs=-1)]: Done  52 tasks      | elapsed:  3.0min
[Parallel(n_jobs=-1)]: Done  53 tasks      | elapsed:  3.0min
[Parallel(n_jobs=-1)]: Done  54 tasks      | elapsed:  3.1min
[Parallel(n_jobs=-1)]: Done  55 tasks      | elapsed:  3.1min
[Parallel(n_jobs=-1)]: Done  56 tasks      | elapsed:  3.1min
[Parallel(n_jobs=-1)]: Done  57 tasks      | elapsed:  3.1min
[Parallel(n_jobs=-1)]: Done  58 tasks      | elapsed:  3.2min
[Parallel(n_jobs=-1)]: Done  59 tasks      | elapsed:  3.2min
[Parallel(n_jobs=-1)]: Done  60 tasks      | elapsed:  3.2min
[Parallel(n_jobs=-1)]: Done  61 tasks      | elapsed:  3.3min
[Parallel(n_jobs=-1)]: Done  62 tasks      | elapsed:  3.5min
[Parallel(n_jobs=-1)]: Done  63 tasks      | elapsed:  3.6min
[Parallel(n_jobs=-1)]: Done  64 tasks      | elapsed:  3.7min
[Parallel(n_jobs=-1)]: Done  65 tasks      | elapsed:  3.7min
[Parallel(n_jobs=-1)]: Done  66 tasks      | elapsed:  3.7min
[Parallel(n_jobs=-1)]: Done  67 tasks      | elapsed:  3.8min
[Parallel(n_jobs=-1)]: Done  68 tasks      | elapsed:  3.8min
[Parallel(n_jobs=-1)]: Done  69 tasks      | elapsed:  3.8min
[Parallel(n_jobs=-1)]: Done  70 tasks      | elapsed:  3.9min
[Parallel(n_jobs=-1)]: Done  71 tasks      | elapsed:  3.9min
[Parallel(n_jobs=-1)]: Done  72 tasks      | elapsed:  3.9min
[Parallel(n_jobs=-1)]: Done  73 tasks      | elapsed:  3.9min
[Parallel(n_jobs=-1)]: Done  74 tasks      | elapsed:  4.0min
[Parallel(n_jobs=-1)]: Done  75 tasks      | elapsed:  4.0min
[Parallel(n_jobs=-1)]: Done  76 tasks      | elapsed:  4.0min
[Parallel(n_jobs=-1)]: Done  77 tasks      | elapsed:  4.0min
[Parallel(n_jobs=-1)]: Done  78 tasks      | elapsed:  4.0min
[Parallel(n_jobs=-1)]: Done  79 tasks      | elapsed:  4.1min
[Parallel(n_jobs=-1)]: Done  80 tasks      | elapsed:  4.1min
[Parallel(n_jobs=-1)]: Done  81 tasks      | elapsed:  4.1min
[Parallel(n_jobs=-1)]: Done  82 tasks      | elapsed:  4.4min
[Parallel(n_jobs=-1)]: Done  83 tasks      | elapsed:  4.5min
[Parallel(n_jobs=-1)]: Done  84 tasks      | elapsed:  4.5min
[Parallel(n_jobs=-1)]: Done  85 tasks      | elapsed:  4.5min
[Parallel(n_jobs=-1)]: Done  86 tasks      | elapsed:  4.5min
[Parallel(n_jobs=-1)]: Done  87 tasks      | elapsed:  4.6min
[Parallel(n_jobs=-1)]: Done  88 tasks      | elapsed:  4.7min
[Parallel(n_jobs=-1)]: Done  89 tasks      | elapsed:  4.7min
[Parallel(n_jobs=-1)]: Done  90 tasks      | elapsed:  4.7min
[Parallel(n_jobs=-1)]: Done  91 tasks      | elapsed:  4.7min
[Parallel(n_jobs=-1)]: Done  92 tasks      | elapsed:  4.8min
[Parallel(n_jobs=-1)]: Done  93 tasks      | elapsed:  4.8min
[Parallel(n_jobs=-1)]: Done  94 tasks      | elapsed:  4.8min
[Parallel(n_jobs=-1)]: Done  95 tasks      | elapsed:  4.9min
[Parallel(n_jobs=-1)]: Done  96 tasks      | elapsed:  4.9min
[Parallel(n_jobs=-1)]: Done  97 tasks      | elapsed:  4.9min
[Parallel(n_jobs=-1)]: Done  98 tasks      | elapsed:  4.9min
[Parallel(n_jobs=-1)]: Done  99 tasks      | elapsed:  4.9min
[Parallel(n_jobs=-1)]: Done 100 tasks      | elapsed:  4.9min
[Parallel(n_jobs=-1)]: Done 101 tasks      | elapsed:  5.0min
[Parallel(n_jobs=-1)]: Done 102 tasks      | elapsed:  5.2min
[Parallel(n_jobs=-1)]: Done 103 tasks      | elapsed:  5.3min
[Parallel(n_jobs=-1)]: Done 104 tasks      | elapsed:  5.3min
[Parallel(n_jobs=-1)]: Done 105 tasks      | elapsed:  5.3min
[Parallel(n_jobs=-1)]: Done 106 tasks      | elapsed:  5.4min
[Parallel(n_jobs=-1)]: Done 107 tasks      | elapsed:  5.4min
[Parallel(n_jobs=-1)]: Done 108 tasks      | elapsed:  5.4min
[Parallel(n_jobs=-1)]: Done 109 tasks      | elapsed:  5.6min
[Parallel(n_jobs=-1)]: Done 110 tasks      | elapsed:  5.6min
[Parallel(n_jobs=-1)]: Done 111 tasks      | elapsed:  5.6min
[Parallel(n_jobs=-1)]: Done 112 tasks      | elapsed:  5.6min
[Parallel(n_jobs=-1)]: Done 113 tasks      | elapsed:  5.6min
[Parallel(n_jobs=-1)]: Done 114 tasks      | elapsed:  5.7min
[Parallel(n_jobs=-1)]: Done 115 tasks      | elapsed:  5.7min
[Parallel(n_jobs=-1)]: Done 116 tasks      | elapsed:  5.7min
[Parallel(n_jobs=-1)]: Done 117 tasks      | elapsed:  5.8min
[Parallel(n_jobs=-1)]: Done 118 tasks      | elapsed:  5.8min
[Parallel(n_jobs=-1)]: Done 119 tasks      | elapsed:  5.8min
[Parallel(n_jobs=-1)]: Done 120 tasks      | elapsed:  5.8min
[Parallel(n_jobs=-1)]: Done 121 tasks      | elapsed:  5.8min
[Parallel(n_jobs=-1)]: Done 122 tasks      | elapsed:  6.0min
[Parallel(n_jobs=-1)]: Done 123 tasks      | elapsed:  6.0min
[Parallel(n_jobs=-1)]: Done 124 tasks      | elapsed:  6.2min
[Parallel(n_jobs=-1)]: Done 125 tasks      | elapsed:  6.2min
[Parallel(n_jobs=-1)]: Done 126 tasks      | elapsed:  6.2min
[Parallel(n_jobs=-1)]: Done 127 tasks      | elapsed:  6.2min
[Parallel(n_jobs=-1)]: Done 128 tasks      | elapsed:  6.3min
[Parallel(n_jobs=-1)]: Done 129 tasks      | elapsed:  6.5min
[Parallel(n_jobs=-1)]: Done 130 tasks      | elapsed:  6.5min
[Parallel(n_jobs=-1)]: Done 131 tasks      | elapsed:  6.5min
[Parallel(n_jobs=-1)]: Done 132 tasks      | elapsed:  6.5min
[Parallel(n_jobs=-1)]: Done 133 tasks      | elapsed:  6.5min
[Parallel(n_jobs=-1)]: Done 134 tasks      | elapsed:  6.5min
[Parallel(n_jobs=-1)]: Done 135 tasks      | elapsed:  6.5min
[Parallel(n_jobs=-1)]: Done 136 tasks      | elapsed:  6.5min
[Parallel(n_jobs=-1)]: Done 137 tasks      | elapsed:  6.6min
[Parallel(n_jobs=-1)]: Done 138 tasks      | elapsed:  6.6min
[Parallel(n_jobs=-1)]: Done 139 tasks      | elapsed:  6.6min
[Parallel(n_jobs=-1)]: Done 140 tasks      | elapsed:  6.7min
[Parallel(n_jobs=-1)]: Done 141 tasks      | elapsed:  6.7min
[Parallel(n_jobs=-1)]: Done 142 tasks      | elapsed:  6.9min
[Parallel(n_jobs=-1)]: Done 143 tasks      | elapsed:  6.9min
[Parallel(n_jobs=-1)]: Done 144 tasks      | elapsed:  6.9min
[Parallel(n_jobs=-1)]: Done 145 tasks      | elapsed:  7.0min
[Parallel(n_jobs=-1)]: Done 146 tasks      | elapsed:  7.1min
[Parallel(n_jobs=-1)]: Done 147 tasks      | elapsed:  7.1min
[Parallel(n_jobs=-1)]: Done 148 tasks      | elapsed:  7.1min
[Parallel(n_jobs=-1)]: Done 149 tasks      | elapsed:  7.2min
[Parallel(n_jobs=-1)]: Done 150 tasks      | elapsed:  7.2min
[Parallel(n_jobs=-1)]: Done 151 tasks      | elapsed:  7.3min
[Parallel(n_jobs=-1)]: Done 152 tasks      | elapsed:  7.3min
[Parallel(n_jobs=-1)]: Done 153 tasks      | elapsed:  7.3min
[Parallel(n_jobs=-1)]: Done 154 tasks      | elapsed:  7.4min
[Parallel(n_jobs=-1)]: Done 155 tasks      | elapsed:  7.4min
[Parallel(n_jobs=-1)]: Done 156 tasks      | elapsed:  7.4min
[Parallel(n_jobs=-1)]: Done 157 tasks      | elapsed:  7.4min
[Parallel(n_jobs=-1)]: Done 158 tasks      | elapsed:  7.5min
[Parallel(n_jobs=-1)]: Done 159 tasks      | elapsed:  7.5min
[Parallel(n_jobs=-1)]: Done 160 tasks      | elapsed:  7.5min
[Parallel(n_jobs=-1)]: Done 161 tasks      | elapsed:  7.6min
[Parallel(n_jobs=-1)]: Done 162 tasks      | elapsed:  7.6min
[Parallel(n_jobs=-1)]: Done 163 tasks      | elapsed:  7.7min
[Parallel(n_jobs=-1)]: Done 164 tasks      | elapsed:  7.8min
[Parallel(n_jobs=-1)]: Done 165 tasks      | elapsed:  7.9min
[Parallel(n_jobs=-1)]: Done 166 tasks      | elapsed:  7.9min
[Parallel(n_jobs=-1)]: Done 167 tasks      | elapsed:  7.9min
[Parallel(n_jobs=-1)]: Done 168 tasks      | elapsed:  7.9min
[Parallel(n_jobs=-1)]: Done 169 tasks      | elapsed:  8.0min
[Parallel(n_jobs=-1)]: Done 170 tasks      | elapsed:  8.0min
[Parallel(n_jobs=-1)]: Done 171 tasks      | elapsed:  8.2min
[Parallel(n_jobs=-1)]: Done 172 tasks      | elapsed:  8.2min
[Parallel(n_jobs=-1)]: Done 173 tasks      | elapsed:  8.2min
[Parallel(n_jobs=-1)]: Done 174 tasks      | elapsed:  8.3min
[Parallel(n_jobs=-1)]: Done 175 tasks      | elapsed:  8.3min
[Parallel(n_jobs=-1)]: Done 176 tasks      | elapsed:  8.3min
[Parallel(n_jobs=-1)]: Done 177 tasks      | elapsed:  8.3min
[Parallel(n_jobs=-1)]: Done 178 tasks      | elapsed:  8.3min
[Parallel(n_jobs=-1)]: Done 179 tasks      | elapsed:  8.3min
[Parallel(n_jobs=-1)]: Done 180 tasks      | elapsed:  8.3min
[Parallel(n_jobs=-1)]: Done 181 tasks      | elapsed:  8.4min
[Parallel(n_jobs=-1)]: Done 182 tasks      | elapsed:  8.4min
[Parallel(n_jobs=-1)]: Done 183 tasks      | elapsed:  8.6min
[Parallel(n_jobs=-1)]: Done 184 tasks      | elapsed:  8.6min
[Parallel(n_jobs=-1)]: Done 185 tasks      | elapsed:  8.7min
[Parallel(n_jobs=-1)]: Done 186 tasks      | elapsed:  8.7min
[Parallel(n_jobs=-1)]: Done 187 tasks      | elapsed:  8.7min
[Parallel(n_jobs=-1)]: Done 188 tasks      | elapsed:  8.8min
[Parallel(n_jobs=-1)]: Done 189 tasks      | elapsed:  8.8min
[Parallel(n_jobs=-1)]: Done 190 tasks      | elapsed:  8.9min
[Parallel(n_jobs=-1)]: Done 191 tasks      | elapsed:  9.0min
[Parallel(n_jobs=-1)]: Done 192 tasks      | elapsed:  9.0min
[Parallel(n_jobs=-1)]: Done 193 tasks      | elapsed:  9.0min
[Parallel(n_jobs=-1)]: Done 194 tasks      | elapsed:  9.1min
[Parallel(n_jobs=-1)]: Done 195 tasks      | elapsed:  9.1min
[Parallel(n_jobs=-1)]: Done 196 tasks      | elapsed:  9.1min
[Parallel(n_jobs=-1)]: Done 197 tasks      | elapsed:  9.1min
[Parallel(n_jobs=-1)]: Done 198 tasks      | elapsed:  9.2min
[Parallel(n_jobs=-1)]: Done 199 tasks      | elapsed:  9.2min
[Parallel(n_jobs=-1)]: Done 200 tasks      | elapsed:  9.2min
[Parallel(n_jobs=-1)]: Done 201 tasks      | elapsed:  9.2min
[Parallel(n_jobs=-1)]: Done 202 tasks      | elapsed:  9.3min
[Parallel(n_jobs=-1)]: Done 203 tasks      | elapsed:  9.4min
[Parallel(n_jobs=-1)]: Done 204 tasks      | elapsed:  9.4min
[Parallel(n_jobs=-1)]: Done 205 tasks      | elapsed:  9.5min
[Parallel(n_jobs=-1)]: Done 212 out of 244 | elapsed:  9.8min remaining:  1.5min
[Parallel(n_jobs=-1)]: Done 219 out of 244 | elapsed: 10.0min remaining:  1.1min
[Parallel(n_jobs=-1)]: Done 226 out of 244 | elapsed: 10.4min remaining:   49.7s
[Parallel(n_jobs=-1)]: Done 233 out of 244 | elapsed: 10.7min remaining:   30.2s
[Parallel(n_jobs=-1)]: Done 240 out of 244 | elapsed: 10.9min remaining:   10.9s
[Parallel(n_jobs=-1)]: Done 244 out of 244 | elapsed: 11.1min finished
[Parallel(n_jobs=-1)]: Using backend LokyBackend with 20 concurrent workers.
[Parallel(n_jobs=-1)]: Done   1 tasks      | elapsed: 13.1min
[Parallel(n_jobs=-1)]: Done   2 tasks      | elapsed: 13.1min
/hpc/group/coganlab/bl314/miniconda3/envs/ieeg/lib/python3.10/site-packages/joblib/externals/loky/process_executor.py:752: UserWarning: A worker stopped while some jobs were given to the executor. This can be caused by a too short worker timeout or by a memory leak.
  warnings.warn(
[Parallel(n_jobs=-1)]: Done   3 tasks      | elapsed: 13.2min
[Parallel(n_jobs=-1)]: Done   4 tasks      | elapsed: 14.5min
[Parallel(n_jobs=-1)]: Done   5 tasks      | elapsed: 14.8min
[Parallel(n_jobs=-1)]: Done   6 tasks      | elapsed: 14.8min
[Parallel(n_jobs=-1)]: Done   7 tasks      | elapsed: 14.8min
[Parallel(n_jobs=-1)]: Done   8 tasks      | elapsed: 14.9min
[Parallel(n_jobs=-1)]: Done   9 tasks      | elapsed: 14.9min
[Parallel(n_jobs=-1)]: Done  10 tasks      | elapsed: 14.9min
[Parallel(n_jobs=-1)]: Done  11 tasks      | elapsed: 14.9min
[Parallel(n_jobs=-1)]: Done  12 tasks      | elapsed: 14.9min
[Parallel(n_jobs=-1)]: Done  13 tasks      | elapsed: 15.0min
[Parallel(n_jobs=-1)]: Done  14 tasks      | elapsed: 15.0min
[Parallel(n_jobs=-1)]: Done  15 tasks      | elapsed: 15.0min
[Parallel(n_jobs=-1)]: Done  16 tasks      | elapsed: 15.0min
[Parallel(n_jobs=-1)]: Done  17 tasks      | elapsed: 15.0min
[Parallel(n_jobs=-1)]: Done  18 tasks      | elapsed: 15.0min
[Parallel(n_jobs=-1)]: Done  19 tasks      | elapsed: 15.1min
[Parallel(n_jobs=-1)]: Done  20 tasks      | elapsed: 15.1min
[Parallel(n_jobs=-1)]: Done  21 tasks      | elapsed: 26.0min
[Parallel(n_jobs=-1)]: Done  22 tasks      | elapsed: 26.0min
[Parallel(n_jobs=-1)]: Done  23 tasks      | elapsed: 27.6min
[Parallel(n_jobs=-1)]: Done  24 tasks      | elapsed: 28.1min
[Parallel(n_jobs=-1)]: Done  25 tasks      | elapsed: 28.9min
[Parallel(n_jobs=-1)]: Done  26 tasks      | elapsed: 29.4min
[Parallel(n_jobs=-1)]: Done  27 tasks      | elapsed: 29.4min
[Parallel(n_jobs=-1)]: Done  28 tasks      | elapsed: 29.5min
[Parallel(n_jobs=-1)]: Done  29 tasks      | elapsed: 29.5min
[Parallel(n_jobs=-1)]: Done  30 tasks      | elapsed: 29.5min
[Parallel(n_jobs=-1)]: Done  31 tasks      | elapsed: 29.6min
[Parallel(n_jobs=-1)]: Done  32 tasks      | elapsed: 29.6min
[Parallel(n_jobs=-1)]: Done  33 tasks      | elapsed: 29.6min
[Parallel(n_jobs=-1)]: Done  34 tasks      | elapsed: 29.7min
[Parallel(n_jobs=-1)]: Done  35 tasks      | elapsed: 29.7min
[Parallel(n_jobs=-1)]: Done  36 tasks      | elapsed: 29.7min
[Parallel(n_jobs=-1)]: Done  37 tasks      | elapsed: 29.8min
[Parallel(n_jobs=-1)]: Done  38 tasks      | elapsed: 29.8min
[Parallel(n_jobs=-1)]: Done  39 tasks      | elapsed: 29.8min
[Parallel(n_jobs=-1)]: Done  40 tasks      | elapsed: 29.9min
[Parallel(n_jobs=-1)]: Done  41 tasks      | elapsed: 40.3min
[Parallel(n_jobs=-1)]: Done  42 tasks      | elapsed: 40.4min
[Parallel(n_jobs=-1)]: Done  43 tasks      | elapsed: 40.4min
[Parallel(n_jobs=-1)]: Done  44 tasks      | elapsed: 40.8min
[Parallel(n_jobs=-1)]: Done  45 tasks      | elapsed: 42.4min
[Parallel(n_jobs=-1)]: Done  46 tasks      | elapsed: 43.3min
[Parallel(n_jobs=-1)]: Done  47 tasks      | elapsed: 44.0min
[Parallel(n_jobs=-1)]: Done  48 tasks      | elapsed: 44.0min
[Parallel(n_jobs=-1)]: Done  49 tasks      | elapsed: 44.0min
[Parallel(n_jobs=-1)]: Done  50 tasks      | elapsed: 44.1min
[Parallel(n_jobs=-1)]: Done  51 tasks      | elapsed: 44.1min
[Parallel(n_jobs=-1)]: Done  52 tasks      | elapsed: 44.1min
[Parallel(n_jobs=-1)]: Done  53 tasks      | elapsed: 44.2min
[Parallel(n_jobs=-1)]: Done  54 tasks      | elapsed: 44.3min
[Parallel(n_jobs=-1)]: Done  55 tasks      | elapsed: 44.3min
[Parallel(n_jobs=-1)]: Done  56 tasks      | elapsed: 44.4min
[Parallel(n_jobs=-1)]: Done  57 tasks      | elapsed: 44.4min
[Parallel(n_jobs=-1)]: Done  58 tasks      | elapsed: 44.4min
[Parallel(n_jobs=-1)]: Done  59 tasks      | elapsed: 44.5min
[Parallel(n_jobs=-1)]: Done  60 tasks      | elapsed: 44.5min
[Parallel(n_jobs=-1)]: Done  61 tasks      | elapsed: 53.1min
[Parallel(n_jobs=-1)]: Done  62 tasks      | elapsed: 53.3min
[Parallel(n_jobs=-1)]: Done  63 tasks      | elapsed: 55.0min
[Parallel(n_jobs=-1)]: Done  64 tasks      | elapsed: 55.2min
[Parallel(n_jobs=-1)]: Done  65 tasks      | elapsed: 57.1min
[Parallel(n_jobs=-1)]: Done  66 tasks      | elapsed: 57.4min
[Parallel(n_jobs=-1)]: Done  67 tasks      | elapsed: 57.9min
[Parallel(n_jobs=-1)]: Done  68 tasks      | elapsed: 58.4min
[Parallel(n_jobs=-1)]: Done  69 tasks      | elapsed: 58.6min
[Parallel(n_jobs=-1)]: Done  70 tasks      | elapsed: 58.6min
[Parallel(n_jobs=-1)]: Done  71 tasks      | elapsed: 58.7min
[Parallel(n_jobs=-1)]: Done  72 tasks      | elapsed: 58.8min
[Parallel(n_jobs=-1)]: Done  73 tasks      | elapsed: 58.8min
[Parallel(n_jobs=-1)]: Done  74 tasks      | elapsed: 58.8min
[Parallel(n_jobs=-1)]: Done  75 tasks      | elapsed: 58.9min
[Parallel(n_jobs=-1)]: Done  76 tasks      | elapsed: 59.0min
[Parallel(n_jobs=-1)]: Done  77 tasks      | elapsed: 59.0min
[Parallel(n_jobs=-1)]: Done  78 tasks      | elapsed: 59.1min
[Parallel(n_jobs=-1)]: Done  79 tasks      | elapsed: 59.1min
[Parallel(n_jobs=-1)]: Done  80 tasks      | elapsed: 59.4min
[Parallel(n_jobs=-1)]: Done  81 tasks      | elapsed: 65.9min
[Parallel(n_jobs=-1)]: Done  82 tasks      | elapsed: 67.5min
[Parallel(n_jobs=-1)]: Done  83 tasks      | elapsed: 69.6min
[Parallel(n_jobs=-1)]: Done  84 tasks      | elapsed: 69.6min
[Parallel(n_jobs=-1)]: Done  85 tasks      | elapsed: 70.6min
[Parallel(n_jobs=-1)]: Done  86 tasks      | elapsed: 71.5min
[Parallel(n_jobs=-1)]: Done  87 tasks      | elapsed: 71.6min
[Parallel(n_jobs=-1)]: Done  88 tasks      | elapsed: 71.7min
[Parallel(n_jobs=-1)]: Done  89 tasks      | elapsed: 72.8min
[Parallel(n_jobs=-1)]: Done  90 tasks      | elapsed: 73.1min
[Parallel(n_jobs=-1)]: Done  91 tasks      | elapsed: 73.1min
[Parallel(n_jobs=-1)]: Done  92 tasks      | elapsed: 73.1min
[Parallel(n_jobs=-1)]: Done  93 tasks      | elapsed: 73.3min
[Parallel(n_jobs=-1)]: Done  94 tasks      | elapsed: 73.3min
[Parallel(n_jobs=-1)]: Done  95 tasks      | elapsed: 73.3min
[Parallel(n_jobs=-1)]: Done  96 tasks      | elapsed: 73.4min
[Parallel(n_jobs=-1)]: Done  97 tasks      | elapsed: 73.4min
[Parallel(n_jobs=-1)]: Done  98 tasks      | elapsed: 73.5min
[Parallel(n_jobs=-1)]: Done  99 tasks      | elapsed: 73.6min
[Parallel(n_jobs=-1)]: Done 100 tasks      | elapsed: 73.8min
[Parallel(n_jobs=-1)]: Done 101 tasks      | elapsed: 80.4min
[Parallel(n_jobs=-1)]: Done 102 tasks      | elapsed: 81.0min
[Parallel(n_jobs=-1)]: Done 103 tasks      | elapsed: 83.6min
[Parallel(n_jobs=-1)]: Done 104 tasks      | elapsed: 83.8min
[Parallel(n_jobs=-1)]: Done 105 tasks      | elapsed: 84.1min
[Parallel(n_jobs=-1)]: Done 106 tasks      | elapsed: 84.8min
[Parallel(n_jobs=-1)]: Done 107 tasks      | elapsed: 86.2min
[Parallel(n_jobs=-1)]: Done 108 tasks      | elapsed: 86.3min
[Parallel(n_jobs=-1)]: Done 109 tasks      | elapsed: 87.4min
[Parallel(n_jobs=-1)]: Done 110 tasks      | elapsed: 87.7min
[Parallel(n_jobs=-1)]: Done 111 tasks      | elapsed: 87.8min
[Parallel(n_jobs=-1)]: Done 112 tasks      | elapsed: 87.8min
[Parallel(n_jobs=-1)]: Done 113 tasks      | elapsed: 87.9min
[Parallel(n_jobs=-1)]: Done 114 tasks      | elapsed: 88.0min
[Parallel(n_jobs=-1)]: Done 115 tasks      | elapsed: 88.0min
[Parallel(n_jobs=-1)]: Done 116 tasks      | elapsed: 88.1min
[Parallel(n_jobs=-1)]: Done 117 tasks      | elapsed: 88.1min
[Parallel(n_jobs=-1)]: Done 118 tasks      | elapsed: 88.1min
[Parallel(n_jobs=-1)]: Done 119 tasks      | elapsed: 88.2min
[Parallel(n_jobs=-1)]: Done 120 tasks      | elapsed: 88.5min
[Parallel(n_jobs=-1)]: Done 121 tasks      | elapsed: 93.3min
[Parallel(n_jobs=-1)]: Done 122 tasks      | elapsed: 95.4min
[Parallel(n_jobs=-1)]: Done 123 tasks      | elapsed: 96.5min
[Parallel(n_jobs=-1)]: Done 124 tasks      | elapsed: 97.9min
[Parallel(n_jobs=-1)]: Done 125 tasks      | elapsed: 98.6min
[Parallel(n_jobs=-1)]: Done 126 tasks      | elapsed: 98.9min
[Parallel(n_jobs=-1)]: Done 127 tasks      | elapsed: 99.1min
[Parallel(n_jobs=-1)]: Done 128 tasks      | elapsed: 100.7min
[Parallel(n_jobs=-1)]: Done 129 tasks      | elapsed: 101.8min
[Parallel(n_jobs=-1)]: Done 130 tasks      | elapsed: 101.9min
[Parallel(n_jobs=-1)]: Done 131 tasks      | elapsed: 102.2min
[Parallel(n_jobs=-1)]: Done 132 tasks      | elapsed: 102.3min
[Parallel(n_jobs=-1)]: Done 133 tasks      | elapsed: 102.4min
[Parallel(n_jobs=-1)]: Done 134 tasks      | elapsed: 102.4min
[Parallel(n_jobs=-1)]: Done 135 tasks      | elapsed: 102.4min
[Parallel(n_jobs=-1)]: Done 136 tasks      | elapsed: 102.5min
[Parallel(n_jobs=-1)]: Done 137 tasks      | elapsed: 102.6min
[Parallel(n_jobs=-1)]: Done 138 tasks      | elapsed: 102.7min
[Parallel(n_jobs=-1)]: Done 139 tasks      | elapsed: 102.7min
[Parallel(n_jobs=-1)]: Done 140 tasks      | elapsed: 102.9min
[Parallel(n_jobs=-1)]: Done 141 tasks      | elapsed: 107.9min
[Parallel(n_jobs=-1)]: Done 142 tasks      | elapsed: 108.5min
[Parallel(n_jobs=-1)]: Done 143 tasks      | elapsed: 111.0min
[Parallel(n_jobs=-1)]: Done 144 tasks      | elapsed: 112.1min
[Parallel(n_jobs=-1)]: Done 145 tasks      | elapsed: 112.3min
[Parallel(n_jobs=-1)]: Done 146 tasks      | elapsed: 113.1min
[Parallel(n_jobs=-1)]: Done 147 tasks      | elapsed: 113.4min
[Parallel(n_jobs=-1)]: Done 148 tasks      | elapsed: 113.7min
[Parallel(n_jobs=-1)]: Done 149 tasks      | elapsed: 115.9min
[Parallel(n_jobs=-1)]: Done 150 tasks      | elapsed: 116.4min
[Parallel(n_jobs=-1)]: Done 151 tasks      | elapsed: 116.7min
[Parallel(n_jobs=-1)]: Done 152 tasks      | elapsed: 116.9min
[Parallel(n_jobs=-1)]: Done 153 tasks      | elapsed: 116.9min
[Parallel(n_jobs=-1)]: Done 154 tasks      | elapsed: 117.0min
[Parallel(n_jobs=-1)]: Done 155 tasks      | elapsed: 117.0min
[Parallel(n_jobs=-1)]: Done 156 tasks      | elapsed: 117.1min
[Parallel(n_jobs=-1)]: Done 157 tasks      | elapsed: 117.2min
[Parallel(n_jobs=-1)]: Done 158 tasks      | elapsed: 117.2min
[Parallel(n_jobs=-1)]: Done 159 tasks      | elapsed: 117.3min
[Parallel(n_jobs=-1)]: Done 160 tasks      | elapsed: 117.5min
[Parallel(n_jobs=-1)]: Done 161 tasks      | elapsed: 121.3min
[Parallel(n_jobs=-1)]: Done 162 tasks      | elapsed: 123.0min
[Parallel(n_jobs=-1)]: Done 163 tasks      | elapsed: 125.4min
[Parallel(n_jobs=-1)]: Done 164 tasks      | elapsed: 125.5min
[Parallel(n_jobs=-1)]: Done 165 tasks      | elapsed: 126.2min
[Parallel(n_jobs=-1)]: Done 166 tasks      | elapsed: 126.7min
[Parallel(n_jobs=-1)]: Done 167 tasks      | elapsed: 126.7min
[Parallel(n_jobs=-1)]: Done 168 tasks      | elapsed: 127.5min
[Parallel(n_jobs=-1)]: Done 169 tasks      | elapsed: 130.4min
[Parallel(n_jobs=-1)]: Done 170 tasks      | elapsed: 130.8min
[Parallel(n_jobs=-1)]: Done 171 tasks      | elapsed: 131.1min
[Parallel(n_jobs=-1)]: Done 172 tasks      | elapsed: 131.2min
[Parallel(n_jobs=-1)]: Done 173 tasks      | elapsed: 131.2min
[Parallel(n_jobs=-1)]: Done 174 tasks      | elapsed: 131.3min
[Parallel(n_jobs=-1)]: Done 175 tasks      | elapsed: 131.4min
[Parallel(n_jobs=-1)]: Done 176 tasks      | elapsed: 131.4min
[Parallel(n_jobs=-1)]: Done 177 tasks      | elapsed: 131.5min
[Parallel(n_jobs=-1)]: Done 178 tasks      | elapsed: 131.6min
[Parallel(n_jobs=-1)]: Done 179 tasks      | elapsed: 131.6min
[Parallel(n_jobs=-1)]: Done 180 tasks      | elapsed: 131.8min
[Parallel(n_jobs=-1)]: Done 181 tasks      | elapsed: 135.7min
[Parallel(n_jobs=-1)]: Done 182 tasks      | elapsed: 137.3min
[Parallel(n_jobs=-1)]: Done 183 tasks      | elapsed: 138.4min
[Parallel(n_jobs=-1)]: Done 184 tasks      | elapsed: 139.5min
[Parallel(n_jobs=-1)]: Done 185 tasks      | elapsed: 139.7min
[Parallel(n_jobs=-1)]: Done 186 tasks      | elapsed: 140.6min
[Parallel(n_jobs=-1)]: Done 187 tasks      | elapsed: 141.2min
[Parallel(n_jobs=-1)]: Done 188 tasks      | elapsed: 141.8min
[Parallel(n_jobs=-1)]: Done 189 tasks      | elapsed: 143.7min
[Parallel(n_jobs=-1)]: Done 190 tasks      | elapsed: 145.2min
[Parallel(n_jobs=-1)]: Done 191 tasks      | elapsed: 145.4min
[Parallel(n_jobs=-1)]: Done 192 tasks      | elapsed: 145.8min
[Parallel(n_jobs=-1)]: Done 193 tasks      | elapsed: 145.8min
[Parallel(n_jobs=-1)]: Done 194 tasks      | elapsed: 145.8min
[Parallel(n_jobs=-1)]: Done 195 tasks      | elapsed: 145.8min
[Parallel(n_jobs=-1)]: Done 196 tasks      | elapsed: 145.9min
[Parallel(n_jobs=-1)]: Done 197 tasks      | elapsed: 145.9min
[Parallel(n_jobs=-1)]: Done 198 tasks      | elapsed: 146.1min
[Parallel(n_jobs=-1)]: Done 199 tasks      | elapsed: 146.3min
[Parallel(n_jobs=-1)]: Done 200 tasks      | elapsed: 146.3min
[Parallel(n_jobs=-1)]: Done 201 tasks      | elapsed: 150.1min
[Parallel(n_jobs=-1)]: Done 202 tasks      | elapsed: 150.2min
[Parallel(n_jobs=-1)]: Done 203 tasks      | elapsed: 152.3min
[Parallel(n_jobs=-1)]: Done 204 tasks      | elapsed: 152.8min
[Parallel(n_jobs=-1)]: Done 205 tasks      | elapsed: 153.9min
[Parallel(n_jobs=-1)]: Done 212 out of 244 | elapsed: 160.2min remaining: 24.2min
[Parallel(n_jobs=-1)]: Done 219 out of 244 | elapsed: 160.5min remaining: 18.3min
[Parallel(n_jobs=-1)]: Done 226 out of 244 | elapsed: 168.3min remaining: 13.4min
[Parallel(n_jobs=-1)]: Done 233 out of 244 | elapsed: 173.7min remaining:  8.2min
[Parallel(n_jobs=-1)]: Done 240 out of 244 | elapsed: 174.2min remaining:  2.9min
[Parallel(n_jobs=-1)]: Done 244 out of 244 | elapsed: 178.0min finished
/hpc/group/coganlab/bl314/miniconda3/envs/ieeg/lib/python3.10/site-packages/ieeg/io.py:267: RuntimeWarning: Converting data files to EDF format
  write_raw_bids(run, bids_path, allow_preload=True, format=format,
/hpc/group/coganlab/bl314/miniconda3/envs/ieeg/lib/python3.10/site-packages/ieeg/io.py:267: RuntimeWarning: EDF format requires equal-length data blocks, so 1 seconds of edge values were appended to all channels when writing the final block.
  write_raw_bids(run, bids_path, allow_preload=True, format=format,
/var/spool/slurmd/job21724782/slurm_script: line 10: 3388347 Killed                  python lexicalrep_ln_outlier.py
slurmstepd: error: Detected 1 oom_kill event in StepId=21724782.batch. Some of the step tasks have been OOM Killed.
