[Parallel(n_jobs=-1)]: Using backend LokyBackend with 20 concurrent workers.
[Parallel(n_jobs=-1)]: Done   1 tasks      | elapsed:   22.6s
[Parallel(n_jobs=-1)]: Done   2 tasks      | elapsed:   23.7s
[Parallel(n_jobs=-1)]: Done   3 tasks      | elapsed:   36.6s
[Parallel(n_jobs=-1)]: Done   4 tasks      | elapsed:   37.8s
[Parallel(n_jobs=-1)]: Done   5 tasks      | elapsed:   42.3s
[Parallel(n_jobs=-1)]: Done   6 tasks      | elapsed:   44.4s
[Parallel(n_jobs=-1)]: Done   7 tasks      | elapsed:   45.3s
[Parallel(n_jobs=-1)]: Done   8 tasks      | elapsed:   47.9s
[Parallel(n_jobs=-1)]: Done   9 tasks      | elapsed:   51.9s
[Parallel(n_jobs=-1)]: Done  10 tasks      | elapsed:   52.8s
[Parallel(n_jobs=-1)]: Done  11 tasks      | elapsed:   59.0s
[Parallel(n_jobs=-1)]: Done  12 tasks      | elapsed:  1.0min
[Parallel(n_jobs=-1)]: Done  13 tasks      | elapsed:  1.0min
[Parallel(n_jobs=-1)]: Done  14 tasks      | elapsed:  1.0min
[Parallel(n_jobs=-1)]: Done  15 tasks      | elapsed:  1.1min
[Parallel(n_jobs=-1)]: Done  16 tasks      | elapsed:  1.1min
[Parallel(n_jobs=-1)]: Done  17 tasks      | elapsed:  1.2min
[Parallel(n_jobs=-1)]: Done  18 tasks      | elapsed:  1.2min
[Parallel(n_jobs=-1)]: Done  19 tasks      | elapsed:  1.2min
[Parallel(n_jobs=-1)]: Done  20 tasks      | elapsed:  1.2min
[Parallel(n_jobs=-1)]: Done  21 tasks      | elapsed:  1.3min
[Parallel(n_jobs=-1)]: Done  22 tasks      | elapsed:  1.3min
[Parallel(n_jobs=-1)]: Done  23 tasks      | elapsed:  1.3min
[Parallel(n_jobs=-1)]: Done  24 tasks      | elapsed:  1.3min
[Parallel(n_jobs=-1)]: Done  25 tasks      | elapsed:  1.3min
[Parallel(n_jobs=-1)]: Done  26 tasks      | elapsed:  1.3min
[Parallel(n_jobs=-1)]: Done  27 tasks      | elapsed:  1.4min
[Parallel(n_jobs=-1)]: Done  28 tasks      | elapsed:  1.5min
[Parallel(n_jobs=-1)]: Done  29 tasks      | elapsed:  1.7min
[Parallel(n_jobs=-1)]: Done  30 tasks      | elapsed:  1.7min
[Parallel(n_jobs=-1)]: Done  31 tasks      | elapsed:  1.7min
[Parallel(n_jobs=-1)]: Done  32 tasks      | elapsed:  1.8min
[Parallel(n_jobs=-1)]: Done  33 tasks      | elapsed:  1.8min
[Parallel(n_jobs=-1)]: Done  34 tasks      | elapsed:  1.8min
[Parallel(n_jobs=-1)]: Done  35 tasks      | elapsed:  1.9min
[Parallel(n_jobs=-1)]: Done  36 tasks      | elapsed:  1.9min
[Parallel(n_jobs=-1)]: Done  37 tasks      | elapsed:  2.0min
[Parallel(n_jobs=-1)]: Done  38 tasks      | elapsed:  2.0min
[Parallel(n_jobs=-1)]: Done  39 tasks      | elapsed:  2.0min
[Parallel(n_jobs=-1)]: Done  40 tasks      | elapsed:  2.0min
[Parallel(n_jobs=-1)]: Done  41 tasks      | elapsed:  2.0min
[Parallel(n_jobs=-1)]: Done  42 tasks      | elapsed:  2.0min
[Parallel(n_jobs=-1)]: Done  43 tasks      | elapsed:  2.2min
[Parallel(n_jobs=-1)]: Done  44 tasks      | elapsed:  2.2min
[Parallel(n_jobs=-1)]: Done  45 tasks      | elapsed:  2.2min
[Parallel(n_jobs=-1)]: Done  46 tasks      | elapsed:  2.3min
[Parallel(n_jobs=-1)]: Done  47 tasks      | elapsed:  2.3min
[Parallel(n_jobs=-1)]: Done  48 tasks      | elapsed:  2.3min
[Parallel(n_jobs=-1)]: Done  49 tasks      | elapsed:  2.4min
[Parallel(n_jobs=-1)]: Done  50 tasks      | elapsed:  2.4min
[Parallel(n_jobs=-1)]: Done  51 tasks      | elapsed:  2.4min
[Parallel(n_jobs=-1)]: Done  52 tasks      | elapsed:  2.4min
[Parallel(n_jobs=-1)]: Done  53 tasks      | elapsed:  2.5min
[Parallel(n_jobs=-1)]: Done  54 tasks      | elapsed:  2.6min
[Parallel(n_jobs=-1)]: Done  55 tasks      | elapsed:  2.6min
[Parallel(n_jobs=-1)]: Done  56 tasks      | elapsed:  2.7min
[Parallel(n_jobs=-1)]: Done  57 tasks      | elapsed:  2.7min
[Parallel(n_jobs=-1)]: Done  58 tasks      | elapsed:  2.7min
[Parallel(n_jobs=-1)]: Done  59 tasks      | elapsed:  2.7min
[Parallel(n_jobs=-1)]: Done  60 tasks      | elapsed:  2.7min
[Parallel(n_jobs=-1)]: Done  61 tasks      | elapsed:  2.8min
[Parallel(n_jobs=-1)]: Done  62 tasks      | elapsed:  2.8min
[Parallel(n_jobs=-1)]: Done  63 tasks      | elapsed:  2.8min
[Parallel(n_jobs=-1)]: Done  64 tasks      | elapsed:  2.9min
[Parallel(n_jobs=-1)]: Done  65 tasks      | elapsed:  2.9min
[Parallel(n_jobs=-1)]: Done  66 tasks      | elapsed:  3.0min
[Parallel(n_jobs=-1)]: Done  67 tasks      | elapsed:  3.0min
[Parallel(n_jobs=-1)]: Done  68 tasks      | elapsed:  3.0min
[Parallel(n_jobs=-1)]: Done  69 tasks      | elapsed:  3.0min
[Parallel(n_jobs=-1)]: Done  70 tasks      | elapsed:  3.1min
[Parallel(n_jobs=-1)]: Done  71 tasks      | elapsed:  3.1min
[Parallel(n_jobs=-1)]: Done  72 tasks      | elapsed:  3.2min
[Parallel(n_jobs=-1)]: Done  73 tasks      | elapsed:  3.2min
[Parallel(n_jobs=-1)]: Done  74 tasks      | elapsed:  3.2min
[Parallel(n_jobs=-1)]: Done  75 tasks      | elapsed:  3.2min
[Parallel(n_jobs=-1)]: Done  76 tasks      | elapsed:  3.3min
[Parallel(n_jobs=-1)]: Done  77 tasks      | elapsed:  3.4min
[Parallel(n_jobs=-1)]: Done  78 tasks      | elapsed:  3.5min
[Parallel(n_jobs=-1)]: Done  79 tasks      | elapsed:  3.5min
[Parallel(n_jobs=-1)]: Done  80 tasks      | elapsed:  3.5min
[Parallel(n_jobs=-1)]: Done  81 tasks      | elapsed:  3.6min
[Parallel(n_jobs=-1)]: Done  82 tasks      | elapsed:  3.6min
[Parallel(n_jobs=-1)]: Done  83 tasks      | elapsed:  3.6min
[Parallel(n_jobs=-1)]: Done  84 tasks      | elapsed:  3.7min
[Parallel(n_jobs=-1)]: Done  85 tasks      | elapsed:  3.7min
[Parallel(n_jobs=-1)]: Done  86 tasks      | elapsed:  3.7min
[Parallel(n_jobs=-1)]: Done  87 tasks      | elapsed:  3.7min
[Parallel(n_jobs=-1)]: Done  88 tasks      | elapsed:  3.8min
[Parallel(n_jobs=-1)]: Done  89 tasks      | elapsed:  3.8min
[Parallel(n_jobs=-1)]: Done  90 tasks      | elapsed:  3.9min
[Parallel(n_jobs=-1)]: Done  91 tasks      | elapsed:  3.9min
[Parallel(n_jobs=-1)]: Done  92 tasks      | elapsed:  4.0min
[Parallel(n_jobs=-1)]: Done  93 tasks      | elapsed:  4.0min
[Parallel(n_jobs=-1)]: Done  94 tasks      | elapsed:  4.0min
[Parallel(n_jobs=-1)]: Done  95 tasks      | elapsed:  4.0min
[Parallel(n_jobs=-1)]: Done  96 tasks      | elapsed:  4.1min
[Parallel(n_jobs=-1)]: Done  97 tasks      | elapsed:  4.1min
[Parallel(n_jobs=-1)]: Done  98 tasks      | elapsed:  4.2min
[Parallel(n_jobs=-1)]: Done  99 tasks      | elapsed:  4.2min
[Parallel(n_jobs=-1)]: Done 100 tasks      | elapsed:  4.2min
[Parallel(n_jobs=-1)]: Done 101 tasks      | elapsed:  4.2min
[Parallel(n_jobs=-1)]: Done 102 tasks      | elapsed:  4.3min
[Parallel(n_jobs=-1)]: Done 103 tasks      | elapsed:  4.4min
[Parallel(n_jobs=-1)]: Done 104 tasks      | elapsed:  4.4min
[Parallel(n_jobs=-1)]: Done 105 tasks      | elapsed:  4.4min
[Parallel(n_jobs=-1)]: Done 106 tasks      | elapsed:  4.5min
[Parallel(n_jobs=-1)]: Done 107 tasks      | elapsed:  4.6min
[Parallel(n_jobs=-1)]: Done 108 tasks      | elapsed:  4.6min
[Parallel(n_jobs=-1)]: Done 109 tasks      | elapsed:  4.6min
[Parallel(n_jobs=-1)]: Done 110 tasks      | elapsed:  4.7min
[Parallel(n_jobs=-1)]: Done 111 tasks      | elapsed:  4.7min
[Parallel(n_jobs=-1)]: Done 112 tasks      | elapsed:  4.8min
[Parallel(n_jobs=-1)]: Done 113 tasks      | elapsed:  4.8min
[Parallel(n_jobs=-1)]: Done 114 tasks      | elapsed:  4.8min
[Parallel(n_jobs=-1)]: Done 115 tasks      | elapsed:  4.8min
[Parallel(n_jobs=-1)]: Done 116 tasks      | elapsed:  4.8min
[Parallel(n_jobs=-1)]: Done 117 tasks      | elapsed:  4.9min
[Parallel(n_jobs=-1)]: Done 118 tasks      | elapsed:  4.9min
[Parallel(n_jobs=-1)]: Done 119 tasks      | elapsed:  5.0min
[Parallel(n_jobs=-1)]: Done 120 tasks      | elapsed:  5.0min
[Parallel(n_jobs=-1)]: Done 121 tasks      | elapsed:  5.0min
[Parallel(n_jobs=-1)]: Done 122 tasks      | elapsed:  5.0min
[Parallel(n_jobs=-1)]: Done 123 tasks      | elapsed:  5.1min
[Parallel(n_jobs=-1)]: Done 128 out of 162 | elapsed:  5.2min remaining:  1.4min
[Parallel(n_jobs=-1)]: Done 133 out of 162 | elapsed:  5.5min remaining:  1.2min
[Parallel(n_jobs=-1)]: Done 138 out of 162 | elapsed:  5.8min remaining:  1.0min
[Parallel(n_jobs=-1)]: Done 143 out of 162 | elapsed:  5.9min remaining:   47.0s
[Parallel(n_jobs=-1)]: Done 148 out of 162 | elapsed:  6.0min remaining:   33.9s
[Parallel(n_jobs=-1)]: Done 153 out of 162 | elapsed:  6.2min remaining:   21.7s
[Parallel(n_jobs=-1)]: Done 158 out of 162 | elapsed:  6.2min remaining:    9.5s
[Parallel(n_jobs=-1)]: Done 162 out of 162 | elapsed:  6.5min finished
[Parallel(n_jobs=-1)]: Using backend LokyBackend with 20 concurrent workers.
[Parallel(n_jobs=-1)]: Done   1 tasks      | elapsed:  6.4min
/hpc/group/coganlab/bl314/miniconda3/envs/ieeg/lib/python3.10/site-packages/joblib/externals/loky/process_executor.py:752: UserWarning: A worker stopped while some jobs were given to the executor. This can be caused by a too short worker timeout or by a memory leak.
  warnings.warn(
[Parallel(n_jobs=-1)]: Done   2 tasks      | elapsed:  6.5min
[Parallel(n_jobs=-1)]: Done   3 tasks      | elapsed: 10.5min
[Parallel(n_jobs=-1)]: Done   4 tasks      | elapsed: 13.0min
[Parallel(n_jobs=-1)]: Done   5 tasks      | elapsed: 13.7min
[Parallel(n_jobs=-1)]: Done   6 tasks      | elapsed: 14.2min
[Parallel(n_jobs=-1)]: Done   7 tasks      | elapsed: 15.1min
[Parallel(n_jobs=-1)]: Done   8 tasks      | elapsed: 15.3min
[Parallel(n_jobs=-1)]: Done   9 tasks      | elapsed: 15.4min
[Parallel(n_jobs=-1)]: Done  10 tasks      | elapsed: 15.6min
[Parallel(n_jobs=-1)]: Done  11 tasks      | elapsed: 15.7min
[Parallel(n_jobs=-1)]: Done  12 tasks      | elapsed: 15.9min
[Parallel(n_jobs=-1)]: Done  13 tasks      | elapsed: 15.9min
[Parallel(n_jobs=-1)]: Done  14 tasks      | elapsed: 16.3min
[Parallel(n_jobs=-1)]: Done  15 tasks      | elapsed: 16.5min
[Parallel(n_jobs=-1)]: Done  16 tasks      | elapsed: 16.6min
[Parallel(n_jobs=-1)]: Done  17 tasks      | elapsed: 16.6min
[Parallel(n_jobs=-1)]: Done  18 tasks      | elapsed: 16.7min
[Parallel(n_jobs=-1)]: Done  19 tasks      | elapsed: 16.9min
[Parallel(n_jobs=-1)]: Done  20 tasks      | elapsed: 17.2min
[Parallel(n_jobs=-1)]: Done  21 tasks      | elapsed: 17.7min
[Parallel(n_jobs=-1)]: Done  22 tasks      | elapsed: 18.2min
[Parallel(n_jobs=-1)]: Done  23 tasks      | elapsed: 19.2min
[Parallel(n_jobs=-1)]: Done  24 tasks      | elapsed: 21.8min
[Parallel(n_jobs=-1)]: Done  25 tasks      | elapsed: 25.5min
[Parallel(n_jobs=-1)]: Done  26 tasks      | elapsed: 26.0min
[Parallel(n_jobs=-1)]: Done  27 tasks      | elapsed: 26.4min
[Parallel(n_jobs=-1)]: Done  28 tasks      | elapsed: 27.3min
[Parallel(n_jobs=-1)]: Done  29 tasks      | elapsed: 27.4min
[Parallel(n_jobs=-1)]: Done  30 tasks      | elapsed: 27.6min
[Parallel(n_jobs=-1)]: Done  31 tasks      | elapsed: 28.2min
[Parallel(n_jobs=-1)]: Done  32 tasks      | elapsed: 28.5min
[Parallel(n_jobs=-1)]: Done  33 tasks      | elapsed: 28.7min
[Parallel(n_jobs=-1)]: Done  34 tasks      | elapsed: 28.7min
[Parallel(n_jobs=-1)]: Done  35 tasks      | elapsed: 28.8min
[Parallel(n_jobs=-1)]: Done  36 tasks      | elapsed: 28.8min
[Parallel(n_jobs=-1)]: Done  37 tasks      | elapsed: 29.5min
[Parallel(n_jobs=-1)]: Done  38 tasks      | elapsed: 29.6min
[Parallel(n_jobs=-1)]: Done  39 tasks      | elapsed: 29.8min
[Parallel(n_jobs=-1)]: Done  40 tasks      | elapsed: 29.9min
[Parallel(n_jobs=-1)]: Done  41 tasks      | elapsed: 30.5min
[Parallel(n_jobs=-1)]: Done  42 tasks      | elapsed: 30.5min
[Parallel(n_jobs=-1)]: Done  43 tasks      | elapsed: 30.6min
[Parallel(n_jobs=-1)]: Done  44 tasks      | elapsed: 31.8min
[Parallel(n_jobs=-1)]: Done  45 tasks      | elapsed: 32.2min
[Parallel(n_jobs=-1)]: Done  46 tasks      | elapsed: 33.6min
[Parallel(n_jobs=-1)]: Done  47 tasks      | elapsed: 34.2min
[Parallel(n_jobs=-1)]: Done  48 tasks      | elapsed: 34.5min
[Parallel(n_jobs=-1)]: Done  49 tasks      | elapsed: 34.8min
[Parallel(n_jobs=-1)]: Done  50 tasks      | elapsed: 35.5min
[Parallel(n_jobs=-1)]: Done  51 tasks      | elapsed: 35.5min
[Parallel(n_jobs=-1)]: Done  52 tasks      | elapsed: 35.7min
[Parallel(n_jobs=-1)]: Done  53 tasks      | elapsed: 35.9min
[Parallel(n_jobs=-1)]: Done  54 tasks      | elapsed: 35.9min
[Parallel(n_jobs=-1)]: Done  55 tasks      | elapsed: 35.9min
[Parallel(n_jobs=-1)]: Done  56 tasks      | elapsed: 35.9min
[Parallel(n_jobs=-1)]: Done  57 tasks      | elapsed: 36.4min
[Parallel(n_jobs=-1)]: Done  58 tasks      | elapsed: 36.6min
[Parallel(n_jobs=-1)]: Done  59 tasks      | elapsed: 36.8min
[Parallel(n_jobs=-1)]: Done  60 tasks      | elapsed: 36.8min
[Parallel(n_jobs=-1)]: Done  61 tasks      | elapsed: 36.9min
[Parallel(n_jobs=-1)]: Done  62 tasks      | elapsed: 37.3min
[Parallel(n_jobs=-1)]: Done  63 tasks      | elapsed: 37.4min
[Parallel(n_jobs=-1)]: Done  64 tasks      | elapsed: 38.7min
[Parallel(n_jobs=-1)]: Done  65 tasks      | elapsed: 39.0min
[Parallel(n_jobs=-1)]: Done  66 tasks      | elapsed: 40.2min
[Parallel(n_jobs=-1)]: Done  67 tasks      | elapsed: 40.7min
[Parallel(n_jobs=-1)]: Done  68 tasks      | elapsed: 41.1min
[Parallel(n_jobs=-1)]: Done  69 tasks      | elapsed: 41.5min
[Parallel(n_jobs=-1)]: Done  70 tasks      | elapsed: 42.2min
[Parallel(n_jobs=-1)]: Done  71 tasks      | elapsed: 42.3min
[Parallel(n_jobs=-1)]: Done  72 tasks      | elapsed: 42.5min
[Parallel(n_jobs=-1)]: Done  73 tasks      | elapsed: 42.5min
[Parallel(n_jobs=-1)]: Done  74 tasks      | elapsed: 42.7min
[Parallel(n_jobs=-1)]: Done  75 tasks      | elapsed: 42.7min
[Parallel(n_jobs=-1)]: Done  76 tasks      | elapsed: 42.8min
[Parallel(n_jobs=-1)]: Done  77 tasks      | elapsed: 42.8min
[Parallel(n_jobs=-1)]: Done  78 tasks      | elapsed: 43.0min
[Parallel(n_jobs=-1)]: Done  79 tasks      | elapsed: 43.5min
[Parallel(n_jobs=-1)]: Done  80 tasks      | elapsed: 43.9min
[Parallel(n_jobs=-1)]: Done  81 tasks      | elapsed: 44.0min
[Parallel(n_jobs=-1)]: Done  82 tasks      | elapsed: 44.4min
[Parallel(n_jobs=-1)]: Done  83 tasks      | elapsed: 44.5min
[Parallel(n_jobs=-1)]: Done  84 tasks      | elapsed: 45.8min
[Parallel(n_jobs=-1)]: Done  85 tasks      | elapsed: 46.1min
[Parallel(n_jobs=-1)]: Done  86 tasks      | elapsed: 47.5min
[Parallel(n_jobs=-1)]: Done  87 tasks      | elapsed: 48.5min
[Parallel(n_jobs=-1)]: Done  88 tasks      | elapsed: 48.6min
[Parallel(n_jobs=-1)]: Done  89 tasks      | elapsed: 48.7min
[Parallel(n_jobs=-1)]: Done  90 tasks      | elapsed: 48.9min
[Parallel(n_jobs=-1)]: Done  91 tasks      | elapsed: 49.0min
[Parallel(n_jobs=-1)]: Done  92 tasks      | elapsed: 49.9min
[Parallel(n_jobs=-1)]: Done  93 tasks      | elapsed: 49.9min
[Parallel(n_jobs=-1)]: Done  94 tasks      | elapsed: 49.9min
[Parallel(n_jobs=-1)]: Done  95 tasks      | elapsed: 50.0min
[Parallel(n_jobs=-1)]: Done  96 tasks      | elapsed: 50.0min
[Parallel(n_jobs=-1)]: Done  97 tasks      | elapsed: 50.2min
[Parallel(n_jobs=-1)]: Done  98 tasks      | elapsed: 50.7min
[Parallel(n_jobs=-1)]: Done  99 tasks      | elapsed: 50.9min
[Parallel(n_jobs=-1)]: Done 100 tasks      | elapsed: 51.3min
[Parallel(n_jobs=-1)]: Done 101 tasks      | elapsed: 51.5min
[Parallel(n_jobs=-1)]: Done 102 tasks      | elapsed: 51.9min
[Parallel(n_jobs=-1)]: Done 103 tasks      | elapsed: 52.2min
[Parallel(n_jobs=-1)]: Done 104 tasks      | elapsed: 53.0min
[Parallel(n_jobs=-1)]: Done 105 tasks      | elapsed: 53.6min
[Parallel(n_jobs=-1)]: Done 106 tasks      | elapsed: 54.8min
[Parallel(n_jobs=-1)]: Done 107 tasks      | elapsed: 54.9min
[Parallel(n_jobs=-1)]: Done 108 tasks      | elapsed: 55.0min
[Parallel(n_jobs=-1)]: Done 109 tasks      | elapsed: 56.1min
[Parallel(n_jobs=-1)]: Done 110 tasks      | elapsed: 56.6min
[Parallel(n_jobs=-1)]: Done 111 tasks      | elapsed: 56.8min
[Parallel(n_jobs=-1)]: Done 112 tasks      | elapsed: 57.4min
[Parallel(n_jobs=-1)]: Done 113 tasks      | elapsed: 57.5min
[Parallel(n_jobs=-1)]: Done 114 tasks      | elapsed: 57.6min
[Parallel(n_jobs=-1)]: Done 115 tasks      | elapsed: 57.7min
[Parallel(n_jobs=-1)]: Done 116 tasks      | elapsed: 57.8min
[Parallel(n_jobs=-1)]: Done 117 tasks      | elapsed: 57.8min
[Parallel(n_jobs=-1)]: Done 118 tasks      | elapsed: 58.2min
[Parallel(n_jobs=-1)]: Done 119 tasks      | elapsed: 58.4min
[Parallel(n_jobs=-1)]: Done 120 tasks      | elapsed: 58.9min
[Parallel(n_jobs=-1)]: Done 121 tasks      | elapsed: 58.9min
[Parallel(n_jobs=-1)]: Done 122 tasks      | elapsed: 59.3min
[Parallel(n_jobs=-1)]: Done 123 tasks      | elapsed: 59.3min
[Parallel(n_jobs=-1)]: Done 128 out of 162 | elapsed: 61.9min remaining: 16.5min
[Parallel(n_jobs=-1)]: Done 133 out of 162 | elapsed: 64.2min remaining: 14.0min
[Parallel(n_jobs=-1)]: Done 138 out of 162 | elapsed: 64.9min remaining: 11.3min
[Parallel(n_jobs=-1)]: Done 143 out of 162 | elapsed: 66.1min remaining:  8.8min
[Parallel(n_jobs=-1)]: Done 148 out of 162 | elapsed: 68.4min remaining:  6.5min
[Parallel(n_jobs=-1)]: Done 153 out of 162 | elapsed: 70.3min remaining:  4.1min
[Parallel(n_jobs=-1)]: Done 158 out of 162 | elapsed: 70.7min remaining:  1.8min
[Parallel(n_jobs=-1)]: Done 162 out of 162 | elapsed: 71.2min finished
/hpc/group/coganlab/bl314/miniconda3/envs/ieeg/lib/python3.10/site-packages/ieeg/io.py:267: RuntimeWarning: Converting data files to EDF format
  write_raw_bids(run, bids_path, allow_preload=True, format=format,
/hpc/group/coganlab/bl314/miniconda3/envs/ieeg/lib/python3.10/site-packages/ieeg/io.py:267: RuntimeWarning: EDF format requires equal-length data blocks, so 1 seconds of edge values were appended to all channels when writing the final block.
  write_raw_bids(run, bids_path, allow_preload=True, format=format,
/hpc/group/coganlab/bl314/miniconda3/envs/ieeg/lib/python3.10/site-packages/ieeg/io.py:267: RuntimeWarning: Converting data files to EDF format
  write_raw_bids(run, bids_path, allow_preload=True, format=format,
/hpc/group/coganlab/bl314/miniconda3/envs/ieeg/lib/python3.10/site-packages/ieeg/io.py:267: RuntimeWarning: EDF format requires equal-length data blocks, so 1 seconds of edge values were appended to all channels when writing the final block.
  write_raw_bids(run, bids_path, allow_preload=True, format=format,
/hpc/group/coganlab/bl314/miniconda3/envs/ieeg/lib/python3.10/site-packages/ieeg/io.py:267: RuntimeWarning: Converting data files to EDF format
  write_raw_bids(run, bids_path, allow_preload=True, format=format,
/hpc/group/coganlab/bl314/miniconda3/envs/ieeg/lib/python3.10/site-packages/ieeg/io.py:267: RuntimeWarning: EDF format requires equal-length data blocks, so 1 seconds of edge values were appended to all channels when writing the final block.
  write_raw_bids(run, bids_path, allow_preload=True, format=format,
/hpc/group/coganlab/bl314/miniconda3/envs/ieeg/lib/python3.10/site-packages/ieeg/io.py:267: RuntimeWarning: Converting data files to EDF format
  write_raw_bids(run, bids_path, allow_preload=True, format=format,
Traceback (most recent call last):
  File "/hpc/group/coganlab/bl314/codes/ieeg_tmp/lexicalrep_ln_outlier.py", line 71, in <module>
    update_tsv(subject, tsv_loc)
  File "/hpc/group/coganlab/bl314/codes/ieeg_tmp/lexicalrep_ln_outlier.py", line 16, in update_tsv
    files = [f for f in os.listdir(search_dir) if re.match(pattern, f)]
FileNotFoundError: [Errno 2] No such file or directory: '/hpc/home/bl314/workspace/BIDS-1.0_LexicalDecRepDelay/BIDS/derivatives/clean/sub-71/ieeg'
